2026-05-25 11:33:51, MOVE, v:1, k:fup@dindin, mode:PICK
2026-05-25 11:38:05, MOVE, v:1, k:fup@dindin, mode:EDIT
2026-05-25 11:43:25, MOVE, v:1, k:fup@dindin, mode:EDIT
2026-05-25 11:48:27, MOVE, v:1, k:fup@dindin, mode:EDIT
2026-05-25 11:53:26, EXEC, v:1, k:fup@dindin, mode:FULL, size:54, fail:COMP
2026-05-25 11:53:06, MOVE, v:1, k:fup@dindin, mode:EDIT
2026-05-25 11:53:36, EXEC, v:1, k:fup@dindin, mode:FULL, size:53, fail:COMP
2026-05-25 11:54:52, EXEC, v:1, k:fup@dindin, mode:FULL, size:53, fail:COMP
2026-05-25 11:55:20, EXEC, v:1, k:fup@dindin, mode:FULL, size:53, fail:COMP
2026-05-25 11:58:00, EXEC, v:1, k:fup@dindin, mode:FULL, size:53, fail:COMP
2026-05-25 11:58:11, MOVE, v:1, k:fup@dindin, mode:EDIT
2026-05-25 11:58:45, EXEC, v:1, k:fup@dindin, mode:FULL, size:53, fail:COMP
2026-05-25 12:02:41, EXEC, v:1, k:fup@dindin, mode:FULL, size:55, fail:COMP
2026-05-25 12:03:20, EXEC, v:1, k:fup@dindin, mode:FULL, size:55, fail:COMP
2026-05-25 12:03:18, MOVE, v:1, k:fup@dindin, mode:EDIT
2026-05-25 12:06:31, EXEC, v:1, k:fup@dindin, mode:FULL, size:59, fail:COMP
2026-05-25 12:07:44, EXEC, v:1, k:fup@dindin, mode:FULL, size:62, fail:COMP
2026-05-25 12:08:22, EXEC, v:1, k:fup@dindin, mode:FULL, size:61, fail:COMP
2026-05-25 12:08:19, MOVE, v:1, k:fup@dindin, mode:EDIT
2026-05-25 12:09:44, EXEC, v:1, k:fup@dindin, mode:FULL, size:56, fail:COMP
2026-05-25 12:09:54, EXEC, v:1, k:fup@dindin, mode:FULL, rate:0, size:57
2026-05-25 12:11:37, EXEC, v:1, k:fup@dindin, mode:FULL, size:57, fail:COMP
2026-05-25 12:11:46, EXEC, v:1, k:fup@dindin, mode:FULL, rate:0, size:56
2026-05-25 12:11:45, MOVE, v:1, k:fup@dindin, mode:EDIT
2026-05-25 12:11:45, MOVE, v:1, k:fup@dindin, mode:EDIT
2026-05-25 12:16:09, MOVE, v:1, k:fup@dindin, mode:BACK
2026-05-25 12:18:16, MOVE, v:1, k:fup@dindin, mode:PICK
2026-05-25 12:18:17, EXEC, v:1, k:fup@dindin, mode:FULL, size:56, fail:COMP
2026-05-25 12:18:28, MOVE, v:1, k:fup@dindin, mode:EDIT
2026-05-25 12:18:30, EXEC, v:1, k:fup@dindin, mode:FULL, rate:0, size:56
2026-05-25 12:19:02, EXEC, v:1, k:fup@dindin, mode:FULL, size:56, fail:COMP
2026-05-25 12:20:15, EXEC, v:1, k:fup@dindin, mode:FULL, rate:0, size:56
2026-05-25 12:22:49, EXEC, v:1, k:fup@dindin, mode:FULL, rate:12, size:56
2026-05-25 12:22:49, MOVE, v:1, k:fup@dindin, mode:EDIT
2026-05-25 12:22:48, MOVE, v:1, k:fup@dindin, mode:EDIT
2026-05-25 12:23:54, EXEC, v:1, k:fup@dindin, mode:FULL, rate:0, size:52
2026-05-25 12:24:22, EXEC, v:1, k:fup@dindin, mode:FULL, rate:0, size:52
2026-05-25 12:24:34, MOVE, v:1, k:fup@dindin, mode:PICK
2026-05-25 12:24:36, EXEC, v:1, k:fup@dindin, mode:FULL, rate:0, size:52
2026-05-25 12:25:19, EXEC, v:1, k:fup@dindin, mode:FULL, rate:0, size:52
2026-05-25 12:25:37, EXEC, v:1, k:fup@dindin, mode:FULL, rate:37, size:52
2026-05-25 12:26:25, EXEC, v:1, k:fup@dindin, mode:FULL, rate:37, size:52
2026-05-25 12:28:20, EXEC, v:1, k:fup@dindin, mode:FULL, rate:50, size:52
2026-05-25 12:28:20, MOVE, v:1, k:fup@dindin, mode:EDIT
2026-05-25 12:28:20, MOVE, v:1, k:fup@dindin, mode:EDIT
2026-05-25 12:33:29, EXEC, v:1, k:fup@dindin, mode:FULL, rate:0, size:52
2026-05-25 12:33:28, MOVE, v:1, k:fup@dindin, mode:EDIT
2026-05-25 12:33:29, MOVE, v:1, k:fup@dindin, mode:EDIT
2026-05-25 12:35:52, MOVE, v:1, k:fup@dindin, mode:PICK
2026-05-25 12:35:53, EXEC, v:1, k:fup@dindin, mode:FULL, rate:100, size:52
2026-05-25 12:35:59, MOVE, v:1, k:fup@dindin, mode:BACK
2026-05-25 12:36:04, SELF, v:1, k:fup@dindin, self:1, rate:100
2026-05-25 12:36:31, MOVE, v:1, k:fup@repetidos, mode:PICK
2026-05-25 12:36:32, EXEC, v:1, k:fup@repetidos, mode:FULL, rate:0, size:5
2026-05-25 12:37:26, MOVE, v:1, k:fup@repetidos, mode:BACK
2026-05-25 12:37:28, MOVE, v:1, k:fup@repetidos, mode:PICK
2026-05-25 12:35:53, MOVE, v:1, k:fup@dindin, mode:EDIT
2026-05-25 12:36:32, MOVE, v:1, k:fup@repetidos, mode:EDIT
2026-05-25 12:41:22, MOVE, v:1, k:fup@repetidos, mode:BACK
2026-05-25 12:41:24, MOVE, v:1, k:fup@repetidos, mode:PICK
2026-05-25 12:45:08, MOVE, v:1, k:fup@repetidos, mode:BACK
2026-05-25 12:45:25, MOVE, v:1, k:fup@repetidos, mode:PICK
2026-05-25 12:44:37, MOVE, v:1, k:fup@repetidos, mode:EDIT
2026-05-25 12:50:59, MOVE, v:1, k:fup@repetidos, mode:BACK
2026-05-25 16:41:51, MOVE, v:1, k:fup@repetidos, mode:PICK
2026-05-25 16:46:29, MOVE, v:1, k:fup@repetidos, mode:EDIT
2026-05-25 16:49:09, EXEC, v:1, k:fup@repetidos, mode:FULL, rate:0, size:20
2026-05-25 16:50:59, EXEC, v:1, k:fup@repetidos, mode:FULL, rate:0, size:20
2026-05-25 16:50:58, MOVE, v:1, k:fup@repetidos, mode:EDIT
2026-05-25 16:50:59, MOVE, v:1, k:fup@repetidos, mode:EDIT
2026-05-25 16:52:17, EXEC, v:1, k:fup@repetidos, mode:FULL, rate:0, size:20
2026-05-25 16:52:23, EXEC, v:1, k:fup@repetidos, mode:FULL, rate:100, size:20
2026-05-25 16:52:26, MOVE, v:1, k:fup@repetidos, mode:BACK
2026-05-25 16:52:31, SELF, v:1, k:fup@repetidos, self:1, rate:100
2026-05-25 16:52:34, MOVE, v:1, k:fup@batraquios, mode:DOWN
2026-05-25 16:52:35, MOVE, v:1, k:fup@batraquios, mode:PICK
2026-05-25 16:53:55, MOVE, v:1, k:fup@batraquios, mode:BACK
2026-05-25 16:55:16, MOVE, v:1, k:fup@batraquios, mode:PICK
2026-05-25 16:55:17, EXEC, v:1, k:fup@batraquios, mode:FULL, size:6, fail:COMP
2026-05-25 16:52:22, MOVE, v:1, k:fup@repetidos, mode:EDIT
2026-05-25 16:52:23, MOVE, v:1, k:fup@repetidos, mode:EDIT
2026-05-25 16:52:34, MOVE, v:1, k:fup@batraquios, mode:EDIT
2026-05-25 16:52:34, MOVE, v:1, k:fup@batraquios, mode:EDIT
2026-05-25 16:55:38, MOVE, v:1, k:fup@batraquios, mode:EDIT
2026-05-25 17:01:29, MOVE, v:1, k:fup@batraquios, mode:EDIT
2026-05-25 17:02:53, MOVE, v:1, k:fup@batraquios, mode:BACK
2026-05-25 17:05:22, MOVE, v:1, k:fup@pares, mode:PICK
2026-05-25 17:05:28, MOVE, v:1, k:fup@pares, mode:BACK
2026-05-25 17:08:59, MOVE, v:1, k:fup@batraquios, mode:EDIT
2026-05-25 17:13:34, MOVE, v:1, k:fup@batraquios, mode:PICK
2026-05-25 17:13:36, EXEC, v:1, k:fup@batraquios, mode:FULL, rate:0, size:20
2026-05-25 17:14:16, EXEC, v:1, k:fup@batraquios, mode:FULL, rate:0, size:20
2026-05-25 17:14:10, MOVE, v:1, k:fup@batraquios, mode:EDIT
2026-05-25 17:14:16, MOVE, v:1, k:fup@batraquios, mode:EDIT
2026-05-25 17:16:33, MOVE, v:1, k:fup@batraquios, mode:BACK
2026-05-25 17:19:53, MOVE, v:1, k:fup@batraquios, mode:PICK
2026-05-25 17:20:00, EXEC, v:1, k:fup@batraquios, mode:FULL, rate:0
2026-05-25 17:20:00, MOVE, v:1, k:fup@batraquios, mode:EDIT
2026-05-25 17:23:39, EXEC, v:1, k:fup@batraquios, mode:FULL, rate:0, size:21
2026-05-25 17:25:17, EXEC, v:1, k:fup@batraquios, mode:FULL, rate:0, size:24
2026-05-25 17:25:16, MOVE, v:1, k:fup@batraquios, mode:EDIT
2026-05-25 17:25:17, MOVE, v:1, k:fup@batraquios, mode:EDIT
2026-05-25 17:25:44, EXEC, v:1, k:fup@batraquios, mode:FULL, rate:0, size:24
2026-05-25 17:25:45, EXEC, v:1, k:fup@batraquios, mode:FULL, rate:0
2026-05-25 17:26:09, EXEC, v:1, k:fup@batraquios, mode:FULL, rate:0, size:24
2026-05-25 17:26:08, MOVE, v:1, k:fup@batraquios, mode:EDIT
2026-05-25 17:26:09, MOVE, v:1, k:fup@batraquios, mode:EDIT
2026-05-25 17:31:33, MOVE, v:1, k:fup@batraquios, mode:PICK
2026-05-25 17:31:34, EXEC, v:1, k:fup@batraquios, mode:FULL, size:24, fail:COMP
2026-05-25 17:32:06, EXEC, v:1, k:fup@batraquios, mode:FULL, size:24, fail:COMP
2026-05-25 17:32:25, MOVE, v:1, k:fup@batraquios, mode:BACK
2026-05-25 17:32:30, MOVE, v:1, k:fup@botas, mode:DOWN
2026-05-25 17:32:31, MOVE, v:1, k:fup@botas, mode:PICK
2026-05-25 17:32:32, EXEC, v:1, k:fup@botas, mode:FULL, rate:0, size:5
2026-05-25 17:31:55, MOVE, v:1, k:fup@batraquios, mode:EDIT
2026-05-25 17:32:30, MOVE, v:1, k:fup@botas, mode:EDIT
2026-05-25 17:32:30, MOVE, v:1, k:fup@botas, mode:EDIT
2026-05-25 17:36:25, MOVE, v:1, k:fup@botas, mode:EDIT
2026-05-25 17:32:32, MOVE, v:1, k:fup@botas, mode:EDIT
2026-05-25 17:39:46, MOVE, v:1, k:fup@botas, mode:EDIT
2026-05-25 17:45:47, MOVE, v:1, k:fup@botas, mode:EDIT
2026-05-25 17:51:31, MOVE, v:1, k:fup@botas, mode:EDIT
2026-05-25 17:52:20, EXEC, v:1, k:fup@botas, mode:FULL, size:22, fail:COMP
2026-05-25 17:53:07, EXEC, v:1, k:fup@botas, mode:FULL, rate:0, size:23
2026-05-25 17:54:36, EXEC, v:1, k:fup@botas, mode:FULL, rate:0, size:28
2026-05-25 17:55:24, EXEC, v:1, k:fup@botas, mode:FULL, rate:0, size:28
2026-05-25 17:55:54, EXEC, v:1, k:fup@botas, mode:FULL, rate:0, size:28
2026-05-25 17:55:53, MOVE, v:1, k:fup@botas, mode:EDIT
2026-05-25 17:55:53, MOVE, v:1, k:fup@botas, mode:EDIT
2026-05-25 17:57:18, EXEC, v:1, k:fup@botas, mode:FULL, rate:0, size:28
2026-05-25 17:57:17, MOVE, v:1, k:fup@botas, mode:EDIT
2026-05-25 17:57:18, MOVE, v:1, k:fup@botas, mode:EDIT
2026-05-25 18:03:36, MOVE, v:1, k:fup@botas, mode:BACK
2026-05-25 18:04:15, MOVE, v:1, k:fup@poco, mode:DOWN
2026-05-25 18:04:29, MOVE, v:1, k:fup@impedido, mode:PICK
2026-05-25 18:05:43, MOVE, v:1, k:fup@impedido, mode:BACK
2026-05-25 18:04:15, MOVE, v:1, k:fup@poco, mode:EDIT
2026-05-25 18:04:15, MOVE, v:1, k:fup@poco, mode:EDIT
2026-05-25 18:04:15, MOVE, v:1, k:fup@poco, mode:EDIT
2026-05-25 18:05:11, MOVE, v:1, k:fup@impedido, mode:EDIT
2026-05-25 18:07:29, MOVE, v:1, k:fup@batraquios, mode:PICK
2026-05-25 18:09:58, EXEC, v:1, k:fup@batraquios, mode:FULL, size:26, fail:COMP
2026-05-25 18:10:31, EXEC, v:1, k:fup@batraquios, mode:FULL, size:26, fail:COMP
2026-05-25 18:10:48, EXEC, v:1, k:fup@batraquios, mode:FULL, rate:0, size:26
2026-05-25 18:10:47, MOVE, v:1, k:fup@batraquios, mode:EDIT
2026-05-25 18:10:48, MOVE, v:1, k:fup@batraquios, mode:EDIT
2026-05-25 18:12:06, EXEC, v:1, k:fup@batraquios, mode:FULL, rate:0, size:26
2026-05-25 18:13:01, EXEC, v:1, k:fup@batraquios, mode:FULL, rate:14, size:26
2026-05-25 18:16:23, MOVE, v:1, k:fup@batraquios, mode:EDIT
2026-05-25 18:13:01, MOVE, v:1, k:fup@batraquios, mode:EDIT
2026-05-25 18:18:08, EXEC, v:1, k:fup@batraquios, mode:FULL, rate:0, size:27
2026-05-25 18:18:16, EXEC, v:1, k:fup@batraquios, mode:FULL, rate:0, size:27
2026-05-25 18:18:29, EXEC, v:1, k:fup@batraquios, mode:FULL, size:26, fail:COMP
2026-05-25 18:18:36, EXEC, v:1, k:fup@batraquios, mode:FULL, rate:0, size:26
2026-05-25 18:19:52, EXEC, v:1, k:fup@batraquios, mode:FULL, rate:57, size:32
2026-05-25 18:20:48, EXEC, v:1, k:fup@batraquios, mode:FULL, rate:57, size:33
2026-05-25 18:20:47, MOVE, v:1, k:fup@batraquios, mode:EDIT
2026-05-25 18:20:48, MOVE, v:1, k:fup@batraquios, mode:EDIT
2026-05-25 18:22:13, EXEC, v:1, k:fup@batraquios, mode:FULL, rate:14, size:34
2026-05-25 18:22:18, EXEC, v:1, k:fup@batraquios, mode:FREE
2026-05-25 18:25:35, EXEC, v:1, k:fup@batraquios, mode:FULL, rate:71, size:33
2026-05-25 18:26:33, MOVE, v:1, k:fup@batraquios, mode:EDIT
2026-05-25 18:25:35, MOVE, v:1, k:fup@batraquios, mode:EDIT
2026-05-25 18:27:13, EXEC, v:1, k:fup@batraquios, mode:FULL, rate:0, size:31
2026-05-25 18:28:37, MOVE, v:1, k:fup@batraquios, mode:BACK
