2026-06-16 12:12:54, MOVE, v:1, k:fup@pmg, mode:EDIT
2026-06-16 12:17:54, MOVE, v:1, k:fup@pmg, mode:EDIT
2026-06-16 12:22:41, MOVE, v:1, k:fup@pmg, mode:EDIT
2026-06-16 12:25:27, MOVE, v:1, k:fup@pmg, mode:PICK
2026-06-16 12:25:28, EXEC, v:1, k:fup@pmg, mode:FULL, size:31, fail:COMP
2026-06-16 12:27:31, MOVE, v:1, k:fup@pmg, mode:EDIT
2026-06-16 12:31:03, EXEC, v:1, k:fup@pmg, mode:FULL, size:36, fail:COMP
2026-06-16 12:32:54, MOVE, v:1, k:fup@pmg, mode:EDIT
2026-06-16 12:33:27, EXEC, v:1, k:fup@pmg, mode:FULL, rate:0, size:37
2026-06-16 12:34:30, EXEC, v:1, k:fup@pmg, mode:FULL, rate:0, size:38
2026-06-16 12:34:55, EXEC, v:1, k:fup@pmg, mode:FULL, rate:0, size:38
2026-06-16 12:35:23, EXEC, v:1, k:fup@pmg, mode:FULL, size:38, fail:COMP
2026-06-16 12:35:31, EXEC, v:1, k:fup@pmg, mode:FULL, rate:0, size:38
2026-06-16 12:36:00, EXEC, v:1, k:fup@pmg, mode:FULL, rate:0, size:38
2026-06-16 12:36:23, EXEC, v:1, k:fup@pmg, mode:FULL, rate:0, size:38
2026-06-16 12:37:00, EXEC, v:1, k:fup@pmg, mode:FULL, size:38, fail:COMP
2026-06-16 12:36:59, MOVE, v:1, k:fup@pmg, mode:EDIT
2026-06-16 12:36:23, MOVE, v:1, k:fup@pmg, mode:EDIT
2026-06-16 12:38:14, EXEC, v:1, k:fup@pmg, mode:FULL, fail:COMP
2026-06-16 12:38:34, MOVE, v:1, k:fup@pmg, mode:BACK
2026-06-16 12:41:52, MOVE, v:1, k:fup@tazos, mode:PICK
2026-06-16 12:40:56, MOVE, v:1, k:fup@pmg, mode:EDIT
2026-06-16 13:06:12, MOVE, v:1, k:fup@tazos, mode:EDIT
2026-06-16 13:08:13, MOVE, v:1, k:fup@tazos, mode:BACK
2026-06-16 13:08:33, MOVE, v:1, k:fup@linha, mode:DOWN
2026-06-16 13:08:35, MOVE, v:1, k:fup@linha, mode:PICK
2026-06-16 13:08:33, MOVE, v:1, k:fup@linha, mode:EDIT
2026-06-16 13:08:33, MOVE, v:1, k:fup@linha, mode:EDIT
2026-06-16 13:08:33, MOVE, v:1, k:fup@linha, mode:EDIT
2026-06-16 16:49:17, MOVE, v:1, k:fup@pmg, mode:PICK
2026-06-16 16:49:21, EXEC, v:1, k:fup@pmg, mode:FULL, size:27, fail:COMP
2026-06-16 16:51:12, MOVE, v:1, k:fup@pmg, mode:EDIT
2026-06-16 16:59:12, MOVE, v:1, k:fup@pmg, mode:EDIT
2026-06-16 16:59:57, EXEC, v:1, k:fup@pmg, mode:FULL, size:34, fail:COMP
2026-06-16 17:02:08, EXEC, v:1, k:fup@pmg, mode:FULL, size:36, fail:COMP
2026-06-16 17:03:39, MOVE, v:1, k:fup@pmg, mode:BACK
2026-06-16 17:03:57, MOVE, v:1, k:fup@linha, mode:PICK
2026-06-16 17:02:56, MOVE, v:1, k:fup@pmg, mode:EDIT
2026-06-16 17:07:00, MOVE, v:1, k:fup@linha, mode:BACK
2026-06-16 17:08:15, MOVE, v:1, k:fup@vcvcvc, mode:DOWN
2026-06-16 17:08:17, MOVE, v:1, k:fup@vcvcvc, mode:PICK
2026-06-16 17:08:15, MOVE, v:1, k:fup@vcvcvc, mode:EDIT
2026-06-16 17:08:15, MOVE, v:1, k:fup@vcvcvc, mode:EDIT
2026-06-16 17:09:18, MOVE, v:1, k:fup@vcvcvc, mode:BACK
2026-06-16 17:09:19, MOVE, v:1, k:fup@vcvcvc, mode:PICK
2026-06-16 17:09:19, MOVE, v:1, k:fup@vcvcvc, mode:BACK
2026-06-16 17:10:09, MOVE, v:1, k:fup@traficantes, mode:DOWN
2026-06-16 17:10:32, MOVE, v:1, k:fup@leds, mode:PICK
2026-06-16 17:10:46, MOVE, v:1, k:fup@leds, mode:BACK
2026-06-16 17:13:15, MOVE, v:1, k:fup@amora, mode:DOWN
2026-06-16 17:13:16, MOVE, v:1, k:fup@amora, mode:PICK
2026-06-16 17:16:57, EXEC, v:1, k:fup@amora, mode:FREE, size:6
2026-06-16 17:17:05, MOVE, v:1, k:fup@amora, mode:BACK
2026-06-16 17:17:16, MOVE, v:1, k:fup@medico, mode:DOWN
2026-06-16 17:17:17, MOVE, v:1, k:fup@medico, mode:PICK
2026-06-16 17:13:15, MOVE, v:1, k:fup@amora, mode:EDIT
2026-06-16 17:13:15, MOVE, v:1, k:fup@amora, mode:EDIT
2026-06-16 17:14:50, MOVE, v:1, k:fup@amora, mode:EDIT
2026-06-16 17:16:59, MOVE, v:1, k:fup@amora, mode:EDIT
2026-06-16 17:17:16, MOVE, v:1, k:fup@medico, mode:EDIT
2026-06-16 17:17:16, MOVE, v:1, k:fup@medico, mode:EDIT
2026-06-16 17:17:28, MOVE, v:1, k:fup@medico, mode:EDIT
2026-06-16 17:22:25, MOVE, v:1, k:fup@medico, mode:EDIT
2026-06-16 17:27:27, MOVE, v:1, k:fup@medico, mode:EDIT
2026-06-16 17:28:52, EXEC, v:1, k:fup@medico, mode:FULL, rate:0, size:24
2026-06-16 17:29:05, MOVE, v:1, k:fup@medico, mode:BACK
2026-06-16 17:29:08, MOVE, v:1, k:fup@medico, mode:PICK
2026-06-16 17:29:09, EXEC, v:1, k:fup@medico, mode:FULL, rate:0
2026-06-16 17:29:18, EXEC, v:1, k:fup@medico, mode:FULL, rate:40, size:24
2026-06-16 17:29:26, EXEC, v:1, k:fup@medico, mode:FULL, rate:40, size:24
2026-06-16 17:29:52, EXEC, v:1, k:fup@medico, mode:FULL, rate:40, size:24
2026-06-16 17:31:17, EXEC, v:1, k:fup@medico, mode:FULL, rate:40, size:24
2026-06-16 17:32:26, EXEC, v:1, k:fup@medico, mode:FULL, rate:40
2026-06-16 17:31:06, MOVE, v:1, k:fup@medico, mode:EDIT
2026-06-16 17:32:25, MOVE, v:1, k:fup@medico, mode:EDIT
2026-06-16 17:35:03, EXEC, v:1, k:fup@medico, mode:FULL, rate:0, size:24
2026-06-16 17:35:21, EXEC, v:1, k:fup@medico, mode:FULL, rate:40, size:24
2026-06-16 17:35:20, MOVE, v:1, k:fup@medico, mode:EDIT
2026-06-16 17:35:21, MOVE, v:1, k:fup@medico, mode:EDIT
2026-06-16 17:38:26, EXEC, v:1, k:fup@medico, mode:FULL, rate:0, size:24
2026-06-16 17:39:03, EXEC, v:1, k:fup@medico, mode:FULL, rate:40, size:24
2026-06-16 17:41:59, EXEC, v:1, k:fup@medico, mode:FULL, rate:40
2026-06-16 17:39:01, MOVE, v:1, k:fup@medico, mode:EDIT
2026-06-16 17:41:59, MOVE, v:1, k:fup@medico, mode:EDIT
2026-06-16 17:45:24, EXEC, v:1, k:fup@medico, mode:FULL, rate:20, size:25
2026-06-16 17:45:46, EXEC, v:1, k:fup@medico, mode:FULL, rate:20, size:24
2026-06-16 17:46:35, EXEC, v:1, k:fup@medico, mode:FULL, rate:40, size:24
2026-06-16 17:47:12, MOVE, v:1, k:fup@medico, mode:BACK
2026-06-16 17:48:25, MOVE, v:1, k:fup@medico, mode:PICK
2026-06-16 17:48:27, EXEC, v:1, k:fup@medico, mode:FULL, rate:40
2026-06-16 17:51:05, EXEC, v:1, k:fup@medico, mode:FULL, rate:40
2026-06-16 17:51:04, MOVE, v:1, k:fup@medico, mode:EDIT
2026-06-16 17:51:23, MOVE, v:1, k:fup@medico, mode:EDIT
2026-06-16 17:55:44, MOVE, v:1, k:fup@medico, mode:BACK
2026-06-16 17:57:07, MOVE, v:1, k:fup@medico, mode:PICK
2026-06-16 17:57:15, EXEC, v:1, k:fup@medico, mode:FULL, rate:40
2026-06-16 17:57:15, MOVE, v:1, k:fup@medico, mode:EDIT
2026-06-16 17:58:10, MOVE, v:1, k:fup@medico, mode:EDIT
2026-06-16 18:09:17, MOVE, v:1, k:fup@medico, mode:BACK
2026-06-16 22:23:59, MOVE, v:1, k:fup@medico, mode:PICK
2026-06-16 22:24:02, EXEC, v:1, k:fup@medico, mode:FULL, rate:40
2026-06-16 22:24:02, MOVE, v:1, k:fup@medico, mode:EDIT
2026-06-16 22:24:51, MOVE, v:1, k:fup@medico, mode:BACK
2026-06-16 22:24:59, MOVE, v:1, k:fup@exemplares, mode:PICK
2026-06-16 22:26:10, EXEC, v:1, k:fup@exemplares, mode:FULL, size:20, fail:COMP
2026-06-16 22:26:40, EXEC, v:1, k:fup@exemplares, mode:FULL, size:20, fail:COMP
2026-06-16 22:26:45, EXEC, v:1, k:fup@exemplares, mode:FULL, rate:0, size:21
2026-06-16 22:28:57, EXEC, v:1, k:fup@exemplares, mode:FULL, rate:0, size:23
2026-06-16 22:28:57, MOVE, v:1, k:fup@exemplares, mode:EDIT
2026-06-16 22:28:57, MOVE, v:1, k:fup@exemplares, mode:EDIT
2026-06-16 22:30:35, MOVE, v:1, k:fup@exemplares, mode:EDIT
2026-06-16 22:39:03, MOVE, v:1, k:fup@exemplares, mode:EDIT
2026-06-16 22:39:21, EXEC, v:1, k:fup@exemplares, mode:FULL, rate:0, size:23
2026-06-16 22:40:37, EXEC, v:1, k:fup@exemplares, mode:FULL, rate:0, size:23
2026-06-16 22:41:20, EXEC, v:1, k:fup@exemplares, mode:FULL, rate:0, size:24
2026-06-16 22:41:40, MOVE, v:1, k:fup@exemplares, mode:EDIT
2026-06-16 22:41:20, MOVE, v:1, k:fup@exemplares, mode:EDIT
2026-06-16 22:44:29, EXEC, v:1, k:fup@exemplares, mode:FULL, rate:0, size:24
2026-06-16 22:44:32, MOVE, v:1, k:fup@exemplares, mode:BACK
2026-06-16 22:44:36, MOVE, v:1, k:fup@medico, mode:PICK
2026-06-16 22:44:38, EXEC, v:1, k:fup@medico, mode:FULL, rate:0, size:24
2026-06-16 22:46:22, EXEC, v:1, k:fup@medico, mode:FULL, rate:0, size:26
2026-06-16 22:47:49, EXEC, v:1, k:fup@medico, mode:FULL, rate:20, size:28
2026-06-16 22:47:48, MOVE, v:1, k:fup@medico, mode:EDIT
2026-06-16 22:44:29, MOVE, v:1, k:fup@exemplares, mode:EDIT
2026-06-16 22:47:49, MOVE, v:1, k:fup@medico, mode:EDIT
2026-06-16 22:51:24, MOVE, v:1, k:fup@medico, mode:PICK
2026-06-16 22:51:25, EXEC, v:1, k:fup@medico, mode:FULL, rate:40, size:24
2026-06-16 22:51:25, MOVE, v:1, k:fup@medico, mode:EDIT
