2026-04-08 13:43:12, MOVE, v:1, k:fup@bhaskara, mode:PICK
2026-04-08 13:43:43, EXEC, v:1, k:fup@bhaskara, mode:FULL, size:27, fail:COMP
2026-04-08 13:44:51, EXEC, v:1, k:fup@bhaskara, mode:FULL, rate:85, size:26
2026-04-08 13:46:31, EXEC, v:1, k:fup@bhaskara, mode:FULL, rate:85, size:26
2026-04-08 13:47:35, EXEC, v:1, k:fup@bhaskara, mode:FULL, rate:100, size:26
2026-04-08 13:48:34, MOVE, v:1, k:fup@bhaskara, mode:BACK
2026-04-08 13:48:51, SELF, v:1, k:fup@bhaskara, self:1, rate:100, friend:David
2026-04-08 13:48:52, MOVE, v:1, k:fup@bhaskara, mode:PICK
2026-04-08 13:48:52, EXEC, v:1, k:fup@bhaskara, mode:FULL, rate:100
2026-04-08 13:48:53, MOVE, v:1, k:fup@bhaskara, mode:BACK
2026-04-08 13:48:57, MOVE, v:1, k:fup@cortada, mode:DOWN
2026-04-08 13:50:06, MOVE, v:1, k:fup@bhaskara, mode:PICK
2026-04-08 13:50:08, EXEC, v:1, k:fup@bhaskara, mode:FULL, rate:100
2026-04-08 13:51:18, MOVE, v:1, k:fup@bhaskara, mode:BACK
2026-04-08 13:51:20, MOVE, v:1, k:fup@cortada, mode:PICK
2026-04-08 14:02:38, EXEC, v:1, k:fup@cortada, mode:FULL, rate:0, size:10
2026-04-08 14:03:41, EXEC, v:1, k:fup@cortada, mode:FULL, rate:39, size:12
2026-04-08 14:03:43, EXEC, v:1, k:fup@cortada, mode:FULL, rate:39
2026-04-08 14:06:41, EXEC, v:1, k:fup@cortada, mode:FULL, rate:21, size:14
2026-04-08 14:07:51, EXEC, v:1, k:fup@cortada, mode:FULL, rate:24, size:14
2026-04-08 14:07:52, EXEC, v:1, k:fup@cortada, mode:FULL, rate:24
2026-04-08 14:08:01, EXEC, v:1, k:fup@cortada, mode:FULL, size:14, fail:COMP
2026-04-08 14:08:09, EXEC, v:1, k:fup@cortada, mode:FULL, rate:24, size:14
2026-04-08 14:08:24, EXEC, v:1, k:fup@cortada, mode:FULL, rate:24, size:14
2026-04-08 14:15:56, EXEC, v:1, k:fup@cortada, mode:FULL, rate:24
2026-04-08 14:22:59, EXEC, v:1, k:fup@cortada, mode:FULL, rate:84, size:17
2026-04-08 14:25:45, EXEC, v:1, k:fup@cortada, mode:FULL, rate:84, size:17
2026-04-08 14:27:52, EXEC, v:1, k:fup@cortada, mode:FULL, rate:84, size:16
2026-04-08 14:28:11, EXEC, v:1, k:fup@cortada, mode:FULL, rate:84, size:16
2026-04-08 14:30:28, EXEC, v:1, k:fup@cortada, mode:FULL, rate:84, size:16
2026-04-08 14:32:28, EXEC, v:1, k:fup@cortada, mode:FULL, rate:100, size:16
2026-04-08 14:33:08, SELF, v:1, k:fup@cortada, self:1, rate:100, friend:Emily
2026-04-08 14:33:09, MOVE, v:1, k:fup@cortada, mode:BACK
2026-04-08 14:33:22, MOVE, v:1, k:fup@monica, mode:DOWN
2026-04-08 14:35:42, MOVE, v:1, k:fup@monica, mode:PICK
2026-04-08 14:35:51, MOVE, v:1, k:fup@monica, mode:BACK
2026-04-08 14:38:07, MOVE, v:1, k:fup@round, mode:PICK
2026-04-08 14:38:10, MOVE, v:1, k:fup@round, mode:BACK
2026-04-08 14:38:12, MOVE, v:1, k:fup@round, mode:PICK
2026-04-08 14:38:18, EXEC, v:1, k:fup@round, mode:FULL, size:7, fail:COMP
2026-04-08 14:38:29, MOVE, v:1, k:fup@round, mode:BACK
2026-04-08 14:40:10, MOVE, v:1, k:fup@round, mode:PICK
2026-04-08 14:40:12, EXEC, v:1, k:fup@round, mode:FULL, fail:COMP
2026-04-08 14:46:47, MOVE, v:1, k:fup@round, mode:BACK
2026-04-08 14:46:55, MOVE, v:1, k:fup@monica, mode:PICK
2026-04-08 14:47:31, MOVE, v:1, k:fup@monica, mode:BACK
