2026-03-24 16:41:59, MOVE, v:1, k:fup@segundos, mode:PICK
2026-03-24 16:42:08, EXEC, v:1, k:fup@segundos, mode:FULL, size:11, fail:COMP
2026-03-24 16:42:27, EXEC, v:1, k:fup@segundos, mode:FULL, size:11, fail:COMP
2026-03-24 16:49:24, EXEC, v:1, k:fup@segundos, mode:FULL, rate:0, size:12
2026-03-24 16:51:00, EXEC, v:1, k:fup@segundos, mode:FULL, rate:0, size:12
2026-03-24 16:52:06, EXEC, v:1, k:fup@segundos, mode:FULL, rate:0, size:12
2026-03-24 16:52:18, EXEC, v:1, k:fup@segundos, mode:FULL, rate:0, size:12
2026-03-24 16:52:27, EXEC, v:1, k:fup@segundos, mode:FULL, rate:0, size:12
2026-03-24 16:53:30, EXEC, v:1, k:fup@segundos, mode:FULL, rate:0, size:12
2026-03-24 16:53:42, EXEC, v:1, k:fup@segundos, mode:FULL, rate:0, size:12
2026-03-24 16:53:58, EXEC, v:1, k:fup@segundos, mode:FULL, rate:0, size:12
2026-03-24 16:54:51, EXEC, v:1, k:fup@segundos, mode:FULL, rate:66, size:12
2026-03-24 16:55:33, EXEC, v:1, k:fup@segundos, mode:FULL, rate:100, size:12
2026-03-24 16:55:35, EXEC, v:1, k:fup@segundos, mode:FULL, rate:100
2026-03-24 16:59:00, MOVE, v:1, k:fup@segundos, mode:BACK
2026-03-24 16:59:50, SELF, v:1, k:fup@segundos, self:1, rate:100, friend:Hanna, guided:1, refactor:1
2026-03-24 16:59:54, MOVE, v:1, k:fup@celsius, mode:DOWN
2026-03-24 17:00:04, MOVE, v:1, k:fup@celsius, mode:PICK
2026-03-24 17:00:06, EXEC, v:1, k:fup@celsius, mode:FULL, rate:0, size:5
2026-03-24 17:19:05, EXEC, v:1, k:fup@celsius, mode:FULL, size:8, fail:COMP
2026-03-24 17:19:37, EXEC, v:1, k:fup@celsius, mode:FULL, size:8, fail:COMP
2026-03-24 17:20:03, EXEC, v:1, k:fup@celsius, mode:FULL, rate:0, size:8
2026-03-24 17:20:57, EXEC, v:1, k:fup@celsius, mode:FULL, rate:100, size:8
2026-03-24 17:21:04, EXEC, v:1, k:fup@celsius, mode:FULL, rate:100
2026-03-24 17:22:33, MOVE, v:1, k:fup@celsius, mode:BACK
2026-03-24 17:23:00, SELF, v:1, k:fup@celsius, self:1, rate:100, friend:hanna
2026-03-24 17:23:08, MOVE, v:1, k:fup@pintando, mode:DOWN
2026-03-24 17:27:26, MOVE, v:1, k:fup@sobrou, mode:PICK
2026-03-24 17:27:30, EXEC, v:1, k:fup@sobrou, mode:FULL, rate:100
2026-03-24 17:27:31, EXEC, v:1, k:fup@sobrou, mode:FULL, rate:100
2026-03-24 17:27:34, MOVE, v:1, k:fup@sobrou, mode:BACK
