2026-06-22 13:41:40, MOVE, v:1, k:fup@pmg, mode:PICK
2026-06-22 13:41:43, EXEC, v:1, k:fup@pmg, mode:FULL, fail:COMP
2026-06-22 13:41:53, EXEC, v:1, k:fup@pmg, mode:FULL, fail:COMP
2026-06-22 13:42:55, EXEC, v:1, k:fup@pmg, mode:FULL, rate:0, size:40
2026-06-22 13:45:36, MOVE, v:1, k:fup@pmg, mode:BACK
2026-06-22 13:45:56, MOVE, v:1, k:fup@pmg, mode:PICK
2026-06-22 13:46:04, EXEC, v:1, k:fup@pmg, mode:FULL, size:30, fail:COMP
2026-06-22 13:46:15, EXEC, v:1, k:fup@pmg, mode:FULL, rate:0, size:37
2026-06-22 13:50:02, MOVE, v:1, k:fup@pmg, mode:EDIT
2026-06-22 13:46:15, MOVE, v:1, k:fup@pmg, mode:EDIT
2026-06-22 13:51:19, EXEC, v:1, k:fup@pmg, mode:FULL, rate:16, size:41
2026-06-22 13:52:34, EXEC, v:1, k:fup@pmg, mode:FULL, rate:100, size:48
2026-06-22 13:52:38, MOVE, v:1, k:fup@pmg, mode:BACK
2026-06-22 13:52:45, MOVE, v:1, k:fup@piao, mode:PICK
2026-06-22 13:52:33, MOVE, v:1, k:fup@pmg, mode:EDIT
2026-06-22 13:52:33, MOVE, v:1, k:fup@pmg, mode:EDIT
2026-06-22 14:00:40, MOVE, v:1, k:fup@piao, mode:EDIT
2026-06-22 18:32:53, MOVE, v:1, k:fup@piao, mode:PICK
2026-06-22 18:32:54, EXEC, v:1, k:fup@piao, mode:FULL, size:19, fail:COMP
2026-06-22 18:34:12, MOVE, v:1, k:fup@piao, mode:EDIT
2026-06-22 18:35:19, MOVE, v:1, k:fup@piao, mode:BACK
2026-06-22 18:35:48, MOVE, v:1, k:fup@vacina, mode:DOWN
2026-06-22 18:35:49, MOVE, v:1, k:fup@vacina, mode:PICK
2026-06-22 18:34:31, MOVE, v:1, k:fup@piao, mode:EDIT
2026-06-22 18:35:48, MOVE, v:1, k:fup@vacina, mode:EDIT
2026-06-22 18:35:48, MOVE, v:1, k:fup@vacina, mode:EDIT
2026-06-22 18:39:02, MOVE, v:1, k:fup@vacina, mode:EDIT
2026-06-22 18:40:49, MOVE, v:1, k:fup@vacina, mode:BACK
2026-06-22 18:42:07, MOVE, v:1, k:fup@pedra_struct, mode:DOWN
2026-06-22 18:42:08, MOVE, v:1, k:fup@pedra_struct, mode:PICK
2026-06-22 18:42:07, MOVE, v:1, k:fup@pedra_struct, mode:EDIT
2026-06-22 18:42:07, MOVE, v:1, k:fup@pedra_struct, mode:EDIT
2026-06-22 18:43:56, MOVE, v:1, k:fup@pedra_struct, mode:EDIT
2026-06-22 18:49:11, MOVE, v:1, k:fup@pedra_struct, mode:EDIT
2026-06-22 18:53:02, MOVE, v:1, k:fup@pedra_struct, mode:EDIT
2026-06-22 18:59:04, MOVE, v:1, k:fup@pedra_struct, mode:EDIT
2026-06-22 19:05:40, EXEC, v:1, k:fup@pedra_struct, mode:FULL, rate:100, size:52
2026-06-22 19:08:53, MOVE, v:1, k:fup@pedra_struct, mode:EDIT
2026-06-22 19:05:40, MOVE, v:1, k:fup@pedra_struct, mode:EDIT
2026-06-22 19:10:38, EXEC, v:1, k:fup@pedra_struct, mode:FULL, rate:100, size:52
2026-06-22 19:10:41, MOVE, v:1, k:fup@pedra_struct, mode:BACK
2026-06-22 19:14:04, MOVE, v:1, k:fup@alcaparras, mode:DOWN
2026-06-22 19:14:07, MOVE, v:1, k:fup@alcaparras, mode:PICK
2026-06-22 19:14:49, MOVE, v:1, k:fup@alcaparras, mode:PICK
2026-06-22 19:19:32, MOVE, v:1, k:fup@alcaparras, mode:EDIT
2026-06-22 19:23:54, EXEC, v:1, k:fup@alcaparras, mode:FULL, rate:0, size:15
2026-06-22 19:23:54, MOVE, v:1, k:fup@alcaparras, mode:EDIT
2026-06-22 19:23:54, MOVE, v:1, k:fup@alcaparras, mode:EDIT
2026-06-22 19:26:39, EXEC, v:1, k:fup@alcaparras, mode:FULL, rate:0, size:23
2026-06-22 19:28:08, EXEC, v:1, k:fup@alcaparras, mode:FULL, rate:100, size:27
2026-06-22 19:28:27, MOVE, v:1, k:fup@alcaparras, mode:BACK
2026-06-22 19:28:05, MOVE, v:1, k:fup@alcaparras, mode:EDIT
2026-06-22 19:28:08, MOVE, v:1, k:fup@alcaparras, mode:EDIT
2026-06-22 19:30:29, MOVE, v:1, k:fup@valdiskley, mode:DOWN
2026-06-22 19:30:30, MOVE, v:1, k:fup@valdiskley, mode:PICK
2026-06-22 19:33:14, MOVE, v:1, k:fup@valdiskley, mode:BACK
2026-06-22 19:33:42, SELF, v:1, k:fup@pmg, self:1, rate:100, study:30
2026-06-22 19:33:57, SELF, v:1, k:fup@alcaparras, self:1, rate:100
2026-06-22 19:30:29, MOVE, v:1, k:fup@valdiskley, mode:EDIT
2026-06-22 19:30:29, MOVE, v:1, k:fup@valdiskley, mode:EDIT
2026-06-22 19:31:39, MOVE, v:1, k:fup@valdiskley, mode:EDIT
2026-06-22 19:34:43, MOVE, v:1, k:fup@vivo, mode:DOWN
2026-06-22 19:34:44, MOVE, v:1, k:fup@vivo, mode:PICK
2026-06-22 19:34:43, MOVE, v:1, k:fup@vivo, mode:EDIT
2026-06-22 19:34:43, MOVE, v:1, k:fup@vivo, mode:EDIT
2026-06-22 19:37:42, MOVE, v:1, k:fup@vivo, mode:EDIT
2026-06-22 19:40:21, MOVE, v:1, k:fup@vivo, mode:BACK
2026-06-22 19:40:32, MOVE, v:1, k:fup@decompor, mode:PICK
2026-06-22 19:44:34, MOVE, v:1, k:fup@decompor, mode:EDIT
2026-06-22 19:49:13, MOVE, v:1, k:fup@decompor, mode:EDIT
2026-06-22 19:54:02, EXEC, v:1, k:fup@decompor, mode:FULL, size:22, fail:COMP
2026-06-22 19:54:30, EXEC, v:1, k:fup@decompor, mode:FULL, rate:0, size:22
2026-06-22 19:54:29, MOVE, v:1, k:fup@decompor, mode:EDIT
2026-06-22 19:54:30, MOVE, v:1, k:fup@decompor, mode:EDIT
2026-06-22 19:54:43, SELF, v:1, k:fup@decompor, self:1
2026-06-22 19:54:44, EXEC, v:1, k:fup@decompor, mode:FULL, rate:0, size:22
2026-06-22 19:54:51, EXEC, v:1, k:fup@decompor, mode:FULL, rate:0, size:22
2026-06-22 19:55:00, EXEC, v:1, k:fup@decompor, mode:FULL, rate:0, size:22
2026-06-22 19:55:07, EXEC, v:1, k:fup@decompor, mode:FULL, rate:0, size:22
2026-06-22 19:56:08, EXEC, v:1, k:fup@decompor, mode:FULL, rate:100, size:23
2026-06-22 19:56:11, SELF, v:1, k:fup@decompor, self:1, rate:100
2026-06-22 19:58:51, MOVE, v:1, k:fup@decompor, mode:BACK
2026-06-22 19:59:16, MOVE, v:1, k:fup@unhas, mode:PICK
2026-06-22 19:56:08, MOVE, v:1, k:fup@decompor, mode:EDIT
2026-06-22 19:56:08, MOVE, v:1, k:fup@decompor, mode:EDIT
2026-06-22 19:59:35, MOVE, v:1, k:fup@unhas, mode:EDIT
2026-06-22 20:04:35, MOVE, v:1, k:fup@unhas, mode:EDIT
2026-06-22 20:09:14, MOVE, v:1, k:fup@unhas, mode:EDIT
2026-06-22 20:11:00, EXEC, v:1, k:fup@unhas, mode:FULL, rate:100, size:18
2026-06-22 20:11:03, SELF, v:1, k:fup@unhas, self:1, rate:100
2026-06-22 20:11:04, EXEC, v:1, k:fup@unhas, mode:FULL, rate:100
2026-06-22 20:11:04, MOVE, v:1, k:fup@unhas, mode:BACK
2026-06-22 20:10:53, MOVE, v:1, k:fup@unhas, mode:EDIT
2026-06-22 20:11:04, MOVE, v:1, k:fup@unhas, mode:EDIT
