2026-05-20 11:49:05, MOVE, v:1, k:fup@vet_iii, mode:PICK
2026-05-20 11:49:06, EXEC, v:1, k:fup@vet_iii, mode:FULL, rate:0
2026-05-20 11:50:00, EXEC, v:1, k:fup@vet_iii, mode:FULL, rate:0, size:25
2026-05-20 11:50:12, EXEC, v:1, k:fup@vet_iii, mode:FULL, rate:0, size:25
2026-05-20 11:51:49, EXEC, v:1, k:fup@vet_iii, mode:FULL, rate:75, size:25
2026-05-20 11:52:20, EXEC, v:1, k:fup@vet_iii, mode:FULL, rate:75, size:25
2026-05-20 11:52:31, EXEC, v:1, k:fup@vet_iii, mode:FULL, rate:100, size:25
2026-05-20 11:52:33, MOVE, v:1, k:fup@vet_iii, mode:BACK
2026-05-20 11:52:40, SELF, v:1, k:fup@vet_iii, self:1, rate:100
2026-05-20 11:52:31, MOVE, v:1, k:fup@vet_iii, mode:EDIT
2026-05-20 11:52:30, MOVE, v:1, k:fup@vet_iii, mode:EDIT
2026-05-20 11:54:36, MOVE, v:1, k:fup@apertada, mode:PICK
2026-05-20 11:58:17, EXEC, v:1, k:fup@apertada, mode:FULL, size:5, fail:COMP
2026-05-20 11:58:37, EXEC, v:1, k:fup@apertada, mode:FULL, fail:COMP
2026-05-20 11:58:50, EXEC, v:1, k:fup@apertada, mode:FULL, fail:COMP
2026-05-20 11:58:05, MOVE, v:1, k:fup@apertada, mode:EDIT
2026-05-20 11:58:48, MOVE, v:1, k:fup@vet_iii, mode:EDIT
2026-05-20 12:00:40, EXEC, v:1, k:fup@apertada, mode:FULL, fail:COMP
2026-05-20 12:01:07, EXEC, v:1, k:fup@apertada, mode:FULL, fail:COMP
2026-05-20 12:02:03, EXEC, v:1, k:fup@apertada, mode:FULL, fail:COMP
2026-05-20 12:02:28, MOVE, v:1, k:fup@vet_iii, mode:EDIT
2026-05-20 12:04:24, EXEC, v:1, k:fup@apertada, mode:FREE
2026-05-20 12:04:34, EXEC, v:1, k:fup@apertada, mode:FULL, fail:COMP
2026-05-20 12:04:46, EXEC, v:1, k:fup@apertada, mode:FULL, fail:COMP
2026-05-20 12:04:50, EXEC, v:1, k:fup@apertada, mode:FULL, fail:COMP
2026-05-20 12:04:51, EXEC, v:1, k:fup@apertada, mode:FULL, fail:COMP
2026-05-20 12:07:34, EXEC, v:1, k:fup@apertada, mode:FULL, fail:COMP
2026-05-20 12:07:34, EXEC, v:1, k:fup@apertada, mode:FULL, fail:COMP
2026-05-20 12:08:29, EXEC, v:1, k:fup@apertada, mode:FULL, fail:COMP
2026-05-20 12:08:27, MOVE, v:1, k:fup@vet_iii, mode:EDIT
2026-05-20 12:17:36, EXEC, v:1, k:fup@apertada, mode:FREE
2026-05-20 12:18:13, MOVE, v:1, k:fup@apertada, mode:BACK
2026-05-20 12:17:13, MOVE, v:1, k:fup@vet_iii, mode:EDIT
2026-05-20 12:22:46, MOVE, v:1, k:fup@apertada, mode:EDIT
2026-05-20 12:28:38, MOVE, v:1, k:fup@apertada, mode:PICK
2026-05-20 12:28:39, EXEC, v:1, k:fup@apertada, mode:FULL, size:11, fail:COMP
2026-05-20 12:28:08, MOVE, v:1, k:fup@apertada, mode:EDIT
2026-05-20 12:31:38, EXEC, v:1, k:fup@apertada, mode:FULL, size:15, fail:COMP
2026-05-20 12:31:39, EXEC, v:1, k:fup@apertada, mode:FULL, fail:COMP
2026-05-20 12:31:45, EXEC, v:1, k:fup@apertada, mode:FULL, size:16, fail:COMP
2026-05-20 12:33:37, EXEC, v:1, k:fup@apertada, mode:FULL, size:16, fail:COMP
2026-05-20 12:33:39, EXEC, v:1, k:fup@apertada, mode:FULL, fail:COMP
2026-05-20 12:34:02, MOVE, v:1, k:fup@apertada, mode:EDIT
2026-05-20 12:36:29, EXEC, v:1, k:fup@apertada, mode:FULL, rate:0, size:20
2026-05-20 12:37:16, EXEC, v:1, k:fup@apertada, mode:FULL, rate:0, size:20
2026-05-20 12:39:05, MOVE, v:1, k:fup@apertada, mode:EDIT
2026-05-20 12:37:16, MOVE, v:1, k:fup@apertada, mode:EDIT
2026-05-20 12:43:20, EXEC, v:1, k:fup@apertada, mode:FULL, size:20, fail:COMP
2026-05-20 12:43:17, MOVE, v:1, k:fup@apertada, mode:EDIT
2026-05-20 12:48:52, MOVE, v:1, k:fup@apertada, mode:EDIT
2026-05-20 12:49:52, EXEC, v:1, k:fup@apertada, mode:FULL, size:21, fail:COMP
2026-05-20 12:50:06, EXEC, v:1, k:fup@apertada, mode:FULL, rate:0, size:21
2026-05-20 12:53:32, EXEC, v:1, k:fup@apertada, mode:FULL, rate:0, size:21
2026-05-20 12:54:05, MOVE, v:1, k:fup@apertada, mode:EDIT
2026-05-20 12:53:32, MOVE, v:1, k:fup@apertada, mode:EDIT
2026-05-20 12:54:11, EXEC, v:1, k:fup@apertada, mode:FULL, rate:0, size:21
2026-05-20 12:54:30, EXEC, v:1, k:fup@apertada, mode:FULL, rate:0, size:21
2026-05-20 12:56:36, EXEC, v:1, k:fup@apertada, mode:FULL, rate:0, size:21
2026-05-20 12:57:04, EXEC, v:1, k:fup@apertada, mode:FULL, rate:0, size:21
2026-05-20 12:59:04, EXEC, v:1, k:fup@apertada, mode:FULL, rate:0, size:21
2026-05-20 12:58:58, MOVE, v:1, k:fup@apertada, mode:EDIT
2026-05-20 12:59:04, MOVE, v:1, k:fup@apertada, mode:EDIT
2026-05-20 13:00:57, EXEC, v:1, k:fup@apertada, mode:FULL, rate:0, size:21
2026-05-20 13:02:46, EXEC, v:1, k:fup@apertada, mode:FULL, rate:0, size:22
2026-05-20 13:03:42, MOVE, v:1, k:fup@apertada, mode:EDIT
2026-05-20 13:02:46, MOVE, v:1, k:fup@apertada, mode:EDIT
2026-05-20 13:04:12, EXEC, v:1, k:fup@apertada, mode:FULL, rate:0, size:22
2026-05-20 13:06:27, EXEC, v:1, k:fup@apertada, mode:FULL, rate:0, size:19
2026-05-20 13:06:27, MOVE, v:1, k:fup@apertada, mode:EDIT
2026-05-20 13:06:26, MOVE, v:1, k:fup@apertada, mode:EDIT
2026-05-20 13:16:24, EXEC, v:1, k:fup@apertada, mode:FULL, rate:0, size:20
2026-05-20 13:17:09, EXEC, v:1, k:fup@apertada, mode:FULL, rate:60, size:21
2026-05-20 13:18:22, EXEC, v:1, k:fup@apertada, mode:FULL, rate:60, size:24
2026-05-20 13:18:53, EXEC, v:1, k:fup@apertada, mode:FULL, rate:60, size:24
2026-05-20 13:18:59, MOVE, v:1, k:fup@apertada, mode:EDIT
2026-05-20 13:18:53, MOVE, v:1, k:fup@apertada, mode:EDIT
2026-05-20 13:20:02, EXEC, v:1, k:fup@apertada, mode:FULL, size:24, fail:COMP
2026-05-20 13:20:50, EXEC, v:1, k:fup@apertada, mode:FULL, rate:80, size:24
2026-05-20 13:22:17, EXEC, v:1, k:fup@apertada, mode:FULL, rate:60, size:23
2026-05-20 13:22:09, MOVE, v:1, k:fup@apertada, mode:EDIT
2026-05-20 13:22:17, MOVE, v:1, k:fup@apertada, mode:EDIT
2026-05-20 13:26:11, EXEC, v:1, k:fup@apertada, mode:FULL, rate:60, size:24
2026-05-20 13:26:17, EXEC, v:1, k:fup@apertada, mode:FULL, rate:60
2026-05-20 13:26:23, EXEC, v:1, k:fup@apertada, mode:FULL, rate:60, size:25
2026-05-20 13:26:41, MOVE, v:1, k:fup@apertada, mode:EDIT
2026-05-20 13:26:23, MOVE, v:1, k:fup@apertada, mode:EDIT
2026-05-20 13:30:08, EXEC, v:1, k:fup@apertada, mode:FULL, rate:0, size:21
2026-05-20 13:30:22, EXEC, v:1, k:fup@apertada, mode:FULL, rate:0, size:21
2026-05-20 13:31:02, MOVE, v:1, k:fup@apertada, mode:PICK
2026-05-20 13:31:04, EXEC, v:1, k:fup@apertada, mode:FULL, rate:0, size:21
2026-05-20 13:31:04, MOVE, v:1, k:fup@apertada, mode:EDIT
2026-05-20 13:37:04, EXEC, v:1, k:fup@apertada, mode:FULL, rate:0, size:21
2026-05-20 13:37:03, MOVE, v:1, k:fup@apertada, mode:EDIT
2026-05-20 13:37:04, MOVE, v:1, k:fup@apertada, mode:EDIT
2026-05-20 13:41:53, EXEC, v:1, k:fup@apertada, mode:FULL, rate:0, size:19
2026-05-20 13:42:04, EXEC, v:1, k:fup@apertada, mode:FULL, rate:100, size:19
2026-05-20 13:42:37, MOVE, v:1, k:fup@apertada, mode:BACK
2026-05-20 13:42:44, MOVE, v:1, k:fup@dieta, mode:PICK
2026-05-20 13:43:01, MOVE, v:1, k:fup@dieta, mode:BACK
