2026-05-23 16:36:02, MOVE, v:1, k:fup@patas, mode:DOWN
2026-05-23 16:36:04, MOVE, v:1, k:fup@patas, mode:DOWN
2026-05-23 16:37:03, MOVE, v:1, k:fup@patas, mode:PICK
2026-05-23 16:35:59, MOVE, v:1, k:fup@vet_ii, mode:EDIT
2026-05-23 16:36:02, MOVE, v:1, k:fup@patas, mode:EDIT
2026-05-23 16:36:02, MOVE, v:1, k:fup@patas, mode:EDIT
2026-05-23 16:36:04, MOVE, v:1, k:fup@patas, mode:EDIT
2026-05-23 16:37:45, MOVE, v:1, k:fup@patas, mode:EDIT
2026-05-23 16:41:53, MOVE, v:1, k:fup@patas, mode:EDIT
2026-05-23 17:23:43, MOVE, v:1, k:fup@loop_i, mode:PICK
2026-05-23 17:23:44, MOVE, v:1, k:fup@loop_i, mode:BACK
2026-05-23 17:32:38, MOVE, v:1, k:fup@apertada, mode:PICK
2026-05-23 17:32:40, EXEC, v:1, k:fup@apertada, mode:FULL, rate:100
2026-05-23 17:32:42, MOVE, v:1, k:fup@apertada, mode:BACK
2026-05-23 17:32:46, SELF, v:1, k:fup@apertada, self:1, rate:100
2026-05-23 17:32:49, MOVE, v:1, k:fup@dieta, mode:PICK
2026-05-23 17:32:40, MOVE, v:1, k:fup@apertada, mode:EDIT
2026-05-23 17:36:34, MOVE, v:1, k:fup@dieta, mode:EDIT
2026-05-23 17:41:19, MOVE, v:1, k:fup@dieta, mode:EDIT
2026-05-23 17:45:16, EXEC, v:1, k:fup@dieta, mode:FULL, size:14, fail:COMP
2026-05-23 17:46:19, EXEC, v:1, k:fup@dieta, mode:FULL, rate:0, size:13
2026-05-23 17:46:54, MOVE, v:1, k:fup@dieta, mode:EDIT
2026-05-23 17:46:19, MOVE, v:1, k:fup@dieta, mode:EDIT
2026-05-23 17:51:54, MOVE, v:1, k:fup@dieta, mode:EDIT
2026-05-23 17:56:45, MOVE, v:1, k:fup@dieta, mode:EDIT
2026-05-23 18:01:47, MOVE, v:1, k:fup@dieta, mode:EDIT
2026-05-23 18:06:55, MOVE, v:1, k:fup@dieta, mode:EDIT
2026-05-23 18:11:27, MOVE, v:1, k:fup@dieta, mode:EDIT
2026-05-23 18:12:37, EXEC, v:1, k:fup@dieta, mode:FULL, rate:0, size:17
2026-05-23 18:16:38, MOVE, v:1, k:fup@dieta, mode:EDIT
2026-05-23 18:12:37, MOVE, v:1, k:fup@dieta, mode:EDIT
2026-05-23 18:21:55, MOVE, v:1, k:fup@dieta, mode:EDIT
2026-05-23 18:24:57, EXEC, v:1, k:fup@dieta, mode:FULL, size:16, fail:COMP
2026-05-23 18:26:50, MOVE, v:1, k:fup@dieta, mode:EDIT
2026-05-23 18:28:11, EXEC, v:1, k:fup@dieta, mode:FULL, rate:0, size:16
2026-05-23 18:30:31, EXEC, v:1, k:fup@dieta, mode:FULL, size:19, fail:COMP
2026-05-23 18:31:29, MOVE, v:1, k:fup@dieta, mode:EDIT
2026-05-23 18:28:11, MOVE, v:1, k:fup@dieta, mode:EDIT
2026-05-23 18:34:14, EXEC, v:1, k:fup@dieta, mode:FULL, size:19, fail:COMP
2026-05-23 18:34:57, EXEC, v:1, k:fup@dieta, mode:FULL, rate:0, size:18
2026-05-23 18:36:15, EXEC, v:1, k:fup@dieta, mode:FULL, rate:0, size:18
2026-05-23 18:36:29, EXEC, v:1, k:fup@dieta, mode:FULL, rate:100, size:18
2026-05-23 18:36:29, MOVE, v:1, k:fup@dieta, mode:EDIT
2026-05-23 18:36:29, MOVE, v:1, k:fup@dieta, mode:EDIT
2026-05-23 18:37:17, MOVE, v:1, k:fup@dieta, mode:BACK
2026-05-23 18:37:24, SELF, v:1, k:fup@dieta, self:1, rate:100
2026-05-23 18:37:26, MOVE, v:1, k:fup@patas, mode:PICK
2026-05-23 18:37:28, EXEC, v:1, k:fup@patas, mode:FULL, size:8, fail:COMP
2026-05-23 18:37:37, MOVE, v:1, k:fup@patas, mode:BACK
2026-05-23 19:29:13, MOVE, v:1, k:fup@patas, mode:PICK
2026-05-23 19:32:38, MOVE, v:1, k:fup@patas, mode:EDIT
2026-05-23 19:37:56, MOVE, v:1, k:fup@patas, mode:EDIT
2026-05-23 19:43:40, MOVE, v:1, k:fup@patas, mode:EDIT
2026-05-23 19:47:04, MOVE, v:1, k:fup@patas, mode:EDIT
2026-05-23 19:53:17, MOVE, v:1, k:fup@patas, mode:EDIT
2026-05-23 19:58:07, MOVE, v:1, k:fup@patas, mode:EDIT
2026-05-23 20:03:01, MOVE, v:1, k:fup@patas, mode:EDIT
2026-05-23 20:08:32, MOVE, v:1, k:fup@patas, mode:EDIT
2026-05-23 20:12:00, EXEC, v:1, k:fup@patas, mode:FULL, size:33, fail:COMP
2026-05-23 20:17:07, MOVE, v:1, k:fup@patas, mode:PICK
2026-05-23 20:17:10, EXEC, v:1, k:fup@patas, mode:FULL, rate:0, size:33
2026-05-23 20:17:39, EXEC, v:1, k:fup@patas, mode:FULL, rate:0, size:33
2026-05-23 20:17:37, MOVE, v:1, k:fup@patas, mode:EDIT
2026-05-23 20:17:39, MOVE, v:1, k:fup@patas, mode:EDIT
2026-05-23 20:17:52, EXEC, v:1, k:fup@patas, mode:FULL, size:33, fail:COMP
2026-05-23 20:18:04, MOVE, v:1, k:fup@patas, mode:PICK
2026-05-23 20:18:10, EXEC, v:1, k:fup@patas, mode:FULL, rate:0, size:33
2026-05-23 20:18:20, EXEC, v:1, k:fup@patas, mode:FULL, rate:14, size:33
2026-05-23 20:18:30, MOVE, v:1, k:fup@patas, mode:PICK
2026-05-23 20:18:31, EXEC, v:1, k:fup@patas, mode:FULL, rate:0, size:33
2026-05-23 20:18:35, EXEC, v:1, k:fup@patas, mode:FULL, rate:0
2026-05-23 20:18:43, EXEC, v:1, k:fup@patas, mode:FULL, rate:0, size:33
2026-05-23 20:19:08, EXEC, v:1, k:fup@patas, mode:FULL, rate:14, size:33
2026-05-23 20:19:53, EXEC, v:1, k:fup@patas, mode:FULL, rate:0, size:33
2026-05-23 20:19:53, MOVE, v:1, k:fup@patas, mode:EDIT
2026-05-23 20:23:21, MOVE, v:1, k:fup@patas, mode:EDIT
2026-05-23 20:28:22, MOVE, v:1, k:fup@patas, mode:EDIT
2026-05-23 20:30:22, EXEC, v:1, k:fup@patas, mode:FULL, size:41, fail:COMP
2026-05-23 20:32:12, MOVE, v:1, k:fup@patas, mode:EDIT
2026-05-23 20:35:05, EXEC, v:1, k:fup@patas, mode:FULL, rate:42, size:44
2026-05-23 20:35:58, EXEC, v:1, k:fup@patas, mode:FULL, rate:42, size:46
2026-05-23 20:37:41, MOVE, v:1, k:fup@patas, mode:EDIT
2026-05-23 20:35:58, MOVE, v:1, k:fup@patas, mode:EDIT
2026-05-23 20:39:52, EXEC, v:1, k:fup@patas, mode:FULL, rate:71, size:46
2026-05-23 20:43:27, MOVE, v:1, k:fup@patas, mode:EDIT
2026-05-23 20:39:52, MOVE, v:1, k:fup@patas, mode:EDIT
2026-05-23 20:43:30, EXEC, v:1, k:fup@patas, mode:FULL, rate:57, size:43
2026-05-23 20:44:42, EXEC, v:1, k:fup@patas, mode:FULL, rate:71, size:43
2026-05-23 20:44:52, EXEC, v:1, k:fup@patas, mode:FULL, rate:85, size:43
2026-05-23 20:46:51, EXEC, v:1, k:fup@patas, mode:FULL, rate:85, size:46
2026-05-23 20:48:04, EXEC, v:1, k:fup@patas, mode:FULL, rate:85
2026-05-23 20:47:50, MOVE, v:1, k:fup@patas, mode:EDIT
2026-05-23 20:48:04, MOVE, v:1, k:fup@patas, mode:EDIT
2026-05-23 20:51:21, EXEC, v:1, k:fup@patas, mode:FULL, rate:14, size:50
2026-05-23 20:52:54, EXEC, v:1, k:fup@patas, mode:FULL, rate:14, size:44
2026-05-23 20:52:53, MOVE, v:1, k:fup@patas, mode:EDIT
2026-05-23 20:52:54, MOVE, v:1, k:fup@patas, mode:EDIT
2026-05-23 20:53:42, EXEC, v:1, k:fup@patas, mode:FULL, rate:0, size:45
2026-05-23 20:57:11, EXEC, v:1, k:fup@patas, mode:FULL, rate:85, size:51
2026-05-23 20:57:57, EXEC, v:1, k:fup@patas, mode:FULL, rate:85, size:51
2026-05-23 20:58:09, MOVE, v:1, k:fup@patas, mode:EDIT
2026-05-23 20:57:57, MOVE, v:1, k:fup@patas, mode:EDIT
2026-05-23 20:59:20, EXEC, v:1, k:fup@patas, mode:FULL, rate:100, size:51
2026-05-23 20:59:39, SELF, v:1, k:fup@patas, self:1, rate:100
2026-05-23 20:59:50, SELF, v:1, k:fup@patas, self:1, rate:100, debug:1
2026-05-23 20:59:51, MOVE, v:1, k:fup@patas, mode:BACK
