2026-04-01 12:34:59, MOVE, v:1, k:fup@opala, mode:PICK
2026-04-01 12:45:41, EXEC, v:1, k:fup@opala, mode:FULL, size:13, fail:COMP
2026-04-01 12:51:02, EXEC, v:1, k:fup@opala, mode:FULL, rate:0, size:14
2026-04-01 12:51:48, EXEC, v:1, k:fup@opala, mode:FULL, rate:0, size:13
2026-04-01 12:52:44, EXEC, v:1, k:fup@opala, mode:FULL, size:14, fail:COMP
2026-04-01 12:53:18, EXEC, v:1, k:fup@opala, mode:FULL, rate:0, size:14
2026-04-01 12:54:23, EXEC, v:1, k:fup@opala, mode:FULL, rate:0, size:14
2026-04-01 12:55:35, EXEC, v:1, k:fup@opala, mode:FULL, rate:100, size:14
2026-04-01 12:56:46, SELF, v:1, k:fup@opala, self:1, rate:100, concept:1, problem:1, code:1, debug:1
2026-04-01 12:56:48, MOVE, v:1, k:fup@opala, mode:BACK
2026-04-01 13:17:27, MOVE, v:1, k:fup@tv, mode:PICK
2026-04-01 13:17:28, EXEC, v:1, k:fup@tv, mode:FULL, size:14, fail:COMP
2026-04-01 13:17:39, EXEC, v:1, k:fup@tv, mode:FULL, size:14, fail:COMP
2026-04-01 13:19:07, EXEC, v:1, k:fup@tv, mode:FULL, rate:0, size:11
2026-04-01 13:25:45, EXEC, v:1, k:fup@tv, mode:FULL, size:24, fail:COMP
2026-04-01 13:28:03, EXEC, v:1, k:fup@tv, mode:FULL, size:24, fail:COMP
2026-04-01 13:32:15, EXEC, v:1, k:fup@tv, mode:FULL, size:26, fail:COMP
2026-04-01 13:33:12, EXEC, v:1, k:fup@tv, mode:FULL, size:27, fail:COMP
2026-04-01 13:35:55, EXEC, v:1, k:fup@tv, mode:FULL, rate:0, size:27
2026-04-01 13:36:40, EXEC, v:1, k:fup@tv, mode:FULL, rate:0, size:27
2026-04-01 13:59:02, MOVE, v:1, k:fup@tv, mode:BACK
