2026-03-18 13:04:29, MOVE, v:1, k:fup@tres, mode:PICK
2026-03-18 13:04:44, EXEC, v:1, k:fup@tres, mode:FULL, rate:100, size:7
2026-03-18 13:04:47, EXEC, v:1, k:fup@tres, mode:FULL, rate:100
2026-03-18 13:04:50, EXEC, v:1, k:fup@tres, mode:FULL, rate:100
2026-03-18 13:04:56, EXEC, v:1, k:fup@tres, mode:FULL, rate:100
2026-03-18 13:05:22, EXEC, v:1, k:fup@tres, mode:FULL, rate:100
2026-03-18 13:05:58, EXEC, v:1, k:fup@tres, mode:FULL, rate:100, size:9
2026-03-18 13:10:13, MOVE, v:1, k:fup@tres, mode:BACK
2026-03-18 13:10:24, MOVE, v:1, k:fup@resto, mode:PICK
2026-03-18 13:13:02, EXEC, v:1, k:fup@resto, mode:FULL, rate:100, size:7
2026-03-18 13:13:13, EXEC, v:1, k:fup@resto, mode:FULL, rate:100
2026-03-18 13:13:15, EXEC, v:1, k:fup@resto, mode:FULL, rate:100
2026-03-18 13:13:18, EXEC, v:1, k:fup@resto, mode:FULL, rate:100
2026-03-18 13:13:19, EXEC, v:1, k:fup@resto, mode:FULL, rate:100
2026-03-18 13:13:40, EXEC, v:1, k:fup@resto, mode:FULL, rate:100
2026-03-18 13:13:41, EXEC, v:1, k:fup@resto, mode:FULL, rate:100
2026-03-18 13:13:42, EXEC, v:1, k:fup@resto, mode:FULL, rate:100
2026-03-18 13:13:42, EXEC, v:1, k:fup@resto, mode:FULL, rate:100
2026-03-18 13:13:42, EXEC, v:1, k:fup@resto, mode:FULL, rate:100
2026-03-18 13:13:43, EXEC, v:1, k:fup@resto, mode:FULL, rate:100
2026-03-18 13:13:43, EXEC, v:1, k:fup@resto, mode:FULL, rate:100
2026-03-18 13:13:43, EXEC, v:1, k:fup@resto, mode:FULL, rate:100
2026-03-18 13:13:44, EXEC, v:1, k:fup@resto, mode:FULL, rate:100
2026-03-18 13:13:44, EXEC, v:1, k:fup@resto, mode:FULL, rate:100
2026-03-18 13:13:45, EXEC, v:1, k:fup@resto, mode:FULL, rate:100
2026-03-18 13:13:45, EXEC, v:1, k:fup@resto, mode:FULL, rate:100
2026-03-18 13:13:45, EXEC, v:1, k:fup@resto, mode:FULL, rate:100
2026-03-18 13:13:46, EXEC, v:1, k:fup@resto, mode:FULL, rate:100
2026-03-18 13:13:46, EXEC, v:1, k:fup@resto, mode:FULL, rate:100
2026-03-18 13:13:46, EXEC, v:1, k:fup@resto, mode:FULL, rate:100
2026-03-18 13:13:47, EXEC, v:1, k:fup@resto, mode:FULL, rate:100
2026-03-18 13:13:47, EXEC, v:1, k:fup@resto, mode:FULL, rate:100
2026-03-18 13:13:48, EXEC, v:1, k:fup@resto, mode:FULL, rate:100
2026-03-18 13:13:48, EXEC, v:1, k:fup@resto, mode:FULL, rate:100
2026-03-18 13:13:48, EXEC, v:1, k:fup@resto, mode:FULL, rate:100
2026-03-18 13:13:49, EXEC, v:1, k:fup@resto, mode:FULL, rate:100
2026-03-18 13:13:49, EXEC, v:1, k:fup@resto, mode:FULL, rate:100
2026-03-18 13:13:49, EXEC, v:1, k:fup@resto, mode:FULL, rate:100
2026-03-18 13:13:50, EXEC, v:1, k:fup@resto, mode:FULL, rate:100
2026-03-18 13:13:50, EXEC, v:1, k:fup@resto, mode:FREE
2026-03-18 13:21:12, MOVE, v:1, k:fup@resto, mode:PICK
2026-03-18 13:21:16, EXEC, v:1, k:fup@resto, mode:FULL, rate:100, size:8
2026-03-18 13:21:18, EXEC, v:1, k:fup@resto, mode:FULL, rate:100
2026-03-18 13:21:19, EXEC, v:1, k:fup@resto, mode:FULL, rate:100
2026-03-18 13:21:19, EXEC, v:1, k:fup@resto, mode:FULL, rate:100
2026-03-18 13:21:20, EXEC, v:1, k:fup@resto, mode:FULL, rate:100
2026-03-18 13:21:20, EXEC, v:1, k:fup@resto, mode:FULL, rate:100
2026-03-18 13:21:20, EXEC, v:1, k:fup@resto, mode:FULL, rate:100
2026-03-18 13:21:21, EXEC, v:1, k:fup@resto, mode:FULL, rate:100
2026-03-18 13:21:22, EXEC, v:1, k:fup@resto, mode:FULL, rate:100
2026-03-18 13:21:22, EXEC, v:1, k:fup@resto, mode:FULL, rate:100
2026-03-18 13:21:22, EXEC, v:1, k:fup@resto, mode:FULL, rate:100
2026-03-18 13:21:23, EXEC, v:1, k:fup@resto, mode:FULL, rate:100
2026-03-18 13:21:23, EXEC, v:1, k:fup@resto, mode:FULL, rate:100
2026-03-18 13:21:23, EXEC, v:1, k:fup@resto, mode:FULL, rate:100
2026-03-18 13:21:24, EXEC, v:1, k:fup@resto, mode:FULL, rate:100
2026-03-18 13:21:30, EXEC, v:1, k:fup@resto, mode:FULL, rate:100
2026-03-18 13:21:32, EXEC, v:1, k:fup@resto, mode:FULL, rate:100
2026-03-18 13:21:39, EXEC, v:1, k:fup@resto, mode:FREE
2026-03-18 13:22:24, MOVE, v:1, k:fup@resto, mode:PICK
2026-03-18 13:22:26, EXEC, v:1, k:fup@resto, mode:FREE
2026-03-18 13:22:44, MOVE, v:1, k:fup@resto, mode:PICK
2026-03-18 13:23:20, EXEC, v:1, k:fup@resto, mode:FULL, rate:100
2026-03-18 13:23:23, EXEC, v:1, k:fup@resto, mode:FULL, rate:100
2026-03-18 13:24:33, EXEC, v:1, k:fup@resto, mode:FULL, rate:100
2026-03-18 13:24:35, EXEC, v:1, k:fup@resto, mode:FULL, rate:100
2026-03-18 13:24:37, EXEC, v:1, k:fup@resto, mode:FULL, rate:100
2026-03-18 13:24:56, EXEC, v:1, k:fup@resto, mode:FREE
