2026-05-07 10:49:01, MOVE, v:1, k:fup@ceu, mode:PICK
2026-05-07 10:49:04, EXEC, v:1, k:fup@ceu, mode:FULL, rate:100
2026-05-07 10:49:05, MOVE, v:1, k:fup@ceu, mode:BACK
2026-05-07 10:49:12, MOVE, v:1, k:fup@sapatos, mode:PICK
2026-05-07 10:49:14, EXEC, v:1, k:fup@sapatos, mode:FULL, rate:100
2026-05-07 10:49:15, MOVE, v:1, k:fup@sapatos, mode:BACK
2026-05-07 10:49:36, MOVE, v:1, k:fup@zigzag, mode:PICK
2026-05-07 10:49:04, MOVE, v:1, k:fup@ceu, mode:EDIT
2026-05-07 10:49:13, MOVE, v:1, k:fup@sapatos, mode:EDIT
2026-05-07 10:53:00, MOVE, v:1, k:fup@zigzag, mode:EDIT
2026-05-07 10:54:23, EXEC, v:1, k:fup@zigzag, mode:FULL, rate:0, size:15
2026-05-07 10:56:08, EXEC, v:1, k:fup@zigzag, mode:FULL, rate:0, size:19
2026-05-07 10:56:26, EXEC, v:1, k:fup@zigzag, mode:FULL, rate:0, size:19
2026-05-07 10:58:08, EXEC, v:1, k:fup@zigzag, mode:FULL, rate:0, size:21
2026-05-07 10:58:07, MOVE, v:1, k:fup@zigzag, mode:EDIT
2026-05-07 10:58:08, MOVE, v:1, k:fup@zigzag, mode:EDIT
2026-05-07 10:58:34, EXEC, v:1, k:fup@zigzag, mode:FULL, rate:0, size:19
2026-05-07 11:00:59, EXEC, v:1, k:fup@zigzag, mode:FULL, rate:100, size:19
2026-05-07 11:01:00, MOVE, v:1, k:fup@zigzag, mode:BACK
2026-05-07 11:01:04, SELF, v:1, k:fup@zigzag, self:1, rate:100
2026-05-07 11:01:12, MOVE, v:1, k:fup@colorido, mode:DOWN
2026-05-07 11:01:30, MOVE, v:1, k:fup@colorido, mode:PICK
2026-05-07 11:01:38, MOVE, v:1, k:fup@colorido, mode:BACK
2026-05-07 13:21:10, MOVE, v:1, k:fup@colorido, mode:PICK
2026-05-07 13:23:04, MOVE, v:1, k:fup@colorido, mode:EDIT
2026-05-07 13:28:15, MOVE, v:1, k:fup@colorido, mode:EDIT
2026-05-07 13:31:39, EXEC, v:1, k:fup@colorido, mode:FULL, size:16, fail:COMP
2026-05-07 13:32:04, MOVE, v:1, k:fup@colorido, mode:BACK
2026-05-07 13:32:17, MOVE, v:1, k:fup@ceu, mode:PICK
2026-05-07 13:32:19, EXEC, v:1, k:fup@ceu, mode:FULL, rate:100
2026-05-07 13:32:51, MOVE, v:1, k:fup@ceu, mode:BACK
2026-05-07 13:34:36, MOVE, v:1, k:fup@colorido, mode:PICK
2026-05-07 13:34:38, EXEC, v:1, k:fup@colorido, mode:FULL, rate:0, size:14
2026-05-07 13:34:47, EXEC, v:1, k:fup@colorido, mode:FULL, rate:0, size:14
2026-05-07 13:35:19, EXEC, v:1, k:fup@colorido, mode:FULL, rate:0, size:15
2026-05-07 13:35:51, EXEC, v:1, k:fup@colorido, mode:FULL, rate:0, size:16
2026-05-07 13:36:08, EXEC, v:1, k:fup@colorido, mode:FULL, rate:0, size:16
2026-05-07 13:37:05, MOVE, v:1, k:fup@colorido, mode:EDIT
2026-05-07 13:36:08, MOVE, v:1, k:fup@colorido, mode:EDIT
2026-05-07 13:42:17, EXEC, v:1, k:fup@colorido, mode:FULL, size:22, fail:COMP
2026-05-07 13:42:36, EXEC, v:1, k:fup@colorido, mode:FULL, size:22, fail:COMP
2026-05-07 13:42:34, MOVE, v:1, k:fup@colorido, mode:EDIT
2026-05-07 13:43:30, EXEC, v:1, k:fup@colorido, mode:FULL, size:21, fail:COMP
2026-05-07 13:46:34, MOVE, v:1, k:fup@colorido, mode:EDIT
2026-05-07 13:49:18, EXEC, v:1, k:fup@colorido, mode:FULL, rate:0, size:20
2026-05-07 13:49:43, EXEC, v:1, k:fup@colorido, mode:FULL, rate:0, size:20
2026-05-07 13:49:58, EXEC, v:1, k:fup@colorido, mode:FULL, rate:0, size:20
2026-05-07 13:51:40, EXEC, v:1, k:fup@colorido, mode:FULL, size:20, fail:COMP
2026-05-07 13:51:56, EXEC, v:1, k:fup@colorido, mode:FULL, rate:0, size:20
2026-05-07 13:52:30, EXEC, v:1, k:fup@colorido, mode:FULL, rate:0, size:21
2026-05-07 13:52:28, MOVE, v:1, k:fup@colorido, mode:EDIT
2026-05-07 13:52:30, MOVE, v:1, k:fup@colorido, mode:EDIT
2026-05-07 13:53:30, MOVE, v:1, k:fup@colorido, mode:BACK
