2026-06-06 11:30:07, MOVE, v:1, k:fup@baruel, mode:PICK
2026-06-06 11:34:29, MOVE, v:1, k:fup@baruel, mode:EDIT
2026-06-06 11:37:11, EXEC, v:1, k:fup@baruel, mode:FULL, size:42, fail:COMP
2026-06-06 11:37:18, EXEC, v:1, k:fup@baruel, mode:FULL, rate:0, size:43
2026-06-06 11:38:05, EXEC, v:1, k:fup@baruel, mode:FULL, rate:0, size:37
2026-06-06 11:38:16, MOVE, v:1, k:fup@baruel, mode:BACK
2026-06-06 11:38:29, MOVE, v:1, k:fup@baruel, mode:PICK
2026-06-06 11:38:31, EXEC, v:1, k:fup@baruel, mode:FULL, rate:0
2026-06-06 11:39:13, EXEC, v:1, k:fup@baruel, mode:FULL, rate:0, size:37
2026-06-06 11:39:27, MOVE, v:1, k:fup@baruel, mode:PICK
2026-06-06 11:39:28, EXEC, v:1, k:fup@baruel, mode:FULL, rate:0, size:37
2026-06-06 11:39:46, EXEC, v:1, k:fup@baruel, mode:FULL, rate:0, size:37
2026-06-06 11:39:53, EXEC, v:1, k:fup@baruel, mode:FULL, rate:0, size:37
2026-06-06 11:40:00, EXEC, v:1, k:fup@baruel, mode:FULL, rate:0, size:37
2026-06-06 11:40:52, EXEC, v:1, k:fup@baruel, mode:FULL, rate:0, size:34
2026-06-06 11:41:03, MOVE, v:1, k:fup@baruel, mode:PICK
2026-06-06 11:41:04, EXEC, v:1, k:fup@baruel, mode:FULL, rate:0, size:34
2026-06-06 11:41:16, EXEC, v:1, k:fup@baruel, mode:FULL, rate:0, size:34
2026-06-06 11:41:22, EXEC, v:1, k:fup@baruel, mode:FULL, rate:0, size:34
2026-06-06 11:41:31, EXEC, v:1, k:fup@baruel, mode:FULL, rate:0, size:34
2026-06-06 11:42:28, MOVE, v:1, k:fup@baruel, mode:PICK
2026-06-06 11:42:29, EXEC, v:1, k:fup@baruel, mode:FULL, rate:0, size:37
2026-06-06 11:42:38, EXEC, v:1, k:fup@baruel, mode:FULL, rate:0, size:37
2026-06-06 11:42:50, EXEC, v:1, k:fup@baruel, mode:FULL, rate:0, size:37
2026-06-06 11:42:59, EXEC, v:1, k:fup@baruel, mode:FULL, rate:0, size:37
2026-06-06 11:43:06, EXEC, v:1, k:fup@baruel, mode:FULL, rate:0, size:37
2026-06-06 11:44:51, EXEC, v:1, k:fup@baruel, mode:FULL, rate:0, size:35
2026-06-06 11:45:05, EXEC, v:1, k:fup@baruel, mode:FULL, rate:0, size:35
2026-06-06 11:45:57, EXEC, v:1, k:fup@baruel, mode:FULL, rate:0, size:35
2026-06-06 11:46:16, EXEC, v:1, k:fup@baruel, mode:FULL, rate:0, size:35
2026-06-06 11:46:29, EXEC, v:1, k:fup@baruel, mode:FULL, rate:0, size:35
2026-06-06 11:46:29, MOVE, v:1, k:fup@baruel, mode:EDIT
2026-06-06 11:46:25, MOVE, v:1, k:fup@baruel, mode:EDIT
2026-06-06 11:47:29, EXEC, v:1, k:fup@baruel, mode:FULL, size:35, fail:COMP
2026-06-06 11:47:41, EXEC, v:1, k:fup@baruel, mode:FULL, rate:0, size:35
2026-06-06 11:47:53, EXEC, v:1, k:fup@baruel, mode:FULL, rate:0, size:35
2026-06-06 11:50:03, MOVE, v:1, k:fup@baruel, mode:BACK
2026-06-06 11:50:14, MOVE, v:1, k:fup@tazos, mode:PICK
2026-06-06 11:50:16, EXEC, v:1, k:fup@tazos, mode:FULL, fail:COMP
2026-06-06 11:50:56, EXEC, v:1, k:fup@tazos, mode:FULL, size:43, fail:COMP
2026-06-06 11:51:11, EXEC, v:1, k:fup@tazos, mode:FULL, rate:0, size:37
2026-06-06 11:51:28, MOVE, v:1, k:fup@tazos, mode:BACK
2026-06-06 11:51:56, MOVE, v:1, k:fup@sapinho, mode:PICK
2026-06-06 11:51:53, MOVE, v:1, k:fup@segundo, mode:EDIT
2026-06-06 12:31:20, MOVE, v:1, k:fup@sapinho, mode:PICK
2026-06-06 12:33:40, MOVE, v:1, k:fup@sapinho, mode:EDIT
2026-06-06 12:37:57, MOVE, v:1, k:fup@sapinho, mode:EDIT
2026-06-06 12:42:02, MOVE, v:1, k:fup@sapinho, mode:EDIT
2026-06-06 12:51:39, EXEC, v:1, k:fup@sapinho, mode:FULL, size:17, fail:COMP
2026-06-06 12:51:31, MOVE, v:1, k:fup@sapinho, mode:EDIT
2026-06-06 12:55:25, EXEC, v:1, k:fup@sapinho, mode:FULL, size:16, fail:COMP
2026-06-06 12:58:44, MOVE, v:1, k:fup@sapinho, mode:EDIT
2026-06-06 13:02:32, EXEC, v:1, k:fup@sapinho, mode:FULL, rate:0, size:17
2026-06-06 13:03:46, MOVE, v:1, k:fup@sapinho, mode:EDIT
2026-06-06 13:02:30, MOVE, v:1, k:fup@sapinho, mode:EDIT
2026-06-06 13:08:30, MOVE, v:1, k:fup@sapinho, mode:EDIT
2026-06-06 13:10:20, EXEC, v:1, k:fup@sapinho, mode:FULL, size:15, fail:COMP
2026-06-06 13:10:27, EXEC, v:1, k:fup@sapinho, mode:FULL, fail:COMP
2026-06-06 13:13:42, MOVE, v:1, k:fup@sapinho, mode:EDIT
2026-06-06 13:17:36, EXEC, v:1, k:fup@sapinho, mode:FULL, rate:0, size:22
2026-06-06 13:17:48, EXEC, v:1, k:fup@sapinho, mode:FULL, rate:0, size:22
2026-06-06 13:18:42, EXEC, v:1, k:fup@sapinho, mode:FULL, rate:0, size:22
2026-06-06 13:18:45, EXEC, v:1, k:fup@sapinho, mode:FULL, rate:0
2026-06-06 13:18:46, EXEC, v:1, k:fup@sapinho, mode:FREE
2026-06-06 13:19:05, MOVE, v:1, k:fup@sapinho, mode:PICK
2026-06-06 13:19:07, EXEC, v:1, k:fup@sapinho, mode:FULL, rate:0
2026-06-06 13:19:44, EXEC, v:1, k:fup@sapinho, mode:FULL, rate:0, size:22
2026-06-06 13:19:50, EXEC, v:1, k:fup@sapinho, mode:FULL, rate:0, size:22
2026-06-06 13:19:59, EXEC, v:1, k:fup@sapinho, mode:FULL, rate:0, size:22
2026-06-06 13:20:19, EXEC, v:1, k:fup@sapinho, mode:FULL, rate:0, size:22
2026-06-06 13:20:38, EXEC, v:1, k:fup@sapinho, mode:FULL, rate:0, size:22
2026-06-06 13:20:58, EXEC, v:1, k:fup@sapinho, mode:FULL, rate:0, size:22
2026-06-06 13:21:11, EXEC, v:1, k:fup@sapinho, mode:FULL, rate:0, size:22
2026-06-06 13:21:41, EXEC, v:1, k:fup@sapinho, mode:FULL, rate:0, size:21
2026-06-06 13:21:40, MOVE, v:1, k:fup@sapinho, mode:EDIT
2026-06-06 13:21:56, MOVE, v:1, k:fup@sapinho, mode:EDIT
2026-06-06 13:24:27, EXEC, v:1, k:fup@sapinho, mode:FULL, rate:0, size:21
2026-06-06 13:25:36, EXEC, v:1, k:fup@sapinho, mode:FULL, rate:0, size:21
2026-06-06 13:26:32, EXEC, v:1, k:fup@sapinho, mode:FULL, rate:0, size:21
2026-06-06 13:26:39, EXEC, v:1, k:fup@sapinho, mode:FULL, rate:0, size:21
2026-06-06 13:27:15, EXEC, v:1, k:fup@sapinho, mode:FULL, rate:0, size:21
2026-06-06 13:29:01, MOVE, v:1, k:fup@sapinho, mode:EDIT
2026-06-06 13:27:15, MOVE, v:1, k:fup@sapinho, mode:EDIT
2026-06-06 13:29:06, EXEC, v:1, k:fup@sapinho, mode:FULL, rate:0, size:21
2026-06-06 13:30:06, EXEC, v:1, k:fup@sapinho, mode:FULL, rate:0, size:21
2026-06-06 13:31:34, EXEC, v:1, k:fup@sapinho, mode:FULL, size:17, fail:COMP
2026-06-06 13:31:42, EXEC, v:1, k:fup@sapinho, mode:FULL, rate:0, size:18
2026-06-06 13:32:47, EXEC, v:1, k:fup@sapinho, mode:FULL, rate:0, size:18
2026-06-06 13:32:46, MOVE, v:1, k:fup@sapinho, mode:EDIT
2026-06-06 13:32:47, MOVE, v:1, k:fup@sapinho, mode:EDIT
2026-06-06 13:35:43, EXEC, v:1, k:fup@sapinho, mode:FULL, rate:0, size:18
2026-06-06 13:36:36, EXEC, v:1, k:fup@sapinho, mode:FULL, rate:100, size:18
2026-06-06 13:36:41, SELF, v:1, k:fup@sapinho, self:1, rate:100
2026-06-06 13:36:35, MOVE, v:1, k:fup@sapinho, mode:EDIT
2026-06-06 13:36:36, MOVE, v:1, k:fup@sapinho, mode:EDIT
2026-06-06 13:40:23, MOVE, v:1, k:fup@sapinho, mode:BACK
2026-06-06 13:40:31, MOVE, v:1, k:fup@fatores, mode:DOWN
2026-06-06 13:40:35, MOVE, v:1, k:fup@fatores, mode:PICK
2026-06-06 13:40:31, MOVE, v:1, k:fup@fatores, mode:EDIT
2026-06-06 13:40:31, MOVE, v:1, k:fup@fatores, mode:EDIT
2026-06-06 13:43:57, MOVE, v:1, k:fup@fatores, mode:EDIT
2026-06-06 13:47:09, EXEC, v:1, k:fup@fatores, mode:FULL, size:19, fail:COMP
2026-06-06 13:47:04, MOVE, v:1, k:fup@fatores, mode:EDIT
2026-06-06 13:56:08, MOVE, v:1, k:fup@fatores, mode:EDIT
2026-06-06 14:02:16, MOVE, v:1, k:fup@fatores, mode:EDIT
2026-06-06 14:08:48, MOVE, v:1, k:fup@fatores, mode:EDIT
2026-06-06 14:11:02, EXEC, v:1, k:fup@fatores, mode:FULL, rate:0, size:22
2026-06-06 14:12:15, EXEC, v:1, k:fup@fatores, mode:FULL, rate:0, size:22
2026-06-06 14:12:45, EXEC, v:1, k:fup@fatores, mode:FULL, rate:0, size:21
2026-06-06 14:13:32, EXEC, v:1, k:fup@fatores, mode:FULL, rate:0, size:21
2026-06-06 14:13:30, MOVE, v:1, k:fup@fatores, mode:EDIT
2026-06-06 14:13:32, MOVE, v:1, k:fup@fatores, mode:EDIT
2026-06-06 14:14:16, EXEC, v:1, k:fup@fatores, mode:FULL, rate:0
2026-06-06 14:14:22, EXEC, v:1, k:fup@fatores, mode:FULL, rate:0, size:21
2026-06-06 14:14:55, EXEC, v:1, k:fup@fatores, mode:FULL, rate:0, size:21
2026-06-06 14:16:23, EXEC, v:1, k:fup@fatores, mode:FULL, rate:0, size:22
2026-06-06 14:18:37, EXEC, v:1, k:fup@fatores, mode:FULL, rate:0, size:23
2026-06-06 14:18:37, MOVE, v:1, k:fup@fatores, mode:EDIT
2026-06-06 14:18:37, MOVE, v:1, k:fup@fatores, mode:EDIT
2026-06-06 14:21:03, EXEC, v:1, k:fup@fatores, mode:FULL, rate:0, size:22
2026-06-06 14:21:02, MOVE, v:1, k:fup@fatores, mode:EDIT
2026-06-06 14:21:03, MOVE, v:1, k:fup@fatores, mode:EDIT
2026-06-06 14:26:19, EXEC, v:1, k:fup@fatores, mode:FULL, rate:0, size:22
2026-06-06 14:27:13, MOVE, v:1, k:fup@fatores, mode:EDIT
2026-06-06 14:26:19, MOVE, v:1, k:fup@fatores, mode:EDIT
2026-06-06 14:37:51, EXEC, v:1, k:fup@fatores, mode:FULL, rate:0, size:21
2026-06-06 14:37:50, MOVE, v:1, k:fup@fatores, mode:EDIT
2026-06-06 14:37:51, MOVE, v:1, k:fup@fatores, mode:EDIT
2026-06-06 14:42:13, EXEC, v:1, k:fup@fatores, mode:FULL, rate:100, size:25
2026-06-06 14:43:01, SELF, v:1, k:fup@fatores, self:1, rate:100
2026-06-06 14:43:02, MOVE, v:1, k:fup@fatores, mode:BACK
2026-06-06 14:42:12, MOVE, v:1, k:fup@fatores, mode:EDIT
2026-06-06 14:42:12, MOVE, v:1, k:fup@fatores, mode:EDIT
2026-06-06 14:50:44, SELF, v:1, k:sandbox@user_001, self:1
2026-06-06 14:50:49, SELF, v:1, k:sandbox@user_002, self:1
2026-06-06 14:51:13, MOVE, v:1, k:fup@poco, mode:PICK
2026-06-06 14:52:38, MOVE, v:1, k:fup@poco, mode:EDIT
2026-06-06 15:03:56, SELF, v:1, k:fup@poco, self:1
2026-06-06 15:04:00, MOVE, v:1, k:fup@poco, mode:BACK
2026-06-06 15:04:23, MOVE, v:1, k:fup@sapinho, mode:PICK
2026-06-06 15:05:33, EXEC, v:1, k:fup@sapinho, mode:FULL, rate:100
2026-06-06 15:05:39, MOVE, v:1, k:fup@sapinho, mode:BACK
2026-06-06 15:05:43, MOVE, v:1, k:fup@poco, mode:PICK
2026-06-06 15:05:45, EXEC, v:1, k:fup@poco, mode:FULL, size:26, fail:COMP
2026-06-06 15:05:56, EXEC, v:1, k:fup@poco, mode:FULL, size:19, fail:COMP
2026-06-06 15:06:01, EXEC, v:1, k:fup@poco, mode:FULL, size:19, fail:COMP
2026-06-06 15:06:31, EXEC, v:1, k:fup@poco, mode:FULL, rate:0, size:19
2026-06-06 15:07:50, EXEC, v:1, k:fup@poco, mode:FULL, rate:0, size:19
2026-06-06 15:08:07, EXEC, v:1, k:fup@poco, mode:FULL, rate:0, size:19
2026-06-06 15:08:18, EXEC, v:1, k:fup@poco, mode:FULL, rate:0, size:19
2026-06-06 15:08:49, EXEC, v:1, k:fup@poco, mode:FULL, rate:0, size:19
2026-06-06 15:09:02, EXEC, v:1, k:fup@poco, mode:FULL, rate:0, size:19
2026-06-06 15:09:01, MOVE, v:1, k:fup@poco, mode:EDIT
2026-06-06 15:05:33, MOVE, v:1, k:fup@sapinho, mode:EDIT
2026-06-06 15:09:02, MOVE, v:1, k:fup@poco, mode:EDIT
2026-06-06 15:11:24, EXEC, v:1, k:fup@poco, mode:FULL, rate:0, size:19
2026-06-06 15:13:41, EXEC, v:1, k:fup@poco, mode:FULL, rate:0, size:19
2026-06-06 15:13:48, EXEC, v:1, k:fup@poco, mode:FULL, rate:0, size:19
2026-06-06 15:13:47, MOVE, v:1, k:fup@poco, mode:EDIT
2026-06-06 15:13:48, MOVE, v:1, k:fup@poco, mode:EDIT
2026-06-06 15:15:36, EXEC, v:1, k:fup@poco, mode:FULL, rate:0
2026-06-06 15:18:24, MOVE, v:1, k:fup@poco, mode:EDIT
2026-06-06 15:15:36, MOVE, v:1, k:fup@poco, mode:EDIT
2026-06-06 15:22:48, EXEC, v:1, k:fup@poco, mode:FULL, size:22, fail:COMP
2026-06-06 15:23:17, EXEC, v:1, k:fup@poco, mode:FULL, rate:0, size:21
2026-06-06 15:23:15, MOVE, v:1, k:fup@poco, mode:EDIT
2026-06-06 15:23:15, MOVE, v:1, k:fup@poco, mode:EDIT
2026-06-06 15:24:51, EXEC, v:1, k:fup@poco, mode:FULL, rate:0, size:22
2026-06-06 15:25:36, EXEC, v:1, k:fup@poco, mode:FULL, size:21, fail:COMP
2026-06-06 15:25:45, EXEC, v:1, k:fup@poco, mode:FULL, rate:0, size:21
2026-06-06 15:27:26, EXEC, v:1, k:fup@poco, mode:FULL, rate:16, size:21
2026-06-06 15:28:49, EXEC, v:1, k:fup@poco, mode:FULL, rate:16, size:23
2026-06-06 15:28:47, MOVE, v:1, k:fup@poco, mode:EDIT
2026-06-06 15:28:47, MOVE, v:1, k:fup@poco, mode:EDIT
2026-06-06 15:29:57, EXEC, v:1, k:fup@poco, mode:FULL, rate:66, size:24
2026-06-06 15:30:28, EXEC, v:1, k:fup@poco, mode:FULL, rate:33, size:24
2026-06-06 15:30:59, EXEC, v:1, k:fup@poco, mode:FULL, rate:33, size:24
2026-06-06 15:32:47, EXEC, v:1, k:fup@poco, mode:FULL, rate:66, size:24
2026-06-06 15:33:38, EXEC, v:1, k:fup@poco, mode:FULL, rate:33, size:24
2026-06-06 15:33:43, EXEC, v:1, k:fup@poco, mode:FULL, rate:66, size:24
2026-06-06 15:33:43, MOVE, v:1, k:fup@poco, mode:EDIT
2026-06-06 15:33:43, MOVE, v:1, k:fup@poco, mode:EDIT
2026-06-06 15:40:30, EXEC, v:1, k:fup@poco, mode:FULL, size:29, fail:COMP
2026-06-06 15:40:36, EXEC, v:1, k:fup@poco, mode:FULL, rate:50, size:29
2026-06-06 15:41:31, EXEC, v:1, k:fup@poco, mode:FULL, rate:50, size:30
2026-06-06 15:41:38, EXEC, v:1, k:fup@poco, mode:FULL, rate:50
2026-06-06 15:41:53, EXEC, v:1, k:fup@poco, mode:FULL, rate:50, size:30
2026-06-06 15:42:04, EXEC, v:1, k:fup@poco, mode:FULL, rate:66, size:30
2026-06-06 15:42:29, EXEC, v:1, k:fup@poco, mode:FULL, rate:33, size:30
2026-06-06 15:42:38, EXEC, v:1, k:fup@poco, mode:FULL, rate:33, size:26
2026-06-06 15:43:12, EXEC, v:1, k:fup@poco, mode:FULL, rate:66, size:26
2026-06-06 15:43:32, EXEC, v:1, k:fup@poco, mode:FULL, rate:66, size:31
2026-06-06 15:43:38, EXEC, v:1, k:fup@poco, mode:FULL, rate:66, size:29
2026-06-06 15:43:38, MOVE, v:1, k:fup@poco, mode:EDIT
2026-06-06 15:43:38, MOVE, v:1, k:fup@poco, mode:EDIT
2026-06-06 15:45:17, EXEC, v:1, k:fup@poco, mode:FULL, rate:66, size:25
2026-06-06 15:47:56, MOVE, v:1, k:fup@poco, mode:EDIT
2026-06-06 15:45:17, MOVE, v:1, k:fup@poco, mode:EDIT
2026-06-06 19:46:00, MOVE, v:1, k:fup@poco, mode:PICK
2026-06-06 19:46:04, EXEC, v:1, k:fup@poco, mode:FULL, rate:66, size:27
2026-06-06 19:45:59, MOVE, v:1, k:fup@poco, mode:EDIT
2026-06-06 19:46:03, MOVE, v:1, k:fup@poco, mode:EDIT
2026-06-06 20:00:44, EXEC, v:1, k:fup@poco, mode:FULL, rate:33, size:29
2026-06-06 20:01:29, EXEC, v:1, k:fup@poco, mode:FULL, rate:66, size:29
2026-06-06 20:01:29, MOVE, v:1, k:fup@poco, mode:EDIT
2026-06-06 20:01:29, MOVE, v:1, k:fup@poco, mode:EDIT
2026-06-06 20:07:37, MOVE, v:1, k:fup@poco, mode:EDIT
2026-06-06 20:07:41, EXEC, v:1, k:fup@poco, mode:FULL, rate:0, size:23
2026-06-06 20:07:43, EXEC, v:1, k:fup@poco, mode:FULL, rate:0
2026-06-06 20:08:46, EXEC, v:1, k:fup@poco, mode:FULL, rate:0, size:23
2026-06-06 20:09:07, EXEC, v:1, k:fup@poco, mode:FULL, rate:0, size:23
2026-06-06 20:10:15, EXEC, v:1, k:fup@poco, mode:FULL, size:25, fail:COMP
2026-06-06 20:10:27, EXEC, v:1, k:fup@poco, mode:FULL, rate:33, size:25
2026-06-06 20:12:18, EXEC, v:1, k:fup@poco, mode:FULL, rate:33, size:25
2026-06-06 20:12:18, MOVE, v:1, k:fup@poco, mode:EDIT
2026-06-06 20:12:28, MOVE, v:1, k:fup@poco, mode:EDIT
2026-06-06 20:12:54, EXEC, v:1, k:fup@poco, mode:FULL, rate:66, size:25
2026-06-06 20:13:12, EXEC, v:1, k:fup@poco, mode:FULL, rate:33, size:25
2026-06-06 20:13:28, EXEC, v:1, k:fup@poco, mode:FULL, rate:33, size:25
2026-06-06 20:13:40, EXEC, v:1, k:fup@poco, mode:FULL, rate:33, size:25
2026-06-06 20:13:49, EXEC, v:1, k:fup@poco, mode:FULL, rate:66, size:25
2026-06-06 20:14:13, MOVE, v:1, k:fup@poco, mode:PICK
2026-06-06 20:14:46, EXEC, v:1, k:fup@poco, mode:FULL, rate:66
2026-06-06 20:17:02, EXEC, v:1, k:fup@poco, mode:FULL, rate:66, size:24
2026-06-06 20:17:02, MOVE, v:1, k:fup@poco, mode:EDIT
2026-06-06 20:19:09, MOVE, v:1, k:fup@poco, mode:EDIT
2026-06-06 20:19:26, EXEC, v:1, k:fup@poco, mode:FULL, rate:0, size:26
2026-06-06 20:20:30, EXEC, v:1, k:fup@poco, mode:FULL, rate:100, size:28
2026-06-06 20:21:06, MOVE, v:1, k:fup@poco, mode:BACK
2026-06-06 20:21:44, MOVE, v:1, k:sandbox@user_001, mode:PICK
2026-06-06 20:21:55, EXEC, v:1, k:sandbox@user_001, mode:FULL, size:38, fail:COMP
2026-06-06 20:21:56, MOVE, v:1, k:sandbox@user_001, mode:BACK
2026-06-06 20:22:10, MOVE, v:1, k:eval1@pares, mode:PICK
2026-06-06 20:23:51, MOVE, v:1, k:eval1@pares, mode:BACK
2026-06-06 20:23:56, MOVE, v:1, k:eval1@pares, mode:PICK
2026-06-06 20:20:29, MOVE, v:1, k:fup@poco, mode:EDIT
2026-06-06 20:20:30, MOVE, v:1, k:fup@poco, mode:EDIT
2026-06-06 20:22:52, MOVE, v:1, k:eval1@pares, mode:EDIT
2026-06-06 20:27:10, EXEC, v:1, k:eval1@pares, mode:FULL, rate:14, size:14
2026-06-06 20:28:55, EXEC, v:1, k:eval1@pares, mode:FULL, rate:14, size:18
2026-06-06 20:28:54, MOVE, v:1, k:eval1@pares, mode:EDIT
2026-06-06 20:28:55, MOVE, v:1, k:eval1@pares, mode:EDIT
2026-06-06 20:33:17, EXEC, v:1, k:eval1@pares, mode:FULL, rate:0, size:20
2026-06-06 20:33:53, EXEC, v:1, k:eval1@pares, mode:FULL, rate:0, size:15
2026-06-06 20:33:52, MOVE, v:1, k:eval1@pares, mode:EDIT
2026-06-06 20:33:53, MOVE, v:1, k:eval1@pares, mode:EDIT
2026-06-06 20:34:30, EXEC, v:1, k:eval1@pares, mode:FULL, rate:0, size:15
2026-06-06 20:35:48, EXEC, v:1, k:eval1@pares, mode:FULL, rate:0, size:20
2026-06-06 20:36:21, EXEC, v:1, k:eval1@pares, mode:FULL, rate:0, size:21
2026-06-06 20:36:43, EXEC, v:1, k:eval1@pares, mode:FULL, rate:14, size:22
2026-06-06 20:37:58, EXEC, v:1, k:eval1@pares, mode:FULL, rate:100, size:22
2026-06-06 20:37:58, MOVE, v:1, k:eval1@pares, mode:EDIT
2026-06-06 20:37:58, MOVE, v:1, k:eval1@pares, mode:EDIT
2026-06-06 20:45:13, SELF, v:1, k:eval1@pares, self:1, rate:100
2026-06-06 20:45:14, MOVE, v:1, k:eval1@pares, mode:BACK
2026-06-06 20:45:46, MOVE, v:1, k:fup@baruel, mode:PICK
2026-06-06 20:46:18, EXEC, v:1, k:fup@baruel, mode:FULL, size:38, fail:COMP
2026-06-06 20:46:35, EXEC, v:1, k:fup@baruel, mode:FULL, rate:0, size:37
2026-06-06 20:46:44, MOVE, v:1, k:fup@baruel, mode:BACK
2026-06-06 20:46:47, MOVE, v:1, k:fup@tazos, mode:PICK
2026-06-06 20:47:00, EXEC, v:1, k:fup@tazos, mode:FULL, size:38, fail:COMP
2026-06-06 20:47:14, EXEC, v:1, k:fup@tazos, mode:FULL, rate:0, size:37
2026-06-06 20:48:38, MOVE, v:1, k:fup@tazos, mode:BACK
2026-06-06 20:48:52, MOVE, v:1, k:fup@ceu, mode:PICK
2026-06-06 20:49:01, MOVE, v:1, k:fup@ceu, mode:BACK
2026-06-06 20:49:11, MOVE, v:1, k:eval1@ceu, mode:PICK
2026-06-06 20:45:33, MOVE, v:1, k:eval1@pares, mode:EDIT
2026-06-06 20:46:34, MOVE, v:1, k:fup@baruel, mode:EDIT
2026-06-06 20:46:35, MOVE, v:1, k:fup@baruel, mode:EDIT
2026-06-06 20:47:12, MOVE, v:1, k:fup@tazos, mode:EDIT
2026-06-06 20:47:13, MOVE, v:1, k:fup@tazos, mode:EDIT
2026-06-06 20:49:21, EXEC, v:1, k:eval1@ceu, mode:FULL, rate:100, size:22
2026-06-06 20:49:25, SELF, v:1, k:eval1@ceu, self:1, rate:100
2026-06-06 20:49:25, MOVE, v:1, k:eval1@ceu, mode:BACK
2026-06-06 20:50:22, MOVE, v:1, k:fup@primo, mode:DOWN
2026-06-06 20:50:23, MOVE, v:1, k:fup@primo, mode:PICK
2026-06-06 20:49:19, MOVE, v:1, k:eval1@ceu, mode:EDIT
2026-06-06 20:49:21, MOVE, v:1, k:eval1@ceu, mode:EDIT
2026-06-06 20:50:23, MOVE, v:1, k:fup@primo, mode:EDIT
2026-06-06 20:50:23, MOVE, v:1, k:fup@primo, mode:EDIT
2026-06-06 20:54:11, MOVE, v:1, k:fup@primo, mode:EDIT
2026-06-06 20:54:17, EXEC, v:1, k:fup@primo, mode:FULL, size:13, fail:COMP
2026-06-06 20:54:53, MOVE, v:1, k:fup@primo, mode:PICK
2026-06-06 20:54:55, EXEC, v:1, k:fup@primo, mode:FULL, rate:0, size:14
2026-06-06 20:58:03, MOVE, v:1, k:fup@primo, mode:PICK
2026-06-06 20:58:04, EXEC, v:1, k:fup@primo, mode:FULL, rate:0, size:19
2026-06-06 20:58:42, EXEC, v:1, k:fup@primo, mode:FULL, rate:100, size:19
2026-06-06 20:58:45, SELF, v:1, k:fup@primo, self:1, rate:100
2026-06-06 20:58:46, MOVE, v:1, k:fup@primo, mode:BACK
2026-06-06 20:59:19, MOVE, v:1, k:fup@castelos, mode:DOWN
2026-06-06 20:59:23, MOVE, v:1, k:fup@castelos, mode:PICK
2026-06-06 20:58:41, MOVE, v:1, k:fup@primo, mode:EDIT
2026-06-06 20:58:40, MOVE, v:1, k:fup@primo, mode:EDIT
2026-06-06 20:59:19, MOVE, v:1, k:fup@castelos, mode:EDIT
2026-06-06 20:59:19, MOVE, v:1, k:fup@castelos, mode:EDIT
2026-06-06 21:00:53, MOVE, v:1, k:fup@castelos, mode:EDIT
2026-06-06 21:03:24, MOVE, v:1, k:fup@castelos, mode:BACK
