2026-05-04 12:08:57, MOVE, v:1, k:fup@pares, mode:PICK
2026-05-04 12:09:00, EXEC, v:1, k:fup@pares, mode:FULL, rate:100
2026-05-04 12:09:01, MOVE, v:1, k:fup@pares, mode:BACK
2026-05-04 12:09:10, MOVE, v:1, k:fup@sapatos, mode:PICK
2026-05-04 12:09:25, EXEC, v:1, k:fup@sapatos, mode:FULL, rate:100
2026-05-04 12:09:40, MOVE, v:1, k:fup@sapatos, mode:BACK
2026-05-04 12:09:44, MOVE, v:1, k:fup@filhos, mode:PICK
2026-05-04 12:09:45, MOVE, v:1, k:fup@filhos, mode:BACK
2026-05-04 12:09:47, MOVE, v:1, k:fup@filhos, mode:PICK
2026-05-04 12:09:48, EXEC, v:1, k:fup@filhos, mode:FULL, rate:33
2026-05-04 12:09:25, MOVE, v:1, k:fup@sapatos, mode:EDIT
2026-05-04 12:09:47, MOVE, v:1, k:fup@filhos, mode:EDIT
2026-05-04 12:12:42, MOVE, v:1, k:fup@filhos, mode:EDIT
2026-05-04 12:23:35, EXEC, v:1, k:fup@filhos, mode:FULL, rate:0, size:10
2026-05-04 12:23:15, MOVE, v:1, k:fup@filhos, mode:EDIT
2026-05-04 12:23:35, MOVE, v:1, k:fup@filhos, mode:EDIT
2026-05-04 12:25:22, EXEC, v:1, k:fup@filhos, mode:FULL, rate:0
2026-05-04 12:25:53, EXEC, v:1, k:fup@filhos, mode:FULL, rate:0, size:10
2026-05-04 12:26:22, EXEC, v:1, k:fup@filhos, mode:FULL, rate:0, size:10
2026-05-04 12:27:26, EXEC, v:1, k:fup@filhos, mode:FULL, rate:0, size:9
2026-05-04 12:27:39, EXEC, v:1, k:fup@filhos, mode:FULL, rate:0, size:9
2026-05-04 12:27:47, EXEC, v:1, k:fup@filhos, mode:FULL, rate:0, size:9
2026-05-04 12:27:47, MOVE, v:1, k:fup@filhos, mode:EDIT
2026-05-04 12:27:46, MOVE, v:1, k:fup@filhos, mode:EDIT
2026-05-04 12:31:20, EXEC, v:1, k:fup@filhos, mode:FULL, rate:0, size:9
2026-05-04 12:32:46, EXEC, v:1, k:fup@filhos, mode:FULL, rate:0, size:9
2026-05-04 12:35:29, MOVE, v:1, k:fup@filhos, mode:PICK
2026-05-04 12:35:31, EXEC, v:1, k:fup@filhos, mode:FULL, rate:0, size:9
2026-05-04 12:36:13, MOVE, v:1, k:fup@filhos, mode:BACK
2026-05-04 12:36:31, MOVE, v:1, k:fup@vet_i, mode:PICK
2026-05-04 12:37:56, EXEC, v:1, k:fup@vet_i, mode:FULL, rate:75, size:14
2026-05-04 12:35:42, MOVE, v:1, k:fup@filhos, mode:EDIT
2026-05-04 12:35:31, MOVE, v:1, k:fup@filhos, mode:EDIT
2026-05-04 12:37:56, MOVE, v:1, k:fup@vet_i, mode:EDIT
2026-05-04 12:40:06, MOVE, v:1, k:fup@vet_i, mode:BACK
2026-05-04 12:40:49, MOVE, v:1, k:fup@esconde, mode:DOWN
2026-05-04 12:42:01, MOVE, v:1, k:fup@esconde, mode:PICK
2026-05-04 12:40:49, MOVE, v:1, k:fup@esconde, mode:EDIT
2026-05-04 12:40:49, MOVE, v:1, k:fup@esconde, mode:EDIT
2026-05-04 12:42:57, MOVE, v:1, k:fup@esconde, mode:EDIT
2026-05-04 12:46:42, EXEC, v:1, k:fup@esconde, mode:FULL, size:15, fail:COMP
2026-05-04 12:47:54, MOVE, v:1, k:fup@esconde, mode:EDIT
2026-05-04 12:50:41, EXEC, v:1, k:fup@esconde, mode:FULL, rate:0, size:14
2026-05-04 12:51:01, EXEC, v:1, k:fup@esconde, mode:FULL, rate:0, size:14
2026-05-04 12:51:19, MOVE, v:1, k:fup@esconde, mode:BACK
