2026-04-23 11:10:34, MOVE, v:1, k:fup@loop_iii, mode:DOWN
2026-04-23 11:10:34, MOVE, v:1, k:fup@loop_iii, mode:EDIT
2026-04-23 11:10:34, MOVE, v:1, k:fup@loop_iii, mode:EDIT
2026-04-23 11:44:35, MOVE, v:1, k:fup@loop_iii, mode:PICK
2026-04-23 11:44:39, EXEC, v:1, k:fup@loop_iii, mode:FULL, rate:100, size:11
2026-04-23 11:44:33, MOVE, v:1, k:fup@loop_iii, mode:EDIT
2026-04-23 11:44:39, MOVE, v:1, k:fup@loop_iii, mode:EDIT
2026-04-23 11:47:01, SELF, v:1, k:fup@loop_iii, self:1, rate:100
2026-04-23 11:47:03, MOVE, v:1, k:fup@loop_iii, mode:BACK
2026-04-23 11:47:14, SELF, v:1, k:fup@loop_ii, self:1, guided:1, concept:1
2026-04-23 11:47:21, MOVE, v:1, k:fup@loop_ii, mode:PICK
2026-04-23 11:47:23, MOVE, v:1, k:fup@loop_ii, mode:BACK
2026-04-23 11:47:36, SELF, v:1, k:fup@loop_ii, self:1, guided:1, concept:1
2026-04-23 11:47:37, MOVE, v:1, k:fup@loop_ii, mode:PICK
2026-04-23 11:47:38, MOVE, v:1, k:fup@loop_ii, mode:BACK
2026-04-23 11:47:41, MOVE, v:1, k:fup@loop_ii, mode:PICK
2026-04-23 11:47:43, MOVE, v:1, k:fup@loop_ii, mode:BACK
2026-04-23 11:48:04, MOVE, v:1, k:fup@loop_ii, mode:PICK
2026-04-23 11:48:07, EXEC, v:1, k:fup@loop_ii, mode:FULL, rate:100
2026-04-23 11:48:09, MOVE, v:1, k:fup@loop_ii, mode:BACK
2026-04-23 11:48:13, MOVE, v:1, k:fup@loop_i, mode:PICK
2026-04-23 11:48:16, EXEC, v:1, k:fup@loop_i, mode:FULL, rate:100
2026-04-23 11:48:18, MOVE, v:1, k:fup@loop_i, mode:BACK
2026-04-23 11:48:51, MOVE, v:1, k:fup@round, mode:PICK
2026-04-23 11:48:07, MOVE, v:1, k:fup@loop_ii, mode:EDIT
2026-04-23 11:48:16, MOVE, v:1, k:fup@loop_i, mode:EDIT
2026-04-23 11:52:40, MOVE, v:1, k:fup@round, mode:EDIT
2026-04-23 11:59:43, MOVE, v:1, k:fup@round, mode:EDIT
2026-04-23 12:05:11, MOVE, v:1, k:fup@round, mode:EDIT
2026-04-23 12:10:19, MOVE, v:1, k:fup@round, mode:EDIT
2026-04-23 12:15:21, MOVE, v:1, k:fup@round, mode:EDIT
2026-04-23 12:17:11, EXEC, v:1, k:fup@round, mode:FULL, rate:100, size:14
2026-04-23 12:17:14, MOVE, v:1, k:fup@round, mode:BACK
2026-04-23 12:17:30, SELF, v:1, k:fup@round, self:1, rate:100, code:1
2026-04-23 12:17:56, MOVE, v:1, k:fup@monica, mode:PICK
2026-04-23 12:18:05, EXEC, v:1, k:fup@monica, mode:FULL, rate:62, size:15
2026-04-23 12:17:09, MOVE, v:1, k:fup@round, mode:EDIT
2026-04-23 12:17:11, MOVE, v:1, k:fup@round, mode:EDIT
2026-04-23 12:18:05, MOVE, v:1, k:fup@monica, mode:EDIT
2026-04-23 12:29:56, EXEC, v:1, k:fup@monica, mode:FULL, rate:100, size:15
2026-04-23 12:29:59, MOVE, v:1, k:fup@monica, mode:BACK
2026-04-23 12:30:04, SELF, v:1, k:fup@monica, self:1, rate:100
2026-04-23 12:30:16, MOVE, v:1, k:fup@teleferico, mode:PICK
2026-04-23 12:29:54, MOVE, v:1, k:fup@monica, mode:EDIT
2026-04-23 12:29:56, MOVE, v:1, k:fup@monica, mode:EDIT
2026-04-23 12:45:00, MOVE, v:1, k:fup@teleferico, mode:EDIT
2026-04-23 12:48:31, MOVE, v:1, k:fup@teleferico, mode:EDIT
2026-04-23 12:54:28, MOVE, v:1, k:fup@teleferico, mode:EDIT
2026-04-23 12:57:20, EXEC, v:1, k:fup@teleferico, mode:FULL, size:10, fail:COMP
2026-04-23 12:59:37, MOVE, v:1, k:fup@teleferico, mode:BACK
2026-04-23 12:59:03, MOVE, v:1, k:fup@teleferico, mode:EDIT
