2026-04-12 17:01:09, MOVE, v:1, k:fup@pr_jokenpo, mode:PICK
2026-04-12 17:03:48, MOVE, v:1, k:fup@pr_jokenpo, mode:EDIT
2026-04-12 17:08:55, MOVE, v:1, k:fup@pr_jokenpo, mode:EDIT
2026-04-12 17:15:00, EXEC, v:1, k:fup@pr_jokenpo, mode:LOCK, rate:0, size:15
2026-04-12 17:14:56, MOVE, v:1, k:fup@pr_jokenpo, mode:EDIT
2026-04-12 17:14:59, MOVE, v:1, k:fup@pr_jokenpo, mode:EDIT
2026-04-12 17:15:23, EXEC, v:1, k:fup@pr_jokenpo, mode:FREE
2026-04-12 17:15:24, MOVE, v:1, k:fup@pr_jokenpo, mode:EDIT
2026-04-12 17:19:47, MOVE, v:1, k:fup@pr_jokenpo, mode:EDIT
2026-04-12 17:25:00, MOVE, v:1, k:fup@pr_jokenpo, mode:EDIT
2026-04-12 17:29:56, MOVE, v:1, k:fup@pr_jokenpo, mode:EDIT
2026-04-12 17:35:14, MOVE, v:1, k:fup@pr_jokenpo, mode:EDIT
2026-04-12 17:36:20, MOVE, v:1, k:fup@pr_jokenpo, mode:PICK
2026-04-12 17:36:21, EXEC, v:1, k:fup@pr_jokenpo, mode:FREE, size:25
2026-04-12 17:36:37, EXEC, v:1, k:fup@pr_jokenpo, mode:FREE
2026-04-12 17:36:51, MOVE, v:1, k:fup@pr_jokenpo, mode:BACK
2026-04-12 17:36:51, MOVE, v:1, k:fup@pr_jokenpo, mode:PICK
2026-04-12 17:36:52, MOVE, v:1, k:fup@pr_jokenpo, mode:BACK
2026-04-12 17:36:52, MOVE, v:1, k:fup@pr_jokenpo, mode:PICK
2026-04-12 17:37:18, EXEC, v:1, k:fup@pr_jokenpo, mode:FREE, size:25
2026-04-12 17:37:56, MOVE, v:1, k:fup@pr_jokenpo, mode:BACK
2026-04-12 17:41:17, MOVE, v:1, k:fup@pr_jokenpo, mode:EDIT
2026-04-12 17:37:44, MOVE, v:1, k:fup@pr_jokenpo, mode:EDIT
2026-04-12 17:46:17, MOVE, v:1, k:fup@pr_jokenpo, mode:EDIT
2026-04-12 17:48:39, MOVE, v:1, k:fup@pr_jokenpo, mode:PICK
2026-04-12 17:48:40, EXEC, v:1, k:fup@pr_jokenpo, mode:FREE, size:37
2026-04-12 17:51:00, MOVE, v:1, k:fup@pr_jokenpo, mode:EDIT
2026-04-12 17:53:22, MOVE, v:1, k:fup@pr_jokenpo, mode:PICK
2026-04-12 17:53:26, EXEC, v:1, k:fup@pr_jokenpo, mode:FREE, size:36
2026-04-12 17:57:42, MOVE, v:1, k:fup@pr_jokenpo, mode:PICK
2026-04-12 17:57:45, EXEC, v:1, k:fup@pr_jokenpo, mode:FREE, size:37
2026-04-12 17:57:46, MOVE, v:1, k:fup@pr_jokenpo, mode:EDIT
2026-04-12 18:00:05, MOVE, v:1, k:fup@pr_jokenpo, mode:EDIT
2026-04-12 18:06:33, MOVE, v:1, k:fup@pr_jokenpo, mode:PICK
2026-04-12 18:08:04, EXEC, v:1, k:fup@pr_jokenpo, mode:FREE, size:37
2026-04-12 18:08:05, MOVE, v:1, k:fup@pr_jokenpo, mode:EDIT
2026-04-12 18:10:54, MOVE, v:1, k:fup@pr_jokenpo, mode:EDIT
2026-04-12 18:13:11, MOVE, v:1, k:fup@pr_jokenpo, mode:EDIT
