2026-05-12 17:13:04, MOVE, v:1, k:fup@colorido, mode:PICK
2026-05-12 17:14:17, EXEC, v:1, k:fup@colorido, mode:FULL, size:33, fail:COMP
2026-05-12 17:14:56, EXEC, v:1, k:fup@colorido, mode:FULL, rate:0, size:26
2026-05-12 17:15:27, EXEC, v:1, k:fup@colorido, mode:FULL, rate:0, size:27
2026-05-12 17:15:37, EXEC, v:1, k:fup@colorido, mode:FULL, rate:0, size:27
2026-05-12 17:16:22, EXEC, v:1, k:fup@colorido, mode:FULL, rate:0, size:28
2026-05-12 17:16:36, EXEC, v:1, k:fup@colorido, mode:FULL, rate:0, size:28
2026-05-12 17:16:35, MOVE, v:1, k:fup@colorido, mode:EDIT
2026-05-12 17:16:36, MOVE, v:1, k:fup@colorido, mode:EDIT
2026-05-12 17:18:30, EXEC, v:1, k:fup@colorido, mode:FULL, rate:0, size:28
2026-05-12 17:18:41, MOVE, v:1, k:fup@colorido, mode:BACK
2026-05-12 17:18:48, MOVE, v:1, k:fup@fuga, mode:PICK
2026-05-12 17:18:28, MOVE, v:1, k:fup@colorido, mode:EDIT
2026-05-12 17:18:30, MOVE, v:1, k:fup@colorido, mode:EDIT
2026-05-12 17:20:38, MOVE, v:1, k:fup@fuga, mode:EDIT
2026-05-12 17:26:32, EXEC, v:1, k:fup@fuga, mode:FULL, size:11, fail:COMP
2026-05-12 17:27:08, EXEC, v:1, k:fup@fuga, mode:FULL, rate:20, size:10
2026-05-12 17:27:51, EXEC, v:1, k:fup@fuga, mode:FULL, rate:0, size:10
2026-05-12 17:27:50, MOVE, v:1, k:fup@fuga, mode:EDIT
2026-05-12 17:27:51, MOVE, v:1, k:fup@fuga, mode:EDIT
2026-05-12 17:28:15, EXEC, v:1, k:fup@fuga, mode:FULL, rate:10, size:12
2026-05-12 17:28:42, EXEC, v:1, k:fup@fuga, mode:FULL, rate:40, size:12
2026-05-12 17:31:03, EXEC, v:1, k:fup@fuga, mode:FULL, rate:40, size:12
2026-05-12 17:32:50, MOVE, v:1, k:fup@fuga, mode:EDIT
2026-05-12 17:31:03, MOVE, v:1, k:fup@fuga, mode:EDIT
2026-05-12 17:34:23, EXEC, v:1, k:fup@fuga, mode:FULL, size:12, fail:COMP
2026-05-12 17:34:37, EXEC, v:1, k:fup@fuga, mode:FULL, rate:30, size:12
2026-05-12 17:35:51, EXEC, v:1, k:fup@fuga, mode:FULL, rate:30, size:12
2026-05-12 17:37:09, EXEC, v:1, k:fup@fuga, mode:FULL, rate:30, size:12
2026-05-12 17:37:49, MOVE, v:1, k:fup@fuga, mode:EDIT
2026-05-12 17:37:08, MOVE, v:1, k:fup@fuga, mode:EDIT
2026-05-12 17:38:40, MOVE, v:1, k:fup@fuga, mode:BACK
2026-05-12 17:40:16, MOVE, v:1, k:fup@vet_i, mode:PICK
2026-05-12 17:40:29, MOVE, v:1, k:fup@vet_i, mode:BACK
2026-05-12 17:45:29, MOVE, v:1, k:fup@colorido, mode:PICK
2026-05-12 17:45:31, EXEC, v:1, k:fup@colorido, mode:FULL, rate:0, size:20
2026-05-12 17:49:21, EXEC, v:1, k:fup@colorido, mode:FULL, size:18, fail:COMP
2026-05-12 17:45:31, MOVE, v:1, k:fup@colorido, mode:EDIT
2026-05-12 17:50:18, MOVE, v:1, k:fup@colorido, mode:EDIT
2026-05-12 17:50:32, EXEC, v:1, k:fup@colorido, mode:FULL, size:17, fail:COMP
2026-05-12 17:52:51, EXEC, v:1, k:fup@colorido, mode:FULL, rate:0, size:18
2026-05-12 17:54:19, EXEC, v:1, k:fup@colorido, mode:FULL, rate:0, size:20
2026-05-12 17:54:29, EXEC, v:1, k:fup@colorido, mode:FULL, rate:0, size:21
2026-05-12 17:55:02, EXEC, v:1, k:fup@colorido, mode:FULL, rate:0, size:27
2026-05-12 17:55:11, EXEC, v:1, k:fup@colorido, mode:FULL, rate:0, size:27
2026-05-12 17:55:11, MOVE, v:1, k:fup@colorido, mode:EDIT
2026-05-12 17:55:11, MOVE, v:1, k:fup@colorido, mode:EDIT
2026-05-12 17:55:27, EXEC, v:1, k:fup@colorido, mode:FULL, size:27, fail:COMP
2026-05-12 17:55:34, EXEC, v:1, k:fup@colorido, mode:FULL, rate:0, size:27
2026-05-12 17:56:24, EXEC, v:1, k:fup@colorido, mode:FULL, rate:0, size:25
2026-05-12 17:56:41, EXEC, v:1, k:fup@colorido, mode:FULL, rate:0, size:26
2026-05-12 17:57:22, MOVE, v:1, k:fup@colorido, mode:PICK
2026-05-12 17:57:23, EXEC, v:1, k:fup@colorido, mode:FULL, size:30, fail:COMP
2026-05-12 17:59:46, MOVE, v:1, k:fup@colorido, mode:BACK
2026-05-12 17:59:48, MOVE, v:1, k:fup@colorido, mode:PICK
2026-05-12 17:59:49, EXEC, v:1, k:fup@colorido, mode:FULL, size:36, fail:COMP
2026-05-12 18:00:25, EXEC, v:1, k:fup@colorido, mode:FULL, size:36, fail:COMP
2026-05-12 18:00:39, MOVE, v:1, k:fup@colorido, mode:EDIT
2026-05-12 18:04:17, MOVE, v:1, k:fup@colorido, mode:BACK
2026-05-12 18:06:56, MOVE, v:1, k:fup@colorido, mode:PICK
2026-05-12 18:06:58, EXEC, v:1, k:fup@colorido, mode:FULL, size:36, fail:COMP
2026-05-12 18:06:55, MOVE, v:1, k:fup@colorido, mode:EDIT
2026-05-12 18:07:08, EXEC, v:1, k:fup@colorido, mode:FULL, rate:0, size:30
2026-05-12 18:11:57, MOVE, v:1, k:fup@colorido, mode:EDIT
2026-05-12 18:07:08, MOVE, v:1, k:fup@colorido, mode:EDIT
2026-05-12 18:13:21, EXEC, v:1, k:fup@colorido, mode:FULL, size:34, fail:COMP
2026-05-12 18:16:01, EXEC, v:1, k:fup@colorido, mode:FULL, size:39, fail:COMP
2026-05-12 18:16:18, EXEC, v:1, k:fup@colorido, mode:FULL, size:37, fail:COMP
2026-05-12 18:16:25, EXEC, v:1, k:fup@colorido, mode:FULL, rate:0, size:37
2026-05-12 18:16:23, MOVE, v:1, k:fup@colorido, mode:EDIT
2026-05-12 18:16:25, MOVE, v:1, k:fup@colorido, mode:EDIT
2026-05-12 18:17:31, MOVE, v:1, k:fup@colorido, mode:BACK
