2026-03-28 17:07:03, MOVE, v:1, k:fup@pintando, mode:PICK
2026-03-28 17:07:07, EXEC, v:1, k:fup@pintando, mode:FULL, size:14, fail:COMP
2026-03-28 17:09:09, EXEC, v:1, k:fup@pintando, mode:FULL, size:14, fail:COMP
2026-03-28 17:09:35, EXEC, v:1, k:fup@pintando, mode:FULL, size:14, fail:COMP
2026-03-28 17:10:10, EXEC, v:1, k:fup@pintando, mode:FULL, size:14, fail:COMP
2026-03-28 17:10:35, EXEC, v:1, k:fup@pintando, mode:FULL, rate:0, size:14
2026-03-28 17:12:45, EXEC, v:1, k:fup@pintando, mode:FULL, rate:0, size:14
2026-03-28 17:12:53, EXEC, v:1, k:fup@pintando, mode:FULL, rate:100, size:14
2026-03-28 17:12:56, EXEC, v:1, k:fup@pintando, mode:FULL, rate:100
2026-03-28 17:12:57, EXEC, v:1, k:fup@pintando, mode:FULL, rate:100
2026-03-28 17:12:58, EXEC, v:1, k:fup@pintando, mode:FULL, rate:100
2026-03-28 17:13:03, MOVE, v:1, k:fup@pintando, mode:BACK
2026-03-28 17:14:03, SELF, v:1, k:fup@pintando, self:1, rate:100, study:15, code:1, debug:1
2026-03-28 17:14:16, MOVE, v:1, k:fup@pintando, mode:PICK
2026-03-28 17:14:19, MOVE, v:1, k:fup@pintando, mode:BACK
2026-03-28 17:15:14, MOVE, v:1, k:fup@bala, mode:DOWN
2026-03-28 17:15:17, MOVE, v:1, k:fup@bala, mode:PICK
2026-03-28 17:41:11, EXEC, v:1, k:fup@bala, mode:FULL, size:12, fail:COMP
2026-03-28 17:41:27, EXEC, v:1, k:fup@bala, mode:FULL, fail:COMP
2026-03-28 17:41:30, EXEC, v:1, k:fup@bala, mode:FULL, fail:COMP
2026-03-28 17:41:36, EXEC, v:1, k:fup@bala, mode:FULL, fail:COMP
2026-03-28 17:41:36, EXEC, v:1, k:fup@bala, mode:FULL, fail:COMP
2026-03-28 17:41:49, EXEC, v:1, k:fup@bala, mode:FULL, rate:0, size:12
2026-03-28 17:43:25, EXEC, v:1, k:fup@bala, mode:FULL, rate:0, size:12
2026-03-28 17:44:45, EXEC, v:1, k:fup@bala, mode:FULL, rate:0, size:12
2026-03-28 17:45:40, EXEC, v:1, k:fup@bala, mode:FULL, rate:0, size:12
2026-03-28 17:45:57, EXEC, v:1, k:fup@bala, mode:FULL, rate:16, size:12
2026-03-28 18:01:24, EXEC, v:1, k:fup@bala, mode:FULL, rate:16, size:12
2026-03-28 18:04:16, EXEC, v:1, k:fup@bala, mode:FULL, rate:16
2026-03-28 18:04:32, EXEC, v:1, k:fup@bala, mode:FULL, size:12, fail:COMP
2026-03-28 18:05:05, EXEC, v:1, k:fup@bala, mode:FULL, size:12, fail:COMP
2026-03-28 18:08:28, EXEC, v:1, k:fup@bala, mode:FULL, rate:16, size:12
2026-03-28 18:15:01, EXEC, v:1, k:fup@bala, mode:FULL, rate:100, size:12
2026-03-28 18:16:09, SELF, v:1, k:fup@bala, self:1, rate:100, friend:chat gpt, code:1, debug:1
2026-03-28 18:16:12, MOVE, v:1, k:fup@bala, mode:BACK
2026-03-28 18:16:22, MOVE, v:1, k:fup@quebrada, mode:DOWN
2026-03-28 18:16:25, MOVE, v:1, k:fup@quebrada, mode:PICK
2026-03-28 18:16:41, MOVE, v:1, k:fup@quebrada, mode:BACK
