2026-05-14 11:42:03, MOVE, v:1, k:fup@colorido, mode:PICK
2026-05-14 11:42:06, EXEC, v:1, k:fup@colorido, mode:FULL, rate:0, size:37
2026-05-14 11:42:45, EXEC, v:1, k:fup@colorido, mode:FULL, rate:0, size:31
2026-05-14 11:42:45, MOVE, v:1, k:fup@colorido, mode:EDIT
2026-05-14 11:42:43, MOVE, v:1, k:fup@colorido, mode:EDIT
2026-05-14 11:47:14, EXEC, v:1, k:fup@colorido, mode:FULL, rate:0, size:33
2026-05-14 11:49:14, MOVE, v:1, k:fup@colorido, mode:EDIT
2026-05-14 11:47:14, MOVE, v:1, k:fup@colorido, mode:EDIT
2026-05-14 11:51:15, EXEC, v:1, k:fup@colorido, mode:FULL, rate:0, size:31
2026-05-14 11:51:33, EXEC, v:1, k:fup@colorido, mode:FULL, rate:0, size:31
2026-05-14 11:51:51, EXEC, v:1, k:fup@colorido, mode:FULL, rate:0, size:34
2026-05-14 11:52:24, EXEC, v:1, k:fup@colorido, mode:FULL, rate:0
2026-05-14 11:54:02, MOVE, v:1, k:fup@colorido, mode:EDIT
2026-05-14 11:52:24, MOVE, v:1, k:fup@colorido, mode:EDIT
2026-05-14 11:54:20, EXEC, v:1, k:fup@colorido, mode:FULL, rate:0, size:37
2026-05-14 11:54:35, EXEC, v:1, k:fup@colorido, mode:FULL, rate:0, size:31
2026-05-14 11:54:56, EXEC, v:1, k:fup@colorido, mode:FULL, rate:0, size:31
2026-05-14 11:57:24, MOVE, v:1, k:fup@colorido, mode:PICK
2026-05-14 11:57:26, EXEC, v:1, k:fup@colorido, mode:FULL, rate:0, size:31
2026-05-14 11:59:51, EXEC, v:1, k:fup@colorido, mode:FULL, rate:0, size:39
2026-05-14 12:00:02, EXEC, v:1, k:fup@colorido, mode:FULL, rate:0, size:36
2026-05-14 12:00:01, MOVE, v:1, k:fup@colorido, mode:EDIT
2026-05-14 12:00:02, MOVE, v:1, k:fup@colorido, mode:EDIT
2026-05-14 12:00:31, EXEC, v:1, k:fup@colorido, mode:FULL, rate:0, size:36
2026-05-14 12:00:38, MOVE, v:1, k:fup@colorido, mode:BACK
