2026-06-18 12:33:42, MOVE, v:1, k:fup@medico, mode:PICK
2026-06-18 23:15:33, MOVE, v:1, k:fup@medico, mode:PICK
2026-06-18 23:19:44, EXEC, v:1, k:fup@medico, mode:FULL, size:25, fail:COMP
2026-06-18 23:19:57, EXEC, v:1, k:fup@medico, mode:FULL, rate:0, size:24
2026-06-18 23:19:56, MOVE, v:1, k:fup@medico, mode:EDIT
2026-06-18 23:19:57, MOVE, v:1, k:fup@medico, mode:EDIT
2026-06-18 23:21:06, EXEC, v:1, k:fup@medico, mode:FULL, size:28, fail:COMP
2026-06-18 23:22:00, EXEC, v:1, k:fup@medico, mode:FULL, rate:100, size:24
2026-06-18 23:22:03, SELF, v:1, k:fup@medico, self:1, rate:100
2026-06-18 23:22:13, MOVE, v:1, k:fup@medico, mode:BACK
2026-06-18 23:22:26, MOVE, v:1, k:fup@baruel, mode:PICK
2026-06-18 23:22:28, EXEC, v:1, k:fup@baruel, mode:FULL, rate:0
2026-06-18 23:22:35, MOVE, v:1, k:fup@medico, mode:EDIT
2026-06-18 23:22:00, MOVE, v:1, k:fup@medico, mode:EDIT
2026-06-18 23:22:28, MOVE, v:1, k:fup@baruel, mode:EDIT
2026-06-18 23:23:05, MOVE, v:1, k:fup@baruel, mode:EDIT
2026-06-18 23:39:36, MOVE, v:1, k:fup@baruel, mode:EDIT
2026-06-18 23:54:13, EXEC, v:1, k:fup@baruel, mode:FULL, size:15, fail:COMP
2026-06-18 23:54:56, EXEC, v:1, k:fup@baruel, mode:FULL, rate:100, size:62
2026-06-18 23:54:59, SELF, v:1, k:fup@baruel, self:1, rate:100
2026-06-18 23:55:00, MOVE, v:1, k:fup@baruel, mode:BACK
2026-06-18 23:54:28, MOVE, v:1, k:fup@baruel, mode:EDIT
2026-06-18 23:54:56, MOVE, v:1, k:fup@baruel, mode:EDIT
2026-06-18 23:55:20, MOVE, v:1, k:fup@paredes, mode:DOWN
2026-06-18 23:55:21, MOVE, v:1, k:fup@paredes, mode:PICK
2026-06-18 23:55:20, MOVE, v:1, k:fup@paredes, mode:EDIT
2026-06-18 23:55:20, MOVE, v:1, k:fup@paredes, mode:EDIT
