2026-05-05 16:58:35, MOVE, v:1, k:fup@game10, mode:PICK
2026-05-05 17:03:18, MOVE, v:1, k:fup@game10, mode:EDIT
2026-05-05 17:06:27, EXEC, v:1, k:fup@game10, mode:FULL, rate:57, size:11
2026-05-05 17:06:25, MOVE, v:1, k:fup@game10, mode:EDIT
2026-05-05 17:06:27, MOVE, v:1, k:fup@game10, mode:EDIT
2026-05-05 17:09:13, EXEC, v:1, k:fup@game10, mode:FULL, size:13, fail:COMP
2026-05-05 17:09:34, EXEC, v:1, k:fup@game10, mode:FULL, rate:57, size:13
2026-05-05 17:10:48, EXEC, v:1, k:fup@game10, mode:FULL, rate:57, size:13
2026-05-05 17:11:10, EXEC, v:1, k:fup@game10, mode:FULL, rate:57, size:13
2026-05-05 17:11:45, EXEC, v:1, k:fup@game10, mode:FULL, rate:100, size:13
2026-05-05 17:11:50, MOVE, v:1, k:fup@game10, mode:BACK
2026-05-05 17:11:59, SELF, v:1, k:fup@game10, self:1, rate:100
2026-05-05 17:12:30, SELF, v:1, k:fup@cobra, self:1, rate:100, friend:Hanna, code:1
2026-05-05 17:13:08, SELF, v:1, k:fup@loop_v, self:1, rate:66, friend:Hanna
2026-05-05 17:13:12, MOVE, v:1, k:fup@loop_v, mode:PICK
2026-05-05 17:13:13, EXEC, v:1, k:fup@loop_v, mode:FULL, rate:100
2026-05-05 17:13:14, MOVE, v:1, k:fup@loop_v, mode:BACK
2026-05-05 17:11:44, MOVE, v:1, k:fup@game10, mode:EDIT
2026-05-05 17:11:45, MOVE, v:1, k:fup@game10, mode:EDIT
2026-05-05 17:13:13, MOVE, v:1, k:fup@loop_v, mode:EDIT
2026-05-05 17:13:23, SELF, v:1, k:fup@sapatos, self:1, guided:1, concept:1, refactor:1
2026-05-05 17:13:58, MOVE, v:1, k:fup@sapatos, mode:PICK
2026-05-05 17:14:39, EXEC, v:1, k:fup@sapatos, mode:FULL, rate:100
2026-05-05 17:15:47, MOVE, v:1, k:fup@sapatos, mode:BACK
2026-05-05 17:15:50, MOVE, v:1, k:fup@filhos, mode:PICK
2026-05-05 17:16:20, EXEC, v:1, k:fup@filhos, mode:FULL, rate:0
2026-05-05 17:14:39, MOVE, v:1, k:fup@sapatos, mode:EDIT
2026-05-05 17:15:57, MOVE, v:1, k:fup@filhos, mode:EDIT
2026-05-05 17:16:20, MOVE, v:1, k:fup@filhos, mode:EDIT
2026-05-05 17:22:08, MOVE, v:1, k:fup@filhos, mode:EDIT
2026-05-05 17:24:08, EXEC, v:1, k:fup@filhos, mode:FULL, rate:33, size:10
2026-05-05 17:24:17, EXEC, v:1, k:fup@filhos, mode:FULL, rate:66, size:10
2026-05-05 17:26:11, EXEC, v:1, k:fup@filhos, mode:FULL, rate:0, size:10
2026-05-05 17:26:28, EXEC, v:1, k:fup@filhos, mode:FULL, rate:0, size:10
2026-05-05 17:27:07, EXEC, v:1, k:fup@filhos, mode:FULL, rate:0, size:10
2026-05-05 17:27:13, EXEC, v:1, k:fup@filhos, mode:FULL, rate:100, size:10
2026-05-05 17:27:44, MOVE, v:1, k:fup@filhos, mode:BACK
2026-05-05 17:28:03, SELF, v:1, k:fup@filhos, self:1, rate:100, friend:hanna
2026-05-05 17:28:06, MOVE, v:1, k:fup@ceu, mode:PICK
2026-05-05 17:27:13, MOVE, v:1, k:fup@filhos, mode:EDIT
2026-05-05 17:27:13, MOVE, v:1, k:fup@filhos, mode:EDIT
2026-05-05 17:29:23, EXEC, v:1, k:fup@ceu, mode:FULL, rate:0, size:13
2026-05-05 17:29:29, EXEC, v:1, k:fup@ceu, mode:FULL, rate:0, size:13
2026-05-05 17:29:46, EXEC, v:1, k:fup@ceu, mode:FULL, rate:0, size:13
2026-05-05 17:29:46, MOVE, v:1, k:fup@ceu, mode:EDIT
2026-05-05 17:33:20, MOVE, v:1, k:fup@ceu, mode:EDIT
2026-05-05 17:33:22, EXEC, v:1, k:fup@ceu, mode:FULL, rate:0, size:13
2026-05-05 17:33:36, EXEC, v:1, k:fup@ceu, mode:FULL, rate:0, size:13
2026-05-05 17:33:44, EXEC, v:1, k:fup@ceu, mode:FULL, rate:0, size:13
2026-05-05 17:33:57, EXEC, v:1, k:fup@ceu, mode:FULL, rate:0, size:13
2026-05-05 17:34:39, EXEC, v:1, k:fup@ceu, mode:FULL, rate:0, size:13
2026-05-05 17:34:53, EXEC, v:1, k:fup@ceu, mode:FULL, rate:0, size:13
2026-05-05 17:35:56, EXEC, v:1, k:fup@ceu, mode:FULL, rate:0, size:13
2026-05-05 17:36:07, EXEC, v:1, k:fup@ceu, mode:FULL, rate:0, size:13
2026-05-05 17:36:21, EXEC, v:1, k:fup@ceu, mode:FULL, rate:0, size:13
2026-05-05 17:36:30, EXEC, v:1, k:fup@ceu, mode:FULL, rate:20, size:13
2026-05-05 17:36:55, EXEC, v:1, k:fup@ceu, mode:FULL, size:13, fail:COMP
2026-05-05 17:37:52, EXEC, v:1, k:fup@ceu, mode:FULL, rate:0, size:13
2026-05-05 17:37:52, MOVE, v:1, k:fup@ceu, mode:EDIT
2026-05-05 17:38:20, MOVE, v:1, k:fup@ceu, mode:EDIT
2026-05-05 17:38:22, EXEC, v:1, k:fup@ceu, mode:FULL, rate:0, size:13
2026-05-05 17:38:35, EXEC, v:1, k:fup@ceu, mode:FULL, rate:0, size:13
2026-05-05 17:38:52, MOVE, v:1, k:fup@sapatos, mode:PICK
2026-05-05 17:38:53, EXEC, v:1, k:fup@sapatos, mode:FULL, rate:100
2026-05-05 17:38:56, MOVE, v:1, k:fup@sapatos, mode:BACK
2026-05-05 17:38:59, MOVE, v:1, k:fup@filhos, mode:PICK
2026-05-05 17:39:01, EXEC, v:1, k:fup@filhos, mode:FULL, rate:100
2026-05-05 17:39:04, EXEC, v:1, k:fup@filhos, mode:FULL, rate:100
2026-05-05 17:39:11, MOVE, v:1, k:fup@filhos, mode:BACK
2026-05-05 17:39:14, MOVE, v:1, k:fup@ceu, mode:PICK
2026-05-05 17:39:16, EXEC, v:1, k:fup@ceu, mode:FULL, rate:20, size:13
2026-05-05 17:39:27, EXEC, v:1, k:fup@ceu, mode:FULL, rate:0, size:13
2026-05-05 17:39:33, EXEC, v:1, k:fup@ceu, mode:FULL, rate:20, size:13
2026-05-05 17:43:15, MOVE, v:1, k:fup@ceu, mode:EDIT
2026-05-05 17:38:53, MOVE, v:1, k:fup@sapatos, mode:EDIT
2026-05-05 17:39:04, MOVE, v:1, k:fup@filhos, mode:EDIT
2026-05-05 17:39:33, MOVE, v:1, k:fup@ceu, mode:EDIT
2026-05-05 17:44:31, MOVE, v:1, k:fup@ceu, mode:BACK
2026-05-05 17:44:36, MOVE, v:1, k:fup@esconde, mode:PICK
2026-05-05 17:45:56, MOVE, v:1, k:fup@esconde, mode:BACK
2026-05-05 17:45:58, MOVE, v:1, k:fup@ceu, mode:PICK
2026-05-05 17:46:00, EXEC, v:1, k:fup@ceu, mode:FULL, rate:20
2026-05-05 17:46:42, EXEC, v:1, k:fup@ceu, mode:FULL, size:16, fail:COMP
2026-05-05 17:47:40, EXEC, v:1, k:fup@ceu, mode:FULL, size:14, fail:COMP
2026-05-05 17:48:33, EXEC, v:1, k:fup@ceu, mode:FULL, rate:0, size:14
2026-05-05 17:48:41, EXEC, v:1, k:fup@ceu, mode:FULL, rate:0, size:14
2026-05-05 17:48:40, MOVE, v:1, k:fup@ceu, mode:EDIT
2026-05-05 17:48:39, MOVE, v:1, k:fup@ceu, mode:EDIT
2026-05-05 17:50:12, MOVE, v:1, k:fup@ceu, mode:BACK
2026-05-05 17:51:21, MOVE, v:1, k:fup@zigzag, mode:PICK
2026-05-05 17:53:43, MOVE, v:1, k:fup@zigzag, mode:EDIT
2026-05-05 17:56:48, MOVE, v:1, k:fup@zigzag, mode:BACK
2026-05-05 17:58:20, SELF, v:1, k:fup@loop_v, self:1, rate:66, friend:Hanna
2026-05-05 17:58:23, MOVE, v:1, k:fup@loop_v, mode:PICK
2026-05-05 17:58:25, EXEC, v:1, k:fup@loop_v, mode:FULL, rate:100
2026-05-05 17:58:26, MOVE, v:1, k:fup@loop_v, mode:BACK
2026-05-05 17:55:27, MOVE, v:1, k:fup@zigzag, mode:EDIT
2026-05-05 17:56:20, MOVE, v:1, k:fup@ceu, mode:EDIT
2026-05-05 17:58:24, MOVE, v:1, k:fup@loop_v, mode:EDIT
2026-05-05 17:59:05, MOVE, v:1, k:fup@game10, mode:PICK
2026-05-05 17:59:06, EXEC, v:1, k:fup@game10, mode:FULL, rate:100
2026-05-05 17:59:07, MOVE, v:1, k:fup@game10, mode:BACK
2026-05-05 17:59:35, MOVE, v:1, k:fup@ceu, mode:PICK
2026-05-05 17:59:36, EXEC, v:1, k:fup@ceu, mode:FULL, rate:0
2026-05-05 17:59:06, MOVE, v:1, k:fup@game10, mode:EDIT
2026-05-05 17:59:36, MOVE, v:1, k:fup@ceu, mode:EDIT
2026-05-05 18:03:49, EXEC, v:1, k:fup@ceu, mode:FULL, rate:0, size:14
2026-05-05 18:04:00, EXEC, v:1, k:fup@ceu, mode:FULL, rate:0, size:14
2026-05-05 18:04:18, EXEC, v:1, k:fup@ceu, mode:FULL, rate:0, size:14
2026-05-05 18:04:23, EXEC, v:1, k:fup@ceu, mode:FULL, rate:0, size:14
2026-05-05 18:05:24, EXEC, v:1, k:fup@ceu, mode:FULL, rate:0, size:14
2026-05-05 18:05:31, EXEC, v:1, k:fup@ceu, mode:FULL, rate:0, size:14
2026-05-05 18:07:02, EXEC, v:1, k:fup@ceu, mode:FULL, rate:0, size:14
2026-05-05 18:07:36, EXEC, v:1, k:fup@ceu, mode:FULL, size:13, fail:COMP
2026-05-05 18:07:42, EXEC, v:1, k:fup@ceu, mode:FULL, fail:COMP
2026-05-05 18:07:47, EXEC, v:1, k:fup@ceu, mode:FULL, rate:0, size:12
2026-05-05 18:07:55, EXEC, v:1, k:fup@ceu, mode:FULL, size:12, fail:COMP
2026-05-05 18:08:00, EXEC, v:1, k:fup@ceu, mode:FULL, rate:0, size:12
2026-05-05 18:08:00, MOVE, v:1, k:fup@ceu, mode:EDIT
2026-05-05 18:08:00, MOVE, v:1, k:fup@ceu, mode:EDIT
2026-05-05 18:09:24, EXEC, v:1, k:fup@ceu, mode:FULL, rate:0, size:11
2026-05-05 18:09:51, EXEC, v:1, k:fup@ceu, mode:FULL, rate:0, size:14
2026-05-05 18:09:57, EXEC, v:1, k:fup@ceu, mode:FULL, rate:0, size:14
2026-05-05 18:10:04, EXEC, v:1, k:fup@ceu, mode:FULL, rate:0, size:14
2026-05-05 18:10:21, EXEC, v:1, k:fup@ceu, mode:FULL, rate:0, size:13
2026-05-05 18:10:41, EXEC, v:1, k:fup@ceu, mode:FULL, rate:0, size:13
2026-05-05 18:11:04, EXEC, v:1, k:fup@ceu, mode:FULL, rate:0, size:13
2026-05-05 18:11:25, EXEC, v:1, k:fup@ceu, mode:FULL, rate:0, size:13
2026-05-05 18:11:31, EXEC, v:1, k:fup@ceu, mode:FULL, rate:0, size:13
2026-05-05 18:11:38, EXEC, v:1, k:fup@ceu, mode:FULL, rate:0, size:13
2026-05-05 18:11:42, EXEC, v:1, k:fup@ceu, mode:FULL, rate:0
2026-05-05 18:11:49, EXEC, v:1, k:fup@ceu, mode:FULL, rate:0, size:13
2026-05-05 18:11:57, EXEC, v:1, k:fup@ceu, mode:FULL, rate:80, size:13
2026-05-05 18:12:04, EXEC, v:1, k:fup@ceu, mode:FULL, rate:80
2026-05-05 18:12:16, EXEC, v:1, k:fup@ceu, mode:FULL, rate:0, size:13
2026-05-05 18:12:26, EXEC, v:1, k:fup@ceu, mode:FULL, rate:80, size:13
2026-05-05 18:13:31, EXEC, v:1, k:fup@ceu, mode:FULL, size:15, fail:COMP
2026-05-05 18:13:40, MOVE, v:1, k:fup@ceu, mode:EDIT
2026-05-05 18:12:26, MOVE, v:1, k:fup@ceu, mode:EDIT
2026-05-05 18:13:49, EXEC, v:1, k:fup@ceu, mode:FULL, rate:80, size:15
2026-05-05 18:13:56, EXEC, v:1, k:fup@ceu, mode:FULL, rate:80
2026-05-05 18:14:07, EXEC, v:1, k:fup@ceu, mode:FULL, rate:0, size:15
2026-05-05 18:16:48, EXEC, v:1, k:fup@ceu, mode:FULL, rate:0, size:17
2026-05-05 18:18:15, EXEC, v:1, k:fup@ceu, mode:FULL, size:17, fail:COMP
2026-05-05 18:18:23, EXEC, v:1, k:fup@ceu, mode:FULL, rate:0, size:17
2026-05-05 18:18:23, MOVE, v:1, k:fup@ceu, mode:EDIT
2026-05-05 18:18:23, MOVE, v:1, k:fup@ceu, mode:EDIT
2026-05-05 18:19:25, EXEC, v:1, k:fup@ceu, mode:FULL, rate:80, size:17
2026-05-05 18:19:31, EXEC, v:1, k:fup@ceu, mode:FULL, rate:20, size:17
2026-05-05 18:19:36, EXEC, v:1, k:fup@ceu, mode:FULL, rate:20, size:17
2026-05-05 18:19:39, EXEC, v:1, k:fup@ceu, mode:FULL, rate:80
2026-05-05 18:19:55, EXEC, v:1, k:fup@ceu, mode:FULL, rate:100, size:17
2026-05-05 18:20:50, EXEC, v:1, k:fup@ceu, mode:FULL, rate:100, size:15
2026-05-05 18:21:27, EXEC, v:1, k:fup@ceu, mode:FULL, rate:20, size:19
2026-05-05 18:22:12, EXEC, v:1, k:fup@ceu, mode:FULL, rate:100, size:22
2026-05-05 18:22:46, MOVE, v:1, k:fup@ceu, mode:BACK
2026-05-05 18:23:01, SELF, v:1, k:fup@ceu, self:1, rate:100, friend:Daniel
2026-05-05 18:23:03, MOVE, v:1, k:fup@esconde, mode:PICK
2026-05-05 18:23:06, EXEC, v:1, k:fup@esconde, mode:FULL, rate:0
2026-05-05 18:23:37, MOVE, v:1, k:fup@esconde, mode:BACK
2026-05-05 18:23:39, MOVE, v:1, k:fup@esconde, mode:PICK
2026-05-05 18:22:05, MOVE, v:1, k:fup@ceu, mode:EDIT
2026-05-05 18:22:12, MOVE, v:1, k:fup@ceu, mode:EDIT
2026-05-05 18:23:06, MOVE, v:1, k:fup@esconde, mode:EDIT
2026-05-05 18:23:54, EXEC, v:1, k:fup@esconde, mode:FULL, rate:0
2026-05-05 18:24:34, EXEC, v:1, k:fup@esconde, mode:FULL, rate:0, size:15
2026-05-05 18:25:10, EXEC, v:1, k:fup@esconde, mode:FULL, rate:0, size:15
2026-05-05 18:25:52, EXEC, v:1, k:fup@esconde, mode:FULL, rate:0, size:17
2026-05-05 18:26:00, EXEC, v:1, k:fup@esconde, mode:FULL, rate:0, size:17
2026-05-05 18:26:41, EXEC, v:1, k:fup@esconde, mode:FULL, rate:0, size:17
2026-05-05 18:27:20, MOVE, v:1, k:fup@esconde, mode:PICK
2026-05-05 18:27:21, EXEC, v:1, k:fup@esconde, mode:FULL, rate:0
2026-05-05 18:28:43, EXEC, v:1, k:fup@esconde, mode:FULL, rate:0, size:17
2026-05-05 18:29:14, EXEC, v:1, k:fup@esconde, mode:FULL, rate:0, size:17
2026-05-05 18:29:31, EXEC, v:1, k:fup@esconde, mode:FULL, rate:0, size:17
2026-05-05 18:29:42, EXEC, v:1, k:fup@esconde, mode:FULL, rate:0, size:17
2026-05-05 18:29:46, EXEC, v:1, k:fup@esconde, mode:FULL, rate:0
2026-05-05 18:29:53, EXEC, v:1, k:fup@esconde, mode:FULL, rate:0
2026-05-05 18:30:11, EXEC, v:1, k:fup@esconde, mode:FULL, rate:0, size:17
2026-05-05 18:30:28, EXEC, v:1, k:fup@esconde, mode:FULL, rate:100, size:17
2026-05-05 18:30:31, MOVE, v:1, k:fup@esconde, mode:BACK
2026-05-05 18:30:49, SELF, v:1, k:fup@esconde, self:1, rate:100, friend:Hanna
