2026-04-11 16:02:48, MOVE, v:1, k:fup@monica, mode:PICK
2026-04-11 16:02:52, EXEC, v:1, k:fup@monica, mode:FULL, rate:62
2026-04-11 16:05:00, EXEC, v:1, k:fup@monica, mode:FULL, rate:62, size:16
2026-04-11 16:05:33, MOVE, v:1, k:fup@monica, mode:BACK
2026-04-11 16:05:35, MOVE, v:1, k:fup@drone, mode:PICK
2026-04-11 16:15:58, EXEC, v:1, k:fup@drone, mode:FULL, rate:0, size:12
2026-04-11 16:19:04, EXEC, v:1, k:fup@drone, mode:FULL, rate:0, size:11
2026-04-11 16:19:41, EXEC, v:1, k:fup@drone, mode:FULL, rate:0, size:11
2026-04-11 16:21:20, EXEC, v:1, k:fup@drone, mode:FULL, rate:85, size:11
2026-04-11 16:27:44, EXEC, v:1, k:fup@drone, mode:FULL, rate:85, size:14
2026-04-11 16:35:00, EXEC, v:1, k:fup@drone, mode:FULL, size:14, fail:COMP
2026-04-11 16:35:19, EXEC, v:1, k:fup@drone, mode:FULL, rate:85, size:14
2026-04-11 16:37:34, EXEC, v:1, k:fup@drone, mode:FULL, size:13, fail:COMP
2026-04-11 16:56:53, EXEC, v:1, k:fup@drone, mode:FULL, rate:100, size:16
2026-04-11 16:56:56, MOVE, v:1, k:fup@drone, mode:BACK
2026-04-11 16:57:04, SELF, v:1, k:fup@drone, self:1, rate:100
2026-04-11 16:57:12, MOVE, v:1, k:fup@monica, mode:PICK
2026-04-11 17:00:01, EXEC, v:1, k:fup@monica, mode:FULL, size:15, fail:COMP
2026-04-11 17:03:16, EXEC, v:1, k:fup@monica, mode:FULL, size:17, fail:COMP
2026-04-11 17:08:58, EXEC, v:1, k:fup@monica, mode:FULL, rate:62, size:15
2026-04-11 17:11:54, EXEC, v:1, k:fup@monica, mode:FULL, size:15, fail:COMP
2026-04-11 17:13:02, MOVE, v:1, k:fup@monica, mode:PICK
2026-04-11 17:13:04, EXEC, v:1, k:fup@monica, mode:FULL, rate:62, size:15
2026-04-11 17:14:54, EXEC, v:1, k:fup@monica, mode:FULL, rate:62, size:16
2026-04-11 17:15:23, EXEC, v:1, k:fup@monica, mode:FULL, rate:62, size:18
2026-04-11 17:17:32, EXEC, v:1, k:fup@monica, mode:FULL, rate:62, size:15
2026-04-11 17:20:27, MOVE, v:1, k:fup@monica, mode:BACK
2026-04-11 17:20:31, MOVE, v:1, k:fup@teleferico, mode:DOWN
2026-04-11 17:20:34, MOVE, v:1, k:fup@teleferico, mode:PICK
2026-04-11 17:24:10, EXEC, v:1, k:fup@teleferico, mode:FULL, rate:0, size:7
2026-04-11 17:26:28, EXEC, v:1, k:fup@teleferico, mode:FULL, rate:0, size:9
2026-04-11 17:26:47, EXEC, v:1, k:fup@teleferico, mode:FULL, rate:0, size:9
2026-04-11 17:45:47, MOVE, v:1, k:fup@teleferico, mode:BACK
2026-04-11 17:51:49, MOVE, v:1, k:fup@teleferico, mode:PICK
2026-04-11 17:51:52, EXEC, v:1, k:fup@teleferico, mode:FULL, size:7, fail:COMP
2026-04-11 17:52:48, MOVE, v:1, k:fup@teleferico, mode:BACK
2026-04-11 17:52:56, MOVE, v:1, k:fup@goiabas, mode:DOWN
2026-04-11 17:58:12, MOVE, v:1, k:fup@goiabas, mode:PICK
2026-04-11 17:58:14, EXEC, v:1, k:fup@goiabas, mode:FULL, rate:0, size:8
2026-04-11 18:06:56, MOVE, v:1, k:fup@goiabas, mode:BACK
2026-04-11 18:07:15, MOVE, v:1, k:fup@loop_i, mode:DOWN
2026-04-11 18:14:17, MOVE, v:1, k:fup@game10, mode:DOWN
2026-04-11 18:14:20, MOVE, v:1, k:fup@game10, mode:PICK
2026-04-11 18:14:34, EXEC, v:1, k:fup@game10, mode:FULL, rate:0, size:5
2026-04-11 18:14:45, EXEC, v:1, k:fup@game10, mode:FULL, rate:0
2026-04-11 18:14:56, EXEC, v:1, k:fup@game10, mode:FULL, rate:0
2026-04-11 18:19:48, EXEC, v:1, k:fup@game10, mode:FULL, rate:0
2026-04-11 18:20:52, MOVE, v:1, k:fup@game10, mode:BACK
2026-04-11 18:25:24, MOVE, v:1, k:fup@goiabas, mode:PICK
2026-04-11 18:25:26, EXEC, v:1, k:fup@goiabas, mode:FULL, rate:12, size:11
2026-04-11 18:28:34, EXEC, v:1, k:fup@goiabas, mode:FULL, rate:0, size:11
2026-04-11 18:29:35, EXEC, v:1, k:fup@goiabas, mode:FULL, rate:0, size:12
2026-04-11 18:29:51, EXEC, v:1, k:fup@goiabas, mode:FULL, rate:12, size:12
2026-04-11 18:30:40, EXEC, v:1, k:fup@goiabas, mode:FULL, rate:37, size:14
2026-04-11 18:31:08, EXEC, v:1, k:fup@goiabas, mode:FULL, rate:50, size:14
2026-04-11 18:43:16, EXEC, v:1, k:fup@goiabas, mode:FULL, rate:100, size:14
2026-04-11 18:45:33, EXEC, v:1, k:fup@goiabas, mode:FULL, rate:87, size:14
2026-04-11 18:46:50, EXEC, v:1, k:fup@goiabas, mode:FULL, rate:87, size:14
2026-04-11 18:47:08, EXEC, v:1, k:fup@goiabas, mode:FULL, rate:87, size:14
2026-04-11 18:49:02, EXEC, v:1, k:fup@goiabas, mode:FULL, rate:100, size:16
2026-04-11 18:49:06, MOVE, v:1, k:fup@goiabas, mode:BACK
2026-04-11 18:50:01, MOVE, v:1, k:fup@cobra, mode:DOWN
2026-04-11 18:50:05, MOVE, v:1, k:fup@cobra, mode:PICK
2026-04-11 19:02:23, MOVE, v:1, k:fup@cobra, mode:BACK
