2026-04-28 16:51:07, SELF, v:1, k:fup@monica, self:1, rate:62
2026-04-28 17:02:10, MOVE, v:1, k:fup@cobra, mode:PICK
2026-04-28 17:05:11, MOVE, v:1, k:fup@cobra, mode:EDIT
2026-04-28 17:15:08, MOVE, v:1, k:fup@cobra, mode:EDIT
2026-04-28 17:17:56, EXEC, v:1, k:fup@cobra, mode:FULL, size:10, fail:COMP
2026-04-28 17:20:13, MOVE, v:1, k:fup@cobra, mode:EDIT
2026-04-28 17:24:31, MOVE, v:1, k:fup@cobra, mode:EDIT
2026-04-28 17:27:50, EXEC, v:1, k:fup@cobra, mode:FULL, rate:9, size:18
2026-04-28 17:27:47, MOVE, v:1, k:fup@cobra, mode:EDIT
2026-04-28 17:27:50, MOVE, v:1, k:fup@cobra, mode:EDIT
2026-04-28 17:33:49, EXEC, v:1, k:fup@cobra, mode:FULL, rate:0, size:26
2026-04-28 17:35:11, EXEC, v:1, k:fup@cobra, mode:FULL, rate:0, size:26
2026-04-28 17:35:08, MOVE, v:1, k:fup@cobra, mode:EDIT
2026-04-28 17:35:11, MOVE, v:1, k:fup@cobra, mode:EDIT
2026-04-28 17:36:34, EXEC, v:1, k:fup@cobra, mode:FULL, rate:0, size:24
2026-04-28 17:40:09, MOVE, v:1, k:fup@cobra, mode:EDIT
2026-04-28 17:36:34, MOVE, v:1, k:fup@cobra, mode:EDIT
2026-04-28 17:43:16, EXEC, v:1, k:fup@cobra, mode:FULL, rate:0
2026-04-28 17:45:14, MOVE, v:1, k:fup@cobra, mode:EDIT
2026-04-28 17:43:16, MOVE, v:1, k:fup@cobra, mode:EDIT
2026-04-28 17:47:04, EXEC, v:1, k:fup@cobra, mode:FULL, size:33, fail:COMP
2026-04-28 17:50:00, MOVE, v:1, k:fup@cobra, mode:EDIT
2026-04-28 17:54:16, MOVE, v:1, k:fup@cobra, mode:EDIT
2026-04-28 17:58:54, EXEC, v:1, k:fup@cobra, mode:FULL, size:53, fail:COMP
2026-04-28 17:59:17, MOVE, v:1, k:fup@cobra, mode:EDIT
2026-04-28 18:05:11, MOVE, v:1, k:fup@cobra, mode:EDIT
2026-04-28 18:07:57, EXEC, v:1, k:fup@cobra, mode:FULL, size:33, fail:COMP
2026-04-28 18:10:10, MOVE, v:1, k:fup@cobra, mode:EDIT
2026-04-28 18:10:32, EXEC, v:1, k:fup@cobra, mode:FULL, rate:27, size:36
2026-04-28 18:11:17, EXEC, v:1, k:fup@cobra, mode:FULL, rate:45, size:36
2026-04-28 18:11:17, MOVE, v:1, k:fup@cobra, mode:EDIT
2026-04-28 18:11:16, MOVE, v:1, k:fup@cobra, mode:EDIT
2026-04-28 18:19:18, MOVE, v:1, k:fup@cobra, mode:BACK
2026-04-28 18:19:40, MOVE, v:1, k:fup@cobra, mode:PICK
2026-04-28 18:19:51, EXEC, v:1, k:fup@cobra, mode:FULL, size:36, fail:COMP
2026-04-28 18:22:48, MOVE, v:1, k:fup@cobra, mode:BACK
