2026-05-01 12:58:39, MOVE, v:1, k:fup@cobra, mode:PICK
2026-05-01 13:01:52, MOVE, v:1, k:fup@impedido, mode:DOWN
2026-05-01 13:02:16, SELF, v:1, k:fup@loop_i, self:1, friend:Vinicius
2026-05-01 13:02:35, SELF, v:1, k:fup@loop_i, self:1, study:60, friend:Vinicius
2026-05-01 13:02:35, MOVE, v:1, k:fup@loop_i, mode:PICK
2026-05-01 13:02:37, EXEC, v:1, k:fup@loop_i, mode:FULL, rate:100
2026-05-01 13:02:37, EXEC, v:1, k:fup@loop_i, mode:FULL, rate:100
2026-05-01 13:02:37, EXEC, v:1, k:fup@loop_i, mode:FULL, rate:100
2026-05-01 13:02:37, EXEC, v:1, k:fup@loop_i, mode:FULL, rate:100
2026-05-01 13:02:38, EXEC, v:1, k:fup@loop_i, mode:FULL, rate:100
2026-05-01 13:02:38, EXEC, v:1, k:fup@loop_i, mode:FULL, rate:100
2026-05-01 13:02:39, EXEC, v:1, k:fup@loop_i, mode:FULL, rate:100
2026-05-01 13:02:39, EXEC, v:1, k:fup@loop_i, mode:FULL, rate:100
2026-05-01 13:02:39, EXEC, v:1, k:fup@loop_i, mode:FULL, rate:100
2026-05-01 13:02:40, EXEC, v:1, k:fup@loop_i, mode:FULL, rate:100
2026-05-01 13:02:40, EXEC, v:1, k:fup@loop_i, mode:FULL, rate:100
2026-05-01 13:02:40, EXEC, v:1, k:fup@loop_i, mode:FULL, rate:100
2026-05-01 13:02:40, EXEC, v:1, k:fup@loop_i, mode:FULL, rate:100
2026-05-01 13:02:41, EXEC, v:1, k:fup@loop_i, mode:FULL, rate:100
2026-05-01 13:02:41, MOVE, v:1, k:fup@loop_i, mode:BACK
2026-05-01 13:02:58, SELF, v:1, k:fup@loop_ii, self:1, guided:1, concept:1
2026-05-01 13:03:01, MOVE, v:1, k:fup@loop_ii, mode:PICK
2026-05-01 13:03:03, EXEC, v:1, k:fup@loop_ii, mode:FULL, rate:100
2026-05-01 13:03:04, MOVE, v:1, k:fup@loop_ii, mode:BACK
2026-05-01 13:03:07, MOVE, v:1, k:fup@loop_iii, mode:PICK
2026-05-01 13:03:08, EXEC, v:1, k:fup@loop_iii, mode:FULL, rate:100
2026-05-01 13:03:09, MOVE, v:1, k:fup@loop_iii, mode:BACK
2026-05-01 13:03:13, MOVE, v:1, k:fup@loop_iv, mode:DOWN
2026-05-01 13:03:03, MOVE, v:1, k:fup@loop_ii, mode:EDIT
2026-05-01 13:03:08, MOVE, v:1, k:fup@loop_iii, mode:EDIT
2026-05-01 13:03:13, MOVE, v:1, k:fup@loop_iv, mode:EDIT
2026-05-01 13:03:13, MOVE, v:1, k:fup@loop_iv, mode:EDIT
2026-05-01 13:07:42, MOVE, v:1, k:fup@loop_iv, mode:EDIT
2026-05-01 13:09:46, MOVE, v:1, k:fup@loop_iv, mode:PICK
2026-05-01 13:09:48, EXEC, v:1, k:fup@loop_iv, mode:FULL, rate:0, size:10
2026-05-01 13:12:19, EXEC, v:1, k:fup@loop_iv, mode:FULL, rate:0, size:10
2026-05-01 13:12:13, MOVE, v:1, k:fup@loop_iv, mode:EDIT
2026-05-01 13:12:19, MOVE, v:1, k:fup@loop_iv, mode:EDIT
2026-05-01 13:14:05, EXEC, v:1, k:fup@loop_iv, mode:FULL, size:10, fail:COMP
2026-05-01 13:14:14, EXEC, v:1, k:fup@loop_iv, mode:FULL, rate:0, size:11
2026-05-01 13:14:47, EXEC, v:1, k:fup@loop_iv, mode:FULL, rate:0, size:11
2026-05-01 13:14:45, MOVE, v:1, k:fup@loop_iv, mode:EDIT
2026-05-01 13:14:46, MOVE, v:1, k:fup@loop_iv, mode:EDIT
2026-05-01 13:18:38, EXEC, v:1, k:fup@loop_iv, mode:FULL, rate:0, size:11
2026-05-01 13:19:07, EXEC, v:1, k:fup@loop_iv, mode:FULL, rate:0, size:11
2026-05-01 13:19:15, MOVE, v:1, k:fup@loop_iv, mode:EDIT
2026-05-01 13:19:05, MOVE, v:1, k:fup@loop_iv, mode:EDIT
2026-05-01 13:26:53, EXEC, v:1, k:fup@loop_iv, mode:FULL, rate:0, size:11
2026-05-01 13:27:07, EXEC, v:1, k:fup@loop_iv, mode:FULL, rate:0, size:11
2026-05-01 13:27:02, MOVE, v:1, k:fup@loop_iv, mode:EDIT
2026-05-01 13:27:04, MOVE, v:1, k:fup@loop_iv, mode:EDIT
2026-05-01 13:32:29, EXEC, v:1, k:fup@loop_iv, mode:FULL, rate:0
2026-05-01 13:32:31, EXEC, v:1, k:fup@loop_iv, mode:FULL, rate:0
2026-05-01 13:32:29, MOVE, v:1, k:fup@loop_iv, mode:EDIT
2026-05-01 13:37:06, MOVE, v:1, k:fup@loop_iv, mode:EDIT
2026-05-01 13:41:16, EXEC, v:1, k:fup@loop_iv, mode:FULL, rate:0, size:17
2026-05-01 13:41:48, EXEC, v:1, k:fup@loop_iv, mode:FULL, rate:0, size:17
2026-05-01 13:42:01, EXEC, v:1, k:fup@loop_iv, mode:FULL, rate:0, size:17
2026-05-01 13:42:27, EXEC, v:1, k:fup@loop_iv, mode:FULL, rate:0, size:17
2026-05-01 13:42:47, MOVE, v:1, k:fup@loop_iv, mode:EDIT
2026-05-01 13:42:27, MOVE, v:1, k:fup@loop_iv, mode:EDIT
2026-05-01 13:42:52, EXEC, v:1, k:fup@loop_iv, mode:FULL, rate:50, size:17
2026-05-01 13:43:28, EXEC, v:1, k:fup@loop_iv, mode:FULL, rate:0, size:17
2026-05-01 13:43:36, EXEC, v:1, k:fup@loop_iv, mode:FULL, rate:100, size:17
2026-05-01 13:43:34, MOVE, v:1, k:fup@loop_iv, mode:EDIT
2026-05-01 13:43:36, MOVE, v:1, k:fup@loop_iv, mode:EDIT
2026-05-01 13:49:08, SELF, v:1, k:fup@loop_iv, self:1, rate:100, concept:1
2026-05-01 13:49:09, EXEC, v:1, k:fup@loop_iv, mode:FULL, rate:100
2026-05-01 13:49:10, MOVE, v:1, k:fup@loop_iv, mode:BACK
2026-05-01 13:49:15, MOVE, v:1, k:fup@loop_v, mode:DOWN
2026-05-01 13:49:09, MOVE, v:1, k:fup@loop_iv, mode:EDIT
2026-05-01 13:49:15, MOVE, v:1, k:fup@loop_v, mode:EDIT
2026-05-01 13:49:15, MOVE, v:1, k:fup@loop_v, mode:EDIT
2026-05-01 13:49:15, MOVE, v:1, k:fup@loop_v, mode:EDIT
2026-05-01 14:01:08, MOVE, v:1, k:fup@loop_v, mode:PICK
2026-05-01 14:02:47, MOVE, v:1, k:fup@loop_v, mode:EDIT
2026-05-01 14:02:51, MOVE, v:1, k:fup@loop_v, mode:EDIT
2026-05-01 14:12:09, MOVE, v:1, k:fup@loop_v, mode:EDIT
2026-05-01 14:15:06, MOVE, v:1, k:fup@loop_v, mode:EDIT
2026-05-01 14:22:48, MOVE, v:1, k:fup@loop_v, mode:EDIT
2026-05-01 14:24:41, EXEC, v:1, k:fup@loop_v, mode:FULL, rate:0, size:12
2026-05-01 14:25:19, EXEC, v:1, k:fup@loop_v, mode:FULL, rate:66, size:13
2026-05-01 14:25:55, EXEC, v:1, k:fup@loop_v, mode:FULL, rate:66, size:13
2026-05-01 14:26:50, EXEC, v:1, k:fup@loop_v, mode:FULL, rate:66, size:13
2026-05-01 14:26:48, MOVE, v:1, k:fup@loop_v, mode:EDIT
2026-05-01 14:26:50, MOVE, v:1, k:fup@loop_v, mode:EDIT
2026-05-01 14:31:06, EXEC, v:1, k:fup@loop_v, mode:FULL, size:13, fail:COMP
2026-05-01 14:32:22, EXEC, v:1, k:fup@loop_v, mode:FULL, rate:0, size:14
2026-05-01 14:32:54, MOVE, v:1, k:fup@loop_v, mode:PICK
2026-05-01 14:37:31, EXEC, v:1, k:fup@loop_v, mode:FULL, rate:66, size:13
2026-05-01 14:35:45, MOVE, v:1, k:fup@loop_v, mode:EDIT
2026-05-01 14:37:31, MOVE, v:1, k:fup@loop_v, mode:EDIT
2026-05-01 14:40:37, EXEC, v:1, k:fup@loop_v, mode:FULL, rate:0, size:15
2026-05-01 14:41:42, EXEC, v:1, k:fup@loop_v, mode:FULL, rate:0, size:16
2026-05-01 14:41:43, EXEC, v:1, k:fup@loop_v, mode:FULL, rate:0
2026-05-01 14:42:04, EXEC, v:1, k:fup@loop_v, mode:FULL, rate:0, size:15
2026-05-01 14:42:29, MOVE, v:1, k:fup@loop_v, mode:EDIT
2026-05-01 14:42:04, MOVE, v:1, k:fup@loop_v, mode:EDIT
2026-05-01 14:44:38, EXEC, v:1, k:fup@loop_v, mode:FULL, rate:0, size:15
2026-05-01 14:45:22, MOVE, v:1, k:fup@loop_v, mode:EDIT
2026-05-01 14:44:38, MOVE, v:1, k:fup@loop_v, mode:EDIT
2026-05-01 14:51:45, EXEC, v:1, k:fup@loop_v, mode:FULL, rate:66, size:13
2026-05-01 14:51:43, MOVE, v:1, k:fup@loop_v, mode:EDIT
2026-05-01 14:51:45, MOVE, v:1, k:fup@loop_v, mode:EDIT
2026-05-01 14:55:39, EXEC, v:1, k:fup@loop_v, mode:FULL, rate:0, size:17
2026-05-01 14:55:53, EXEC, v:1, k:fup@loop_v, mode:FULL, rate:0, size:17
2026-05-01 14:56:28, MOVE, v:1, k:fup@loop_v, mode:EDIT
2026-05-01 14:55:53, MOVE, v:1, k:fup@loop_v, mode:EDIT
2026-05-01 15:02:18, EXEC, v:1, k:fup@loop_v, mode:FULL, size:17, fail:COMP
2026-05-01 15:02:16, MOVE, v:1, k:fup@loop_v, mode:EDIT
2026-05-01 15:06:02, MOVE, v:1, k:fup@loop_v, mode:BACK
2026-05-01 15:06:08, MOVE, v:1, k:fup@loop_i, mode:PICK
2026-05-01 15:06:10, EXEC, v:1, k:fup@loop_i, mode:FULL, rate:100
2026-05-01 15:06:11, MOVE, v:1, k:fup@loop_i, mode:BACK
2026-05-01 15:06:13, MOVE, v:1, k:fup@loop_ii, mode:PICK
2026-05-01 15:06:15, EXEC, v:1, k:fup@loop_ii, mode:FULL, rate:100
2026-05-01 15:06:16, EXEC, v:1, k:fup@loop_ii, mode:FULL, rate:100
2026-05-01 15:06:16, EXEC, v:1, k:fup@loop_ii, mode:FULL, rate:100
2026-05-01 15:06:16, EXEC, v:1, k:fup@loop_ii, mode:FULL, rate:100
2026-05-01 15:06:17, EXEC, v:1, k:fup@loop_ii, mode:FULL, rate:100
2026-05-01 15:06:17, EXEC, v:1, k:fup@loop_ii, mode:FULL, rate:100
2026-05-01 15:06:17, EXEC, v:1, k:fup@loop_ii, mode:FULL, rate:100
2026-05-01 15:06:18, EXEC, v:1, k:fup@loop_ii, mode:FULL, rate:100
2026-05-01 15:06:18, EXEC, v:1, k:fup@loop_ii, mode:FULL, rate:100
2026-05-01 15:06:18, EXEC, v:1, k:fup@loop_ii, mode:FULL, rate:100
2026-05-01 15:06:18, MOVE, v:1, k:fup@loop_ii, mode:BACK
2026-05-01 15:06:23, MOVE, v:1, k:fup@loop_iii, mode:PICK
2026-05-01 15:06:25, EXEC, v:1, k:fup@loop_iii, mode:FULL, rate:100
2026-05-01 15:06:25, EXEC, v:1, k:fup@loop_iii, mode:FULL, rate:100
2026-05-01 15:06:25, EXEC, v:1, k:fup@loop_iii, mode:FULL, rate:100
2026-05-01 15:06:26, EXEC, v:1, k:fup@loop_iii, mode:FULL, rate:100
2026-05-01 15:06:26, EXEC, v:1, k:fup@loop_iii, mode:FULL, rate:100
2026-05-01 15:06:27, EXEC, v:1, k:fup@loop_iii, mode:FULL, rate:100
2026-05-01 15:06:33, MOVE, v:1, k:fup@loop_iii, mode:BACK
2026-05-01 15:06:35, MOVE, v:1, k:fup@loop_iv, mode:PICK
2026-05-01 15:06:36, EXEC, v:1, k:fup@loop_iv, mode:FULL, rate:100
2026-05-01 15:06:37, EXEC, v:1, k:fup@loop_iv, mode:FULL, rate:100
2026-05-01 15:06:38, EXEC, v:1, k:fup@loop_iv, mode:FULL, rate:100
2026-05-01 15:06:38, EXEC, v:1, k:fup@loop_iv, mode:FULL, rate:100
2026-05-01 15:06:45, MOVE, v:1, k:fup@loop_iv, mode:BACK
