2026-05-29 00:00:12, MOVE, v:1, k:fup@sono, mode:EDIT
2026-05-29 00:05:17, MOVE, v:1, k:fup@sono, mode:EDIT
2026-05-29 00:07:48, EXEC, v:1, k:fup@sono, mode:FULL, rate:22, size:32
2026-05-29 00:09:22, EXEC, v:1, k:fup@sono, mode:FULL, rate:11, size:32
2026-05-29 00:09:39, EXEC, v:1, k:fup@sono, mode:FULL, rate:0, size:32
2026-05-29 00:09:52, EXEC, v:1, k:fup@sono, mode:FULL, size:32, fail:COMP
2026-05-29 00:10:18, EXEC, v:1, k:fup@sono, mode:FULL, rate:0, size:32
2026-05-29 00:10:17, MOVE, v:1, k:fup@sono, mode:EDIT
2026-05-29 00:10:18, MOVE, v:1, k:fup@sono, mode:EDIT
2026-05-29 00:10:58, EXEC, v:1, k:fup@sono, mode:FULL, rate:55, size:32
2026-05-29 00:11:32, EXEC, v:1, k:fup@sono, mode:FULL, size:32, fail:COMP
2026-05-29 00:12:07, EXEC, v:1, k:fup@sono, mode:FULL, rate:88, size:32
2026-05-29 00:12:07, MOVE, v:1, k:fup@sono, mode:EDIT
2026-05-29 00:12:07, MOVE, v:1, k:fup@sono, mode:EDIT
2026-05-29 00:20:24, EXEC, v:1, k:fup@sono, mode:FULL, rate:88
2026-05-29 00:20:24, MOVE, v:1, k:fup@sono, mode:EDIT
2026-05-29 00:33:30, MOVE, v:1, k:fup@sono, mode:BACK
2026-05-29 00:35:49, MOVE, v:1, k:fup@sono, mode:PICK
2026-05-29 00:35:51, EXEC, v:1, k:fup@sono, mode:FULL, rate:88
2026-05-29 00:35:51, MOVE, v:1, k:fup@sono, mode:EDIT
2026-05-29 00:43:52, MOVE, v:1, k:fup@sono, mode:PICK
2026-05-29 00:43:53, EXEC, v:1, k:fup@sono, mode:FULL, size:36, fail:COMP
2026-05-29 00:44:02, EXEC, v:1, k:fup@sono, mode:FULL, size:35, fail:COMP
2026-05-29 00:44:33, EXEC, v:1, k:fup@sono, mode:FULL, rate:88, size:27
2026-05-29 00:44:45, MOVE, v:1, k:fup@sono, mode:EDIT
2026-05-29 00:44:33, MOVE, v:1, k:fup@sono, mode:EDIT
2026-05-29 00:45:45, MOVE, v:1, k:fup@sono, mode:BACK
2026-05-29 00:46:06, MOVE, v:1, k:fup@taxi, mode:DOWN
2026-05-29 00:46:07, MOVE, v:1, k:fup@taxi, mode:PICK
2026-05-29 00:48:03, MOVE, v:1, k:fup@taxi, mode:BACK
2026-05-29 00:46:06, MOVE, v:1, k:fup@taxi, mode:EDIT
2026-05-29 00:46:06, MOVE, v:1, k:fup@taxi, mode:EDIT
2026-05-29 00:47:56, MOVE, v:1, k:fup@taxi, mode:EDIT
2026-05-29 02:17:27, MOVE, v:1, k:fup@taxi, mode:EDIT
2026-05-29 02:21:25, MOVE, v:1, k:fup@final, mode:PICK
2026-05-29 02:21:33, SELF, v:1, k:fup@final, self:1, rate:100
2026-05-29 02:21:34, MOVE, v:1, k:fup@final, mode:BACK
2026-05-29 02:21:55, MOVE, v:1, k:fup@taxi, mode:EDIT
2026-05-29 02:24:21, MOVE, v:1, k:fup@taxi, mode:PICK
2026-05-29 02:24:24, EXEC, v:1, k:fup@taxi, mode:FULL, size:10, fail:COMP
2026-05-29 02:24:46, EXEC, v:1, k:fup@taxi, mode:FULL, rate:0, size:10
2026-05-29 02:25:04, EXEC, v:1, k:fup@taxi, mode:FULL, rate:4, size:10
2026-05-29 02:27:04, EXEC, v:1, k:fup@taxi, mode:FULL, rate:4, size:12
2026-05-29 02:27:22, MOVE, v:1, k:fup@taxi, mode:EDIT
2026-05-29 02:27:04, MOVE, v:1, k:fup@taxi, mode:EDIT
2026-05-29 02:29:13, EXEC, v:1, k:fup@taxi, mode:FULL, rate:9, size:12
2026-05-29 02:30:23, MOVE, v:1, k:fup@taxi, mode:BACK
2026-05-29 10:57:54, MOVE, v:1, k:fup@taxi, mode:PICK
2026-05-29 10:57:56, EXEC, v:1, k:fup@taxi, mode:FULL, size:12, fail:COMP
2026-05-29 10:58:04, EXEC, v:1, k:fup@taxi, mode:FULL, rate:9, size:12
2026-05-29 10:59:39, EXEC, v:1, k:fup@taxi, mode:FULL, size:12, fail:COMP
2026-05-29 10:59:57, EXEC, v:1, k:fup@taxi, mode:FULL, rate:4, size:12
2026-05-29 11:00:13, MOVE, v:1, k:fup@taxi, mode:PICK
2026-05-29 11:00:14, EXEC, v:1, k:fup@taxi, mode:FULL, size:13, fail:COMP
2026-05-29 11:00:30, EXEC, v:1, k:fup@taxi, mode:FULL, rate:4, size:13
2026-05-29 11:02:55, EXEC, v:1, k:fup@taxi, mode:FULL, rate:9, size:13
2026-05-29 11:03:43, EXEC, v:1, k:fup@taxi, mode:FULL, rate:33, size:15
2026-05-29 11:04:29, EXEC, v:1, k:fup@taxi, mode:FULL, rate:52, size:18
2026-05-29 11:05:02, MOVE, v:1, k:fup@taxi, mode:EDIT
2026-05-29 11:04:28, MOVE, v:1, k:fup@taxi, mode:EDIT
2026-05-29 11:05:27, EXEC, v:1, k:fup@taxi, mode:FULL, rate:61, size:20
2026-05-29 11:06:16, EXEC, v:1, k:fup@taxi, mode:FULL, size:19, fail:COMP
2026-05-29 11:06:25, EXEC, v:1, k:fup@taxi, mode:FULL, rate:42, size:19
2026-05-29 11:06:34, EXEC, v:1, k:fup@taxi, mode:FULL, rate:19, size:19
2026-05-29 11:06:45, MOVE, v:1, k:fup@taxi, mode:PICK
2026-05-29 11:06:46, EXEC, v:1, k:fup@taxi, mode:FULL, size:19, fail:COMP
2026-05-29 11:06:54, EXEC, v:1, k:fup@taxi, mode:FULL, rate:61, size:19
2026-05-29 11:07:57, EXEC, v:1, k:fup@taxi, mode:FULL, rate:71, size:22
2026-05-29 11:11:32, MOVE, v:1, k:fup@taxi, mode:EDIT
2026-05-29 11:07:57, MOVE, v:1, k:fup@taxi, mode:EDIT
2026-05-29 11:12:02, EXEC, v:1, k:fup@taxi, mode:FULL, rate:80, size:24
2026-05-29 11:13:55, EXEC, v:1, k:fup@taxi, mode:FULL, size:25, fail:COMP
2026-05-29 11:14:00, EXEC, v:1, k:fup@taxi, mode:FULL, rate:90, size:25
2026-05-29 11:14:04, MOVE, v:1, k:fup@taxi, mode:EDIT
2026-05-29 11:14:00, MOVE, v:1, k:fup@taxi, mode:EDIT
2026-05-29 11:17:58, MOVE, v:1, k:fup@taxi, mode:EDIT
2026-05-29 11:26:45, MOVE, v:1, k:fup@taxi, mode:EDIT
2026-05-29 11:27:12, EXEC, v:1, k:fup@taxi, mode:FULL, size:17, fail:COMP
2026-05-29 11:27:48, EXEC, v:1, k:fup@taxi, mode:FULL, rate:100, size:17
2026-05-29 11:27:49, MOVE, v:1, k:fup@taxi, mode:BACK
2026-05-29 11:27:53, SELF, v:1, k:fup@taxi, self:1, rate:100
2026-05-29 11:28:00, MOVE, v:1, k:fup@zerinho, mode:DOWN
2026-05-29 11:28:01, MOVE, v:1, k:fup@zerinho, mode:PICK
2026-05-29 11:27:47, MOVE, v:1, k:fup@taxi, mode:EDIT
2026-05-29 11:27:47, MOVE, v:1, k:fup@taxi, mode:EDIT
2026-05-29 11:27:59, MOVE, v:1, k:fup@zerinho, mode:EDIT
2026-05-29 11:27:59, MOVE, v:1, k:fup@zerinho, mode:EDIT
2026-05-29 11:31:46, MOVE, v:1, k:fup@zerinho, mode:EDIT
2026-05-29 11:33:45, EXEC, v:1, k:fup@zerinho, mode:FULL, rate:75, size:14
2026-05-29 11:34:43, EXEC, v:1, k:fup@zerinho, mode:FULL, rate:100, size:16
2026-05-29 11:34:45, MOVE, v:1, k:fup@zerinho, mode:BACK
2026-05-29 11:34:47, SELF, v:1, k:fup@zerinho, self:1, rate:100
2026-05-29 11:34:58, MOVE, v:1, k:fup@par, mode:DOWN
2026-05-29 11:35:07, SELF, v:1, k:fup@zerinho, self:1, rate:100
2026-05-29 11:35:10, MOVE, v:1, k:fup@par, mode:PICK
2026-05-29 11:34:42, MOVE, v:1, k:fup@zerinho, mode:EDIT
2026-05-29 11:34:43, MOVE, v:1, k:fup@zerinho, mode:EDIT
2026-05-29 11:34:58, MOVE, v:1, k:fup@par, mode:EDIT
2026-05-29 11:34:58, MOVE, v:1, k:fup@par, mode:EDIT
2026-05-29 11:36:29, MOVE, v:1, k:fup@par, mode:EDIT
2026-05-29 11:36:49, EXEC, v:1, k:fup@par, mode:FULL, rate:100, size:12
2026-05-29 11:36:50, EXEC, v:1, k:fup@par, mode:FULL, rate:100
2026-05-29 11:37:04, MOVE, v:1, k:fup@par, mode:PICK
2026-05-29 11:37:08, EXEC, v:1, k:fup@par, mode:FULL, rate:100
2026-05-29 11:37:11, MOVE, v:1, k:fup@par, mode:BACK
2026-05-29 11:37:11, MOVE, v:1, k:fup@par, mode:PICK
2026-05-29 11:37:12, EXEC, v:1, k:fup@par, mode:FULL, rate:100
2026-05-29 11:37:13, EXEC, v:1, k:fup@par, mode:FULL, rate:100
2026-05-29 11:37:13, MOVE, v:1, k:fup@par, mode:BACK
2026-05-29 11:37:24, MOVE, v:1, k:fup@par, mode:PICK
2026-05-29 11:37:32, MOVE, v:1, k:fup@par, mode:BACK
2026-05-29 11:38:00, MOVE, v:1, k:fup@divisiveis, mode:DOWN
2026-05-29 11:38:34, MOVE, v:1, k:fup@divisiveis, mode:PICK
2026-05-29 11:39:44, MOVE, v:1, k:fup@par, mode:PICK
2026-05-29 11:39:54, MOVE, v:1, k:fup@par, mode:BACK
2026-05-29 11:41:43, MOVE, v:1, k:fup@divisiveis, mode:PICK
2026-05-29 11:42:50, MOVE, v:1, k:fup@divisiveis, mode:BACK
2026-05-29 11:43:31, MOVE, v:1, k:fup@divisiveis, mode:PICK
2026-05-29 11:45:20, MOVE, v:1, k:fup@divisiveis, mode:EDIT
2026-05-29 11:46:03, EXEC, v:1, k:fup@divisiveis, mode:FULL, rate:100, size:12
2026-05-29 11:46:08, SELF, v:1, k:fup@divisiveis, self:1, rate:100
2026-05-29 11:46:09, MOVE, v:1, k:fup@divisiveis, mode:BACK
2026-05-29 11:46:14, SELF, v:1, k:fup@par, self:1, rate:100
2026-05-29 11:46:21, MOVE, v:1, k:fup@xadrez, mode:DOWN
2026-05-29 11:46:22, MOVE, v:1, k:fup@xadrez, mode:PICK
2026-05-29 11:46:02, MOVE, v:1, k:fup@divisiveis, mode:EDIT
2026-05-29 11:46:03, MOVE, v:1, k:fup@divisiveis, mode:EDIT
2026-05-29 11:46:21, MOVE, v:1, k:fup@xadrez, mode:EDIT
2026-05-29 11:46:21, MOVE, v:1, k:fup@xadrez, mode:EDIT
2026-05-29 11:50:09, MOVE, v:1, k:fup@xadrez, mode:EDIT
2026-05-29 11:55:19, MOVE, v:1, k:fup@xadrez, mode:EDIT
2026-05-29 11:55:41, EXEC, v:1, k:fup@xadrez, mode:FULL, rate:100, size:16
2026-05-29 11:55:46, MOVE, v:1, k:fup@xadrez, mode:BACK
2026-05-29 11:55:51, MOVE, v:1, k:fup@americano, mode:DOWN
2026-05-29 11:55:52, MOVE, v:1, k:fup@americano, mode:PICK
2026-05-29 11:56:04, MOVE, v:1, k:fup@americano, mode:BACK
2026-05-29 11:56:48, SELF, v:1, k:fup@tres, self:1, rate:100, friend:hanna
2026-05-29 11:56:56, SELF, v:1, k:fup@resto, self:1, rate:100
2026-05-29 11:57:05, SELF, v:1, k:fup@media, self:1, rate:100
2026-05-29 11:57:13, SELF, v:1, k:fup@sobrou, self:1, rate:100, friend:David
2026-05-29 11:57:15, MOVE, v:1, k:fup@pintando, mode:PICK
2026-05-29 11:57:21, SELF, v:1, k:fup@pintando, self:1, rate:100
2026-05-29 11:57:21, EXEC, v:1, k:fup@pintando, mode:FULL, rate:100
2026-05-29 11:57:22, MOVE, v:1, k:fup@pintando, mode:BACK
2026-05-29 11:57:41, SELF, v:1, k:fup@operacoes, self:1, rate:100, friend:hanna e David
2026-05-29 11:57:49, SELF, v:1, k:fup@data, self:1, rate:100
2026-05-29 11:57:57, SELF, v:1, k:fup@opala, self:1, rate:100
2026-05-29 11:57:58, MOVE, v:1, k:fup@opala, mode:PICK
2026-05-29 11:57:59, MOVE, v:1, k:fup@opala, mode:BACK
2026-05-29 11:58:40, SELF, v:1, k:fup@maior, self:1
2026-05-29 11:58:55, MOVE, v:1, k:fup@xadrez, mode:PICK
2026-05-29 11:58:55, EXEC, v:1, k:fup@xadrez, mode:FULL, rate:100
2026-05-29 11:58:57, MOVE, v:1, k:fup@xadrez, mode:BACK
2026-05-29 12:03:15, MOVE, v:1, k:fup@americano, mode:EDIT
2026-05-29 12:08:47, MOVE, v:1, k:fup@loops, mode:DOWN
2026-05-29 12:08:52, MOVE, v:1, k:fup@xadrez, mode:PICK
2026-05-29 12:08:46, MOVE, v:1, k:fup@americano, mode:EDIT
2026-05-29 12:08:47, MOVE, v:1, k:fup@loops, mode:EDIT
2026-05-29 12:08:47, MOVE, v:1, k:fup@loops, mode:EDIT
2026-05-29 12:08:47, MOVE, v:1, k:fup@loops, mode:EDIT
2026-05-29 12:09:00, MOVE, v:1, k:fup@xadrez, mode:EDIT
2026-05-29 12:09:01, MOVE, v:1, k:fup@xadrez, mode:EDIT
2026-05-29 12:09:01, EXEC, v:1, k:fup@xadrez, mode:FULL, rate:100
2026-05-29 12:12:13, MOVE, v:1, k:fup@xadrez, mode:BACK
2026-05-29 12:12:22, MOVE, v:1, k:fup@americano, mode:PICK
2026-05-29 12:12:36, SELF, v:1, k:fup@americano, self:1
2026-05-29 12:12:45, EXEC, v:1, k:fup@americano, mode:FULL, rate:75, size:20
2026-05-29 12:13:25, EXEC, v:1, k:fup@americano, mode:FULL, rate:75, size:20
2026-05-29 12:13:26, EXEC, v:1, k:fup@americano, mode:FULL, rate:75
2026-05-29 12:13:27, MOVE, v:1, k:fup@americano, mode:BACK
2026-05-29 12:13:30, MOVE, v:1, k:fup@americano, mode:PICK
2026-05-29 12:13:31, EXEC, v:1, k:fup@americano, mode:FULL, rate:75
2026-05-29 12:12:43, MOVE, v:1, k:fup@americano, mode:EDIT
2026-05-29 12:13:31, MOVE, v:1, k:fup@americano, mode:EDIT
2026-05-29 12:13:10, MOVE, v:1, k:fup@americano, mode:EDIT
2026-05-29 12:14:19, EXEC, v:1, k:fup@americano, mode:FULL, rate:87, size:20
2026-05-29 12:15:06, EXEC, v:1, k:fup@americano, mode:FULL, rate:87, size:22
2026-05-29 12:15:24, EXEC, v:1, k:fup@americano, mode:FULL, size:21, fail:COMP
2026-05-29 12:15:37, EXEC, v:1, k:fup@americano, mode:FULL, rate:100, size:21
2026-05-29 12:15:42, MOVE, v:1, k:fup@americano, mode:BACK
2026-05-29 12:15:46, MOVE, v:1, k:fup@jokenpo15, mode:PICK
2026-05-29 12:15:36, MOVE, v:1, k:fup@americano, mode:EDIT
2026-05-29 12:15:37, MOVE, v:1, k:fup@americano, mode:EDIT
2026-05-29 12:16:43, MOVE, v:1, k:fup@jokenpo15, mode:EDIT
2026-05-29 12:21:44, MOVE, v:1, k:fup@jokenpo15, mode:EDIT
2026-05-29 12:27:13, EXEC, v:1, k:fup@jokenpo15, mode:FULL, rate:33, size:10
2026-05-29 12:28:03, EXEC, v:1, k:fup@jokenpo15, mode:FULL, rate:41, size:13
2026-05-29 12:28:00, MOVE, v:1, k:fup@jokenpo15, mode:EDIT
2026-05-29 12:28:03, MOVE, v:1, k:fup@jokenpo15, mode:EDIT
2026-05-29 12:30:02, EXEC, v:1, k:fup@jokenpo15, mode:FULL, rate:58, size:15
2026-05-29 12:30:10, EXEC, v:1, k:fup@jokenpo15, mode:FULL, rate:75, size:15
2026-05-29 12:30:34, EXEC, v:1, k:fup@jokenpo15, mode:FULL, rate:75, size:18
2026-05-29 12:30:41, EXEC, v:1, k:fup@jokenpo15, mode:FULL, rate:83, size:18
2026-05-29 12:31:11, EXEC, v:1, k:fup@jokenpo15, mode:FULL, rate:83, size:17
2026-05-29 12:31:20, EXEC, v:1, k:fup@jokenpo15, mode:FULL, rate:66, size:17
2026-05-29 12:31:54, MOVE, v:1, k:fup@jokenpo15, mode:PICK
2026-05-29 12:32:04, EXEC, v:1, k:fup@jokenpo15, mode:FULL, size:17, fail:COMP
2026-05-29 12:32:06, EXEC, v:1, k:fup@jokenpo15, mode:FULL, fail:COMP
2026-05-29 12:32:15, EXEC, v:1, k:fup@jokenpo15, mode:FULL, fail:COMP
2026-05-29 12:32:15, EXEC, v:1, k:fup@jokenpo15, mode:FULL, fail:COMP
2026-05-29 12:32:16, EXEC, v:1, k:fup@jokenpo15, mode:FULL, fail:COMP
2026-05-29 12:32:16, EXEC, v:1, k:fup@jokenpo15, mode:FULL, fail:COMP
2026-05-29 12:32:17, MOVE, v:1, k:fup@jokenpo15, mode:BACK
2026-05-29 12:32:19, MOVE, v:1, k:fup@jokenpo15, mode:PICK
2026-05-29 12:32:20, EXEC, v:1, k:fup@jokenpo15, mode:FULL, fail:COMP
2026-05-29 12:32:40, MOVE, v:1, k:fup@jokenpo15, mode:PICK
2026-05-29 12:32:42, EXEC, v:1, k:fup@jokenpo15, mode:FULL, rate:66, size:17
2026-05-29 12:33:28, EXEC, v:1, k:fup@jokenpo15, mode:FULL, rate:50, size:17
2026-05-29 12:33:50, MOVE, v:1, k:fup@loops, mode:PICK
2026-05-29 12:33:52, EXEC, v:1, k:fup@loops, mode:FULL, rate:0, size:5
2026-05-29 12:33:55, MOVE, v:1, k:fup@loops, mode:BACK
2026-05-29 12:33:58, MOVE, v:1, k:fup@jokenpo15, mode:PICK
2026-05-29 12:33:59, EXEC, v:1, k:fup@jokenpo15, mode:FULL, rate:50, size:17
2026-05-29 12:34:11, EXEC, v:1, k:fup@jokenpo15, mode:FULL, rate:83, size:17
2026-05-29 12:34:56, EXEC, v:1, k:fup@jokenpo15, mode:FULL, rate:50, size:17
2026-05-29 12:35:52, EXEC, v:1, k:fup@jokenpo15, mode:FULL, rate:75, size:21
2026-05-29 12:36:30, EXEC, v:1, k:fup@jokenpo15, mode:FULL, rate:50, size:21
2026-05-29 12:38:20, MOVE, v:1, k:fup@jokenpo15, mode:EDIT
2026-05-29 12:33:52, MOVE, v:1, k:fup@loops, mode:EDIT
2026-05-29 12:36:30, MOVE, v:1, k:fup@jokenpo15, mode:EDIT
2026-05-29 12:39:45, MOVE, v:1, k:fup@jokenpo15, mode:EDIT
2026-05-29 12:39:19, MOVE, v:1, k:fup@jokenpo15, mode:EDIT
2026-05-29 12:58:37, MOVE, v:1, k:fup@jokenpo15, mode:EDIT
2026-05-29 13:00:10, EXEC, v:1, k:fup@jokenpo15, mode:FULL, size:16, fail:COMP
2026-05-29 13:00:20, EXEC, v:1, k:fup@jokenpo15, mode:FULL, rate:91, size:16
2026-05-29 13:00:57, EXEC, v:1, k:fup@jokenpo15, mode:FULL, rate:91, size:16
2026-05-29 13:01:42, EXEC, v:1, k:fup@jokenpo15, mode:FULL, rate:58, size:16
2026-05-29 13:01:48, EXEC, v:1, k:fup@jokenpo15, mode:FULL, rate:100, size:16
2026-05-29 13:01:53, MOVE, v:1, k:fup@jokenpo15, mode:BACK
2026-05-29 13:01:56, MOVE, v:1, k:fup@loops, mode:PICK
2026-05-29 13:02:01, MOVE, v:1, k:fup@loops, mode:BACK
2026-05-29 13:02:06, MOVE, v:1, k:fup@loops, mode:PICK
2026-05-29 13:01:46, MOVE, v:1, k:fup@jokenpo15, mode:EDIT
2026-05-29 13:01:48, MOVE, v:1, k:fup@jokenpo15, mode:EDIT
2026-05-29 13:03:40, MOVE, v:1, k:fup@loops, mode:BACK
2026-05-29 13:03:51, MOVE, v:1, k:fup@quiz, mode:DOWN
2026-05-29 13:03:52, MOVE, v:1, k:fup@quiz, mode:PICK
2026-05-29 13:03:51, MOVE, v:1, k:fup@quiz, mode:EDIT
2026-05-29 13:03:51, MOVE, v:1, k:fup@quiz, mode:EDIT
2026-05-29 13:08:15, MOVE, v:1, k:fup@quiz, mode:EDIT
2026-05-29 13:12:46, EXEC, v:1, k:fup@quiz, mode:FULL, rate:100, size:36
2026-05-29 13:12:51, MOVE, v:1, k:fup@quiz, mode:BACK
2026-05-29 13:12:44, MOVE, v:1, k:fup@quiz, mode:EDIT
2026-05-29 13:12:45, MOVE, v:1, k:fup@quiz, mode:EDIT
2026-05-29 13:14:08, MOVE, v:1, k:fup@omeletao, mode:DOWN
2026-05-29 13:14:10, MOVE, v:1, k:fup@omeletao, mode:DOWN
2026-05-29 13:14:11, MOVE, v:1, k:fup@omeletao, mode:PICK
2026-05-29 13:16:33, EXEC, v:1, k:fup@omeletao, mode:FULL, size:12, fail:COMP
2026-05-29 13:16:38, EXEC, v:1, k:fup@omeletao, mode:FULL, rate:16, size:13
2026-05-29 13:18:04, EXEC, v:1, k:fup@omeletao, mode:FULL, rate:50, size:17
2026-05-29 13:14:08, MOVE, v:1, k:fup@omeletao, mode:EDIT
2026-05-29 13:14:08, MOVE, v:1, k:fup@omeletao, mode:EDIT
2026-05-29 13:18:02, MOVE, v:1, k:fup@omeletao, mode:EDIT
2026-05-29 13:14:10, MOVE, v:1, k:fup@omeletao, mode:EDIT
2026-05-29 13:18:04, MOVE, v:1, k:fup@omeletao, mode:EDIT
2026-05-29 13:19:10, EXEC, v:1, k:fup@omeletao, mode:FULL, rate:66, size:17
2026-05-29 13:19:58, EXEC, v:1, k:fup@omeletao, mode:FULL, size:19, fail:COMP
2026-05-29 13:20:05, EXEC, v:1, k:fup@omeletao, mode:FULL, rate:83, size:19
2026-05-29 13:20:36, EXEC, v:1, k:fup@omeletao, mode:FULL, size:21, fail:COMP
2026-05-29 13:21:22, EXEC, v:1, k:fup@omeletao, mode:FULL, rate:83, size:21
2026-05-29 13:21:38, EXEC, v:1, k:fup@omeletao, mode:FULL, rate:100
2026-05-29 13:22:50, MOVE, v:1, k:fup@omeletao, mode:BACK
2026-05-29 13:23:00, MOVE, v:1, k:fup@bundona, mode:DOWN
2026-05-29 13:23:03, MOVE, v:1, k:fup@bundona, mode:PICK
2026-05-29 13:21:22, MOVE, v:1, k:fup@omeletao, mode:EDIT
2026-05-29 13:21:38, MOVE, v:1, k:fup@omeletao, mode:EDIT
2026-05-29 13:23:00, MOVE, v:1, k:fup@bundona, mode:EDIT
2026-05-29 13:23:00, MOVE, v:1, k:fup@bundona, mode:EDIT
2026-05-29 13:26:31, MOVE, v:1, k:fup@bundona, mode:BACK
2026-05-29 13:28:07, SELF, v:1, k:fup@quantos, self:1, rate:100, friend:hanna
2026-05-29 13:28:24, SELF, v:1, k:fup@segundos, self:1, rate:100, friend:Hanna
2026-05-29 13:28:36, SELF, v:1, k:fup@bala, self:1, rate:100
2026-05-29 13:28:37, MOVE, v:1, k:fup@tv, mode:PICK
2026-05-29 13:28:38, EXEC, v:1, k:fup@tv, mode:FULL, size:11, fail:COMP
2026-05-29 13:28:39, MOVE, v:1, k:fup@tv, mode:BACK
2026-05-29 13:29:14, SELF, v:1, k:fup@loop_ii, self:1, rate:100, concept:1
2026-05-29 13:29:20, SELF, v:1, k:fup@sapatos, self:1, rate:100, concept:1, refactor:1
2026-05-29 13:29:34, SELF, v:1, k:fup@colorido, self:1, rate:100, friend:Hanna
2026-05-29 13:32:07, MOVE, v:1, k:fup@bundona, mode:EDIT
2026-05-29 13:38:39, MOVE, v:1, k:fup@bundona, mode:EDIT
2026-05-29 13:43:31, MOVE, v:1, k:fup@bundona, mode:EDIT
2026-05-29 13:43:48, MOVE, v:1, k:fup@bundona, mode:PICK
2026-05-29 13:46:43, MOVE, v:1, k:fup@bundona, mode:BACK
