2026-04-07 00:07:36, MOVE, v:1, k:fup@round, mode:PICK
2026-04-07 00:17:11, MOVE, v:1, k:fup@round, mode:BACK
2026-04-07 00:17:25, MOVE, v:1, k:fup@jokenpo, mode:PICK
2026-04-07 00:31:42, EXEC, v:1, k:fup@jokenpo, mode:FULL, size:25, fail:COMP
2026-04-07 00:31:53, EXEC, v:1, k:fup@jokenpo, mode:FULL, size:25, fail:COMP
2026-04-07 00:32:42, EXEC, v:1, k:fup@jokenpo, mode:FULL, size:26, fail:COMP
2026-04-07 00:35:01, MOVE, v:1, k:fup@jokenpo, mode:BACK
2026-04-07 12:15:33, MOVE, v:1, k:fup@jokenpo, mode:PICK
2026-04-07 12:15:46, EXEC, v:1, k:fup@jokenpo, mode:FULL, fail:COMP
2026-04-07 12:16:13, EXEC, v:1, k:fup@jokenpo, mode:FULL, fail:COMP
2026-04-07 12:17:17, EXEC, v:1, k:fup@jokenpo, mode:FULL, size:26, fail:COMP
2026-04-07 12:25:01, EXEC, v:1, k:fup@jokenpo, mode:FULL, rate:0, size:26
2026-04-07 12:26:24, EXEC, v:1, k:fup@jokenpo, mode:FULL, size:26, fail:COMP
2026-04-07 12:26:41, MOVE, v:1, k:fup@jokenpo, mode:PICK
2026-04-07 12:26:50, EXEC, v:1, k:fup@jokenpo, mode:FULL, rate:0, size:26
2026-04-07 12:27:09, EXEC, v:1, k:fup@jokenpo, mode:FULL, rate:0, size:26
2026-04-07 12:27:20, EXEC, v:1, k:fup@jokenpo, mode:FULL, rate:0, size:26
2026-04-07 12:27:55, MOVE, v:1, k:fup@jokenpo, mode:PICK
2026-04-07 12:27:57, EXEC, v:1, k:fup@jokenpo, mode:FULL, rate:0, size:26
2026-04-07 12:28:02, EXEC, v:1, k:fup@jokenpo, mode:FULL, rate:0
2026-04-07 12:28:47, EXEC, v:1, k:fup@jokenpo, mode:FULL, rate:0, size:25
2026-04-07 12:30:31, EXEC, v:1, k:fup@jokenpo, mode:FULL, rate:0
2026-04-07 12:35:18, EXEC, v:1, k:fup@jokenpo, mode:FULL, rate:87, size:25
2026-04-07 12:35:57, EXEC, v:1, k:fup@jokenpo, mode:FULL, rate:100, size:25
2026-04-07 12:37:08, SELF, v:1, k:fup@jokenpo, self:1, rate:100, refactor:1
2026-04-07 12:38:16, MOVE, v:1, k:fup@jokenpo, mode:BACK
2026-04-07 12:38:41, MOVE, v:1, k:fup@impar, mode:PICK
2026-04-07 12:38:42, MOVE, v:1, k:fup@impar, mode:BACK
2026-04-07 12:38:44, MOVE, v:1, k:fup@round, mode:PICK
2026-04-07 12:39:16, MOVE, v:1, k:fup@round, mode:BACK
2026-04-07 12:40:51, MOVE, v:1, k:fup@round, mode:PICK
2026-04-07 12:47:20, EXEC, v:1, k:fup@round, mode:FULL, size:9, fail:COMP
2026-04-07 12:52:28, MOVE, v:1, k:fup@round, mode:BACK
2026-04-07 12:52:48, MOVE, v:1, k:fup@final, mode:DOWN
2026-04-07 12:53:18, MOVE, v:1, k:fup@final, mode:PICK
2026-04-07 13:08:07, EXEC, v:1, k:fup@final, mode:FULL, size:20, fail:COMP
2026-04-07 13:08:25, EXEC, v:1, k:fup@final, mode:FULL, size:20, fail:COMP
2026-04-07 13:09:36, EXEC, v:1, k:fup@final, mode:FULL, size:20, fail:COMP
2026-04-07 13:10:50, EXEC, v:1, k:fup@final, mode:FULL, size:17, fail:COMP
2026-04-07 13:11:09, EXEC, v:1, k:fup@final, mode:FULL, rate:40, size:17
2026-04-07 13:12:37, EXEC, v:1, k:fup@final, mode:FULL, rate:40, size:17
2026-04-07 13:13:42, EXEC, v:1, k:fup@final, mode:FULL, rate:40, size:11
2026-04-07 13:21:24, EXEC, v:1, k:fup@final, mode:FULL, rate:40, size:16
2026-04-07 13:21:42, EXEC, v:1, k:fup@final, mode:FULL, size:16, fail:COMP
2026-04-07 13:24:09, EXEC, v:1, k:fup@final, mode:FULL, size:16, fail:COMP
2026-04-07 13:24:30, EXEC, v:1, k:fup@final, mode:FULL, size:16, fail:COMP
2026-04-07 13:25:55, EXEC, v:1, k:fup@final, mode:FULL, rate:60, size:16
2026-04-07 13:26:49, EXEC, v:1, k:fup@final, mode:FULL, rate:60, size:16
2026-04-07 13:27:26, EXEC, v:1, k:fup@final, mode:FULL, rate:60, size:16
2026-04-07 13:27:56, EXEC, v:1, k:fup@final, mode:FULL, rate:60, size:16
2026-04-07 13:28:37, EXEC, v:1, k:fup@final, mode:FULL, rate:60, size:16
2026-04-07 13:31:27, EXEC, v:1, k:fup@final, mode:FULL, rate:100, size:16
2026-04-07 13:38:42, SELF, v:1, k:fup@final, self:1, rate:100, problem:1
2026-04-07 13:38:44, MOVE, v:1, k:fup@final, mode:BACK
2026-04-07 13:38:58, MOVE, v:1, k:fup@semana, mode:DOWN
2026-04-07 13:41:35, MOVE, v:1, k:fup@semana, mode:PICK
2026-04-07 13:46:19, EXEC, v:1, k:fup@semana, mode:FULL, size:12, fail:COMP
2026-04-07 13:46:24, MOVE, v:1, k:fup@semana, mode:BACK
2026-04-07 13:46:25, MOVE, v:1, k:fup@semana, mode:PICK
2026-04-07 13:47:04, EXEC, v:1, k:fup@semana, mode:FULL, size:12, fail:COMP
2026-04-07 13:47:46, EXEC, v:1, k:fup@semana, mode:FULL, size:11, fail:COMP
2026-04-07 13:47:47, EXEC, v:1, k:fup@semana, mode:FULL, fail:COMP
2026-04-07 13:48:03, EXEC, v:1, k:fup@semana, mode:FULL, size:11, fail:COMP
2026-04-07 13:48:42, EXEC, v:1, k:fup@semana, mode:FULL, size:11, fail:COMP
2026-04-07 13:49:03, EXEC, v:1, k:fup@semana, mode:FULL, rate:42, size:12
2026-04-07 13:49:51, EXEC, v:1, k:fup@semana, mode:FULL, rate:42, size:12
2026-04-07 13:54:51, EXEC, v:1, k:fup@semana, mode:FULL, size:15, fail:COMP
2026-04-07 13:55:06, EXEC, v:1, k:fup@semana, mode:FULL, size:15, fail:COMP
2026-04-07 13:57:45, EXEC, v:1, k:fup@semana, mode:FULL, size:19, fail:COMP
2026-04-07 14:05:22, MOVE, v:1, k:fup@semana, mode:BACK
