2026-04-14 16:49:25, MOVE, v:1, k:sandbox@user_001, mode:PICK
2026-04-14 16:53:38, EXEC, v:1, k:sandbox@user_001, mode:FULL, size:6, fail:COMP
2026-04-14 16:54:05, MOVE, v:1, k:sandbox@user_001, mode:EDIT
2026-04-14 16:57:21, EXEC, v:1, k:sandbox@user_001, mode:FULL, size:9, fail:COMP
2026-04-14 16:57:49, EXEC, v:1, k:sandbox@user_001, mode:FULL, fail:COMP
2026-04-14 16:59:01, EXEC, v:1, k:sandbox@user_001, mode:LOCK, rate:0, size:8
2026-04-14 16:59:05, EXEC, v:1, k:sandbox@user_001, mode:LOCK, rate:0
2026-04-14 16:58:59, MOVE, v:1, k:sandbox@user_001, mode:EDIT
2026-04-14 16:59:05, MOVE, v:1, k:sandbox@user_001, mode:EDIT
2026-04-14 17:00:24, MOVE, v:1, k:sandbox@user_001, mode:BACK
2026-04-14 17:00:26, MOVE, v:1, k:sandbox@user_001, mode:PICK
2026-04-14 17:00:28, EXEC, v:1, k:sandbox@user_001, mode:LOCK, rate:0, size:10
2026-04-14 17:00:55, EXEC, v:1, k:sandbox@user_001, mode:LOCK, rate:0, size:10
2026-04-14 17:01:18, EXEC, v:1, k:sandbox@user_001, mode:FREE, size:10
2026-04-14 17:03:47, MOVE, v:1, k:sandbox@user_001, mode:EDIT
2026-04-14 17:01:24, MOVE, v:1, k:sandbox@user_001, mode:EDIT
2026-04-14 17:08:50, EXEC, v:1, k:sandbox@user_001, mode:FREE, size:14
2026-04-14 17:09:02, MOVE, v:1, k:sandbox@user_001, mode:BACK
2026-04-14 17:09:04, MOVE, v:1, k:sandbox@user_001, mode:PICK
2026-04-14 17:09:05, EXEC, v:1, k:sandbox@user_001, mode:LOCK, rate:0
2026-04-14 17:08:02, MOVE, v:1, k:sandbox@user_001, mode:EDIT
2026-04-14 17:09:05, MOVE, v:1, k:sandbox@user_001, mode:EDIT
2026-04-14 17:09:21, EXEC, v:1, k:sandbox@user_001, mode:LOCK, rate:0, size:14
2026-04-14 17:10:31, EXEC, v:1, k:sandbox@user_001, mode:LOCK, rate:0, size:15
2026-04-14 17:10:32, EXEC, v:1, k:sandbox@user_001, mode:LOCK, rate:0
2026-04-14 17:12:45, EXEC, v:1, k:sandbox@user_001, mode:LOCK, rate:0, size:15
2026-04-14 17:14:07, MOVE, v:1, k:sandbox@user_001, mode:EDIT
2026-04-14 17:12:45, MOVE, v:1, k:sandbox@user_001, mode:EDIT
2026-04-14 17:15:43, EXEC, v:1, k:sandbox@user_001, mode:LOCK, rate:0, size:23
2026-04-14 17:16:02, EXEC, v:1, k:sandbox@user_001, mode:LOCK, rate:0, size:23
2026-04-14 17:16:00, MOVE, v:1, k:sandbox@user_001, mode:EDIT
2026-04-14 17:16:02, MOVE, v:1, k:sandbox@user_001, mode:EDIT
2026-04-14 17:20:27, EXEC, v:1, k:sandbox@user_001, mode:LOCK, rate:0, size:30
2026-04-14 17:23:51, EXEC, v:1, k:sandbox@user_001, mode:LOCK, rate:0, size:33
2026-04-14 17:24:08, MOVE, v:1, k:sandbox@user_001, mode:EDIT
2026-04-14 17:23:51, MOVE, v:1, k:sandbox@user_001, mode:EDIT
2026-04-14 17:29:02, MOVE, v:1, k:sandbox@user_001, mode:EDIT
2026-04-14 17:30:19, MOVE, v:1, k:sandbox@user_001, mode:BACK
2026-04-14 17:32:10, MOVE, v:1, k:fup@vet_i, mode:DOWN
2026-04-14 17:32:14, MOVE, v:1, k:fup@vet_i, mode:PICK
2026-04-14 17:35:05, EXEC, v:1, k:fup@vet_i, mode:FULL, rate:0, size:11
2026-04-14 17:35:56, EXEC, v:1, k:fup@vet_i, mode:FULL, rate:0, size:11
2026-04-14 17:32:10, MOVE, v:1, k:fup@vet_i, mode:EDIT
2026-04-14 17:32:10, MOVE, v:1, k:fup@vet_i, mode:EDIT
2026-04-14 17:36:35, MOVE, v:1, k:fup@vet_i, mode:EDIT
2026-04-14 17:35:56, MOVE, v:1, k:fup@vet_i, mode:EDIT
2026-04-14 17:39:34, EXEC, v:1, k:fup@vet_i, mode:FULL, rate:0, size:12
2026-04-14 17:41:44, MOVE, v:1, k:fup@vet_i, mode:EDIT
2026-04-14 17:39:34, MOVE, v:1, k:fup@vet_i, mode:EDIT
2026-04-14 17:45:52, EXEC, v:1, k:fup@vet_i, mode:FULL, size:13, fail:COMP
2026-04-14 17:45:53, EXEC, v:1, k:fup@vet_i, mode:FULL, fail:COMP
2026-04-14 17:46:38, EXEC, v:1, k:fup@vet_i, mode:FULL, size:13, fail:COMP
2026-04-14 17:46:39, EXEC, v:1, k:fup@vet_i, mode:FULL, fail:COMP
2026-04-14 17:46:37, MOVE, v:1, k:fup@vet_i, mode:EDIT
2026-04-14 17:48:54, MOVE, v:1, k:fup@vet_i, mode:BACK
2026-04-14 17:51:48, MOVE, v:1, k:fup@vet_i, mode:EDIT
2026-04-14 17:51:56, MOVE, v:1, k:fup@vet_i, mode:PICK
2026-04-14 17:51:57, EXEC, v:1, k:fup@vet_i, mode:FULL, size:13, fail:COMP
2026-04-14 17:53:02, EXEC, v:1, k:fup@vet_i, mode:FULL, fail:COMP
2026-04-14 17:53:10, EXEC, v:1, k:fup@vet_i, mode:FULL, size:13, fail:COMP
2026-04-14 17:53:16, EXEC, v:1, k:fup@vet_i, mode:FULL, fail:COMP
2026-04-14 17:53:44, EXEC, v:1, k:fup@vet_i, mode:FULL, size:13, fail:COMP
2026-04-14 17:55:02, MOVE, v:1, k:fup@vet_i, mode:PICK
2026-04-14 17:55:03, EXEC, v:1, k:fup@vet_i, mode:FULL, rate:0, size:12
2026-04-14 17:55:27, EXEC, v:1, k:fup@vet_i, mode:FULL, rate:0, size:12
2026-04-14 17:55:37, EXEC, v:1, k:fup@vet_i, mode:FULL, size:12, fail:COMP
2026-04-14 17:55:41, EXEC, v:1, k:fup@vet_i, mode:FULL, fail:COMP
2026-04-14 17:56:43, EXEC, v:1, k:fup@vet_i, mode:FULL, size:12, fail:COMP
2026-04-14 17:56:56, EXEC, v:1, k:fup@vet_i, mode:FULL, rate:0, size:12
2026-04-14 17:56:56, MOVE, v:1, k:fup@vet_i, mode:EDIT
2026-04-14 17:59:57, MOVE, v:1, k:fup@vet_i, mode:EDIT
2026-04-14 18:04:13, EXEC, v:1, k:fup@vet_i, mode:FULL, size:19, fail:COMP
2026-04-14 18:04:11, MOVE, v:1, k:fup@vet_i, mode:EDIT
2026-04-14 18:06:14, EXEC, v:1, k:fup@vet_i, mode:FULL, size:13, fail:COMP
2026-04-14 18:06:52, MOVE, v:1, k:fup@vet_i, mode:BACK
2026-04-14 18:08:19, MOVE, v:1, k:fup@vet_i, mode:PICK
2026-04-14 18:08:22, EXEC, v:1, k:fup@vet_i, mode:FULL, size:7, fail:COMP
2026-04-14 18:08:24, EXEC, v:1, k:fup@vet_i, mode:FULL, fail:COMP
2026-04-14 18:09:54, MOVE, v:1, k:fup@vet_i, mode:PICK
2026-04-14 18:09:59, EXEC, v:1, k:fup@vet_i, mode:FULL, rate:0, size:10
2026-04-14 18:10:00, EXEC, v:1, k:fup@vet_i, mode:FULL, rate:0
2026-04-14 18:10:02, EXEC, v:1, k:fup@vet_i, mode:FULL, rate:0
2026-04-14 18:10:03, EXEC, v:1, k:fup@vet_i, mode:FULL, rate:0
2026-04-14 18:10:04, EXEC, v:1, k:fup@vet_i, mode:FULL, rate:0
2026-04-14 18:12:57, MOVE, v:1, k:fup@vet_i, mode:BACK
