2026-03-31 12:29:15, MOVE, v:1, k:fup@data, mode:PICK
2026-03-31 12:29:36, EXEC, v:1, k:fup@data, mode:FULL, rate:0
2026-03-31 12:30:09, EXEC, v:1, k:fup@data, mode:FULL, rate:0, size:8
2026-03-31 12:32:17, EXEC, v:1, k:fup@data, mode:FULL, rate:0, size:9
2026-03-31 12:32:39, EXEC, v:1, k:fup@data, mode:FULL, rate:0, size:9
2026-03-31 12:32:49, EXEC, v:1, k:fup@data, mode:FULL, size:9, fail:COMP
2026-03-31 12:33:04, MOVE, v:1, k:fup@data, mode:PICK
2026-03-31 12:33:06, EXEC, v:1, k:fup@data, mode:FULL, rate:0, size:9
2026-03-31 12:33:30, EXEC, v:1, k:fup@data, mode:FULL, rate:0, size:9
2026-03-31 12:33:42, EXEC, v:1, k:fup@data, mode:FULL, rate:0, size:9
2026-03-31 12:35:05, EXEC, v:1, k:fup@data, mode:FULL, rate:0, size:9
2026-03-31 12:35:18, EXEC, v:1, k:fup@data, mode:FULL, rate:0, size:9
2026-03-31 12:35:30, EXEC, v:1, k:fup@data, mode:FULL, rate:0, size:9
2026-03-31 12:40:26, EXEC, v:1, k:fup@data, mode:FULL, rate:0, size:9
2026-03-31 12:41:55, MOVE, v:1, k:fup@data, mode:PICK
2026-03-31 12:41:58, EXEC, v:1, k:fup@data, mode:FULL, rate:0, size:9
2026-03-31 12:42:57, EXEC, v:1, k:fup@data, mode:FULL, rate:0, size:9
2026-03-31 12:43:10, EXEC, v:1, k:fup@data, mode:FULL, rate:0, size:9
2026-03-31 12:44:19, EXEC, v:1, k:fup@data, mode:FULL, rate:0, size:9
2026-03-31 12:45:09, MOVE, v:1, k:fup@data, mode:PICK
2026-03-31 12:45:11, EXEC, v:1, k:fup@data, mode:FULL, rate:0, size:9
2026-03-31 12:45:36, EXEC, v:1, k:fup@data, mode:FULL, rate:0, size:9
2026-03-31 12:46:08, EXEC, v:1, k:fup@data, mode:FULL, rate:0, size:9
2026-03-31 12:46:15, EXEC, v:1, k:fup@data, mode:FULL, rate:0, size:9
2026-03-31 12:50:14, EXEC, v:1, k:fup@data, mode:FULL, rate:100, size:9
2026-03-31 12:50:21, EXEC, v:1, k:fup@data, mode:FULL, rate:100
2026-03-31 12:50:22, EXEC, v:1, k:fup@data, mode:FULL, rate:100
2026-03-31 12:50:22, EXEC, v:1, k:fup@data, mode:FULL, rate:100
2026-03-31 12:50:22, EXEC, v:1, k:fup@data, mode:FULL, rate:100
2026-03-31 12:50:23, EXEC, v:1, k:fup@data, mode:FULL, rate:100
2026-03-31 12:50:23, EXEC, v:1, k:fup@data, mode:FULL, rate:100
2026-03-31 12:50:24, EXEC, v:1, k:fup@data, mode:FULL, rate:100
2026-03-31 12:50:24, EXEC, v:1, k:fup@data, mode:FULL, rate:100
2026-03-31 12:50:24, EXEC, v:1, k:fup@data, mode:FULL, rate:100
2026-03-31 12:50:24, EXEC, v:1, k:fup@data, mode:FULL, rate:100
2026-03-31 12:50:25, EXEC, v:1, k:fup@data, mode:FULL, rate:100
2026-03-31 12:50:25, EXEC, v:1, k:fup@data, mode:FULL, rate:100
2026-03-31 12:50:25, EXEC, v:1, k:fup@data, mode:FULL, rate:100
2026-03-31 12:50:26, EXEC, v:1, k:fup@data, mode:FULL, rate:100
2026-03-31 12:50:26, EXEC, v:1, k:fup@data, mode:FULL, rate:100
2026-03-31 12:50:26, EXEC, v:1, k:fup@data, mode:FULL, rate:100
2026-03-31 12:50:27, EXEC, v:1, k:fup@data, mode:FULL, rate:100
2026-03-31 12:50:27, EXEC, v:1, k:fup@data, mode:FULL, rate:100
2026-03-31 12:50:27, EXEC, v:1, k:fup@data, mode:FULL, rate:100
2026-03-31 12:50:28, EXEC, v:1, k:fup@data, mode:FULL, rate:100
2026-03-31 12:50:28, EXEC, v:1, k:fup@data, mode:FULL, rate:100
2026-03-31 12:50:28, EXEC, v:1, k:fup@data, mode:FULL, rate:100
2026-03-31 12:50:29, EXEC, v:1, k:fup@data, mode:FULL, rate:100
2026-03-31 12:50:29, EXEC, v:1, k:fup@data, mode:FULL, rate:100
2026-03-31 12:50:29, EXEC, v:1, k:fup@data, mode:FULL, rate:100
2026-03-31 12:50:29, EXEC, v:1, k:fup@data, mode:FULL, rate:100
2026-03-31 12:50:30, EXEC, v:1, k:fup@data, mode:FULL, rate:100
2026-03-31 12:50:30, EXEC, v:1, k:fup@data, mode:FULL, rate:100
2026-03-31 12:50:31, EXEC, v:1, k:fup@data, mode:FULL, rate:100
2026-03-31 12:50:31, EXEC, v:1, k:fup@data, mode:FULL, rate:100
2026-03-31 12:50:31, EXEC, v:1, k:fup@data, mode:FULL, rate:100
2026-03-31 12:50:31, EXEC, v:1, k:fup@data, mode:FULL, rate:100
2026-03-31 12:50:32, EXEC, v:1, k:fup@data, mode:FULL, rate:100
2026-03-31 12:50:32, EXEC, v:1, k:fup@data, mode:FULL, rate:100
2026-03-31 12:50:32, EXEC, v:1, k:fup@data, mode:FULL, rate:100
2026-03-31 12:50:33, EXEC, v:1, k:fup@data, mode:FULL, rate:100
2026-03-31 12:50:33, EXEC, v:1, k:fup@data, mode:FULL, rate:100
2026-03-31 12:50:33, EXEC, v:1, k:fup@data, mode:FULL, rate:100
2026-03-31 12:50:34, EXEC, v:1, k:fup@data, mode:FULL, rate:100
2026-03-31 12:50:34, EXEC, v:1, k:fup@data, mode:FULL, rate:100
2026-03-31 12:50:34, EXEC, v:1, k:fup@data, mode:FULL, rate:100
2026-03-31 12:50:34, EXEC, v:1, k:fup@data, mode:FULL, rate:100
2026-03-31 12:50:35, EXEC, v:1, k:fup@data, mode:FULL, rate:100
2026-03-31 12:50:35, EXEC, v:1, k:fup@data, mode:FULL, rate:100
2026-03-31 12:50:35, EXEC, v:1, k:fup@data, mode:FULL, rate:100
2026-03-31 12:50:36, EXEC, v:1, k:fup@data, mode:FULL, rate:100
2026-03-31 12:50:36, EXEC, v:1, k:fup@data, mode:FULL, rate:100
2026-03-31 12:50:36, EXEC, v:1, k:fup@data, mode:FULL, rate:100
2026-03-31 12:50:37, EXEC, v:1, k:fup@data, mode:FULL, rate:100
2026-03-31 12:50:37, EXEC, v:1, k:fup@data, mode:FULL, rate:100
2026-03-31 12:50:37, EXEC, v:1, k:fup@data, mode:FULL, rate:100
2026-03-31 12:55:55, SELF, v:1, k:fup@data, self:1, rate:100, concept:1, problem:1, debug:1
2026-03-31 12:55:58, MOVE, v:1, k:fup@data, mode:BACK
2026-03-31 12:58:04, MOVE, v:1, k:fup@abs, mode:DOWN
2026-03-31 13:33:24, MOVE, v:1, k:fup@abs, mode:PICK
2026-03-31 13:33:26, EXEC, v:1, k:fup@abs, mode:FULL, size:8, fail:COMP
2026-03-31 13:34:02, EXEC, v:1, k:fup@abs, mode:FULL, rate:50, size:7
2026-03-31 13:43:13, EXEC, v:1, k:fup@abs, mode:FULL, rate:0, size:8
2026-03-31 13:43:46, EXEC, v:1, k:fup@abs, mode:FULL, rate:0, size:8
2026-03-31 13:44:05, EXEC, v:1, k:fup@abs, mode:FULL, rate:0, size:8
2026-03-31 13:48:37, EXEC, v:1, k:fup@abs, mode:FULL, rate:0, size:10
2026-03-31 13:48:47, EXEC, v:1, k:fup@abs, mode:FULL, rate:0, size:10
2026-03-31 13:48:53, EXEC, v:1, k:fup@abs, mode:FULL, rate:0, size:10
2026-03-31 13:50:07, EXEC, v:1, k:fup@abs, mode:FULL, rate:100, size:11
2026-03-31 13:51:05, SELF, v:1, k:fup@abs, self:1, rate:100, concept:1, code:1
2026-03-31 13:51:07, MOVE, v:1, k:fup@abs, mode:BACK
2026-03-31 13:51:15, MOVE, v:1, k:fup@max, mode:DOWN
2026-03-31 13:51:17, MOVE, v:1, k:fup@max, mode:PICK
2026-03-31 13:51:32, MOVE, v:1, k:fup@max, mode:BACK
